Change Component Designator: OldDesignator=J? NewDesignator=J1
Added Component: Designator=J4(PHOENIX_1725711)
Add component (AddParameter): Name = "Availability"; Value = "Unavailable"; VariantName = "[No Variations]"
Add component (AddParameter): Name = "MF"; Value = "Phoenix Contact"; VariantName = "[No Variations]"
Add component (AddParameter): Name = "MP"; Value = "1725711"; VariantName = "[No Variations]"
Add component (AddParameter): Name = "Package"; Value = "None"; VariantName = "[No Variations]"
Add component (AddParameter): Name = "Price"; Value = "None"; VariantName = "[No Variations]"
Add component (AddParameter): Name = "Value"; Value = ""; VariantName = "[No Variations]"
Added Component: Designator=J6(PHOENIX_1725711)
Add component (AddParameter): Name = "Availability"; Value = "Unavailable"; VariantName = "[No Variations]"
Add component (AddParameter): Name = "MF"; Value = "Phoenix Contact"; VariantName = "[No Variations]"
Add component (AddParameter): Name = "MP"; Value = "1725711"; VariantName = "[No Variations]"
Add component (AddParameter): Name = "Package"; Value = "None"; VariantName = "[No Variations]"
Add component (AddParameter): Name = "Price"; Value = "None"; VariantName = "[No Variations]"
Add component (AddParameter): Name = "Value"; Value = ""; VariantName = "[No Variations]"
Added Pin To Net: NetName=VSS Pin=J5-29
Added Pin To Net: NetName=Stepper1_A_IN1 Pin=J4-1
Added Pin To Net: NetName=Stepper1_A_IN1 Pin=J5-2
Added Net: Name=Stepper1_A_IN1
Added Pin To Net: NetName=Stepper1_A_IN2 Pin=J4-2
Added Pin To Net: NetName=Stepper1_A_IN2 Pin=J5-4
Added Net: Name=Stepper1_A_IN2
Added Pin To Net: NetName=Stepper1_A_OUT1 Pin=J4-5
Added Pin To Net: NetName=Stepper1_A_OUT1 Pin=J5-10
Added Net: Name=Stepper1_A_OUT1
Added Pin To Net: NetName=Stepper1_A_OUT2 Pin=J4-6
Added Pin To Net: NetName=Stepper1_A_OUT2 Pin=J5-12
Added Pin To Net: NetName=Stepper1_A_OUT2 Pin=J5-16
Added Net: Name=Stepper1_A_OUT2
Added Pin To Net: NetName=Stepper1_B_IN1 Pin=J4-3
Added Pin To Net: NetName=Stepper1_B_IN1 Pin=J5-6
Added Net: Name=Stepper1_B_IN1
Added Pin To Net: NetName=Stepper1_B_IN2 Pin=J4-4
Added Pin To Net: NetName=Stepper1_B_IN2 Pin=J5-8
Added Net: Name=Stepper1_B_IN2
Added Pin To Net: NetName=Stepper1_B_OUT1 Pin=J4-7
Added Pin To Net: NetName=Stepper1_B_OUT1 Pin=J5-14
Added Net: Name=Stepper1_B_OUT1
Added Pin To Net: NetName=Stepper1_B_OUT2 Pin=J4-8
Added Net: Name=Stepper1_B_OUT2
Added Pin To Net: NetName=Stepper2_A_IN1 Pin=J5-18
Added Pin To Net: NetName=Stepper2_A_IN1 Pin=J6-1
Added Net: Name=Stepper2_A_IN1
Added Pin To Net: NetName=Stepper2_A_IN2 Pin=J5-20
Added Pin To Net: NetName=Stepper2_A_IN2 Pin=J6-2
Added Net: Name=Stepper2_A_IN2
Added Pin To Net: NetName=Stepper2_A_OUT1 Pin=J5-26
Added Pin To Net: NetName=Stepper2_A_OUT1 Pin=J6-5
Added Net: Name=Stepper2_A_OUT1
Added Pin To Net: NetName=Stepper2_A_OUT2 Pin=J5-28
Added Pin To Net: NetName=Stepper2_A_OUT2 Pin=J6-6
Added Net: Name=Stepper2_A_OUT2
Added Pin To Net: NetName=Stepper2_B_IN1 Pin=J5-22
Added Pin To Net: NetName=Stepper2_B_IN1 Pin=J6-3
Added Net: Name=Stepper2_B_IN1
Added Pin To Net: NetName=Stepper2_B_IN2 Pin=J5-24
Added Pin To Net: NetName=Stepper2_B_IN2 Pin=J6-4
Added Net: Name=Stepper2_B_IN2
Added Pin To Net: NetName=Stepper2_B_OUT1 Pin=J6-7
Added Net: Name=Stepper2_B_OUT1
Added Pin To Net: NetName=Stepper2_B_OUT2 Pin=J6-8
Added Net: Name=Stepper2_B_OUT2
Added Member To Class: ClassName=main Member=Component J4 1725711
Added Member To Class: ClassName=main Member=Component J6 1725711
