Removed Pin From Net: NetName=VDD Pin=J2-1
Removed Pin From Net: NetName=+5 Pin=J2-3
Removed Pin From Net: NetName=8-95V Pin=J2-5
Removed Pin From Net: NetName=NetIC2_23 Pin=J2-7
Removed Pin From Net: NetName=NetIC2_24 Pin=J2-9
Removed Pin From Net: NetName=NetIC2_25 Pin=J2-11
Removed Pin From Net: NetName=NetIC2_26 Pin=J2-13
Removed Pin From Net: NetName=NetIC2_29 Pin=J2-15
Removed Pin From Net: NetName=NetIC2_30 Pin=J2-17
Removed Pin From Net: NetName=NetIC2_31 Pin=J2-19
Removed Pin From Net: NetName=NetIC2_32 Pin=J2-21
Removed Pin From Net: NetName=NetIC2_93 Pin=J2-23
Removed Pin From Net: NetName=NetIC2_92 Pin=J2-25
Removed Pin From Net: NetName=NetIC2_79 Pin=J2-27
Removed Pin From Net: NetName=NetIC2_78 Pin=J2-29
Removed Pin From Net: NetName=NetIC2_17 Pin=J2-31
Removed Pin From Net: NetName=NetIC2_18 Pin=J2-33
Removed Pin From Net: NetName=GPIO_1 Pin=J2-34
Removed Pin From Net: NetName=GPIO_2 Pin=J2-36
Removed Pin From Net: NetName=VDD Pin=J2-37
Removed Pin From Net: NetName=Stepper_PowerSupply Pin=J2-38
Add Component: Footprint Not Found DIOM4325X250N
Add Component: Footprint Not Found DIOM4325X250N
Add Pin To Net: Unknown Pin: Pin D1-1
Add Pin To Net: Unknown Pin: Pin D1-2
Add Pin To Net: Unknown Pin: Pin D2-1
Add Pin To Net: Unknown Pin: Pin D2-2
Added Pin To Net: NetName=VDD Pin=J2-2
Added Pin To Net: NetName=+5 Pin=J2-4
Added Pin To Net: NetName=8-95V Pin=J2-6
Added Pin To Net: NetName=NetIC2_23 Pin=J2-8
Added Pin To Net: NetName=NetIC2_24 Pin=J2-10
Added Pin To Net: NetName=NetIC2_25 Pin=J2-12
Added Pin To Net: NetName=NetIC2_26 Pin=J2-14
Added Pin To Net: NetName=NetIC2_29 Pin=J2-16
Added Pin To Net: NetName=NetIC2_30 Pin=J2-18
Added Pin To Net: NetName=NetIC2_31 Pin=J2-20
Added Pin To Net: NetName=NetIC2_32 Pin=J2-22
Added Pin To Net: NetName=NetIC2_93 Pin=J2-24
Added Pin To Net: NetName=NetIC2_92 Pin=J2-26
Added Pin To Net: NetName=NetIC2_79 Pin=J2-28
Added Pin To Net: NetName=NetIC2_78 Pin=J2-30
Added Pin To Net: NetName=NetIC2_17 Pin=J2-32
Added Pin To Net: NetName=GPIO_1 Pin=J2-33
Added Pin To Net: NetName=NetIC2_18 Pin=J2-34
Added Pin To Net: NetName=GPIO_2 Pin=J2-35
Added Pin To Net: NetName=Stepper_PowerSupply Pin=J2-37
Added Pin To Net: NetName=VDD Pin=J2-38
Added Pin To Net: NetName=NetJ2_1 Pin=J2-1
Added Pin To Net: NetName=NetJ2_1 Pin=J4-1
Added Net: Name=NetJ2_1
Added Pin To Net: NetName=NetJ2_3 Pin=J2-3
Added Pin To Net: NetName=NetJ2_3 Pin=J4-2
Added Net: Name=NetJ2_3
Added Pin To Net: NetName=NetJ2_5 Pin=J2-5
Added Pin To Net: NetName=NetJ2_5 Pin=J4-3
Added Net: Name=NetJ2_5
Added Pin To Net: NetName=NetJ2_7 Pin=J2-7
Added Pin To Net: NetName=NetJ2_7 Pin=J4-4
Added Net: Name=NetJ2_7
Added Pin To Net: NetName=NetJ2_9 Pin=J2-9
Added Pin To Net: NetName=NetJ2_9 Pin=J4-5
Added Net: Name=NetJ2_9
Added Pin To Net: NetName=NetJ2_11 Pin=J2-11
Added Pin To Net: NetName=NetJ2_11 Pin=J4-6
Added Net: Name=NetJ2_11
Added Pin To Net: NetName=NetJ2_13 Pin=J2-13
Added Pin To Net: NetName=NetJ2_13 Pin=J4-7
Added Net: Name=NetJ2_13
Added Pin To Net: NetName=NetJ2_15 Pin=J2-15
Added Pin To Net: NetName=NetJ2_15 Pin=J4-8
Added Net: Name=NetJ2_15
Added Pin To Net: NetName=NetJ2_17 Pin=J2-17
Added Pin To Net: NetName=NetJ2_17 Pin=J6-8
Added Net: Name=NetJ2_17
Added Pin To Net: NetName=NetJ2_19 Pin=J2-19
Added Pin To Net: NetName=NetJ2_19 Pin=J6-7
Added Net: Name=NetJ2_19
Added Pin To Net: NetName=NetJ2_21 Pin=J2-21
Added Pin To Net: NetName=NetJ2_21 Pin=J6-6
Added Net: Name=NetJ2_21
Added Pin To Net: NetName=NetJ2_23 Pin=J2-23
Added Pin To Net: NetName=NetJ2_23 Pin=J6-5
Added Net: Name=NetJ2_23
Added Pin To Net: NetName=NetJ2_25 Pin=J2-25
Added Pin To Net: NetName=NetJ2_25 Pin=J6-4
Added Net: Name=NetJ2_25
Added Pin To Net: NetName=NetJ2_27 Pin=J2-27
Added Pin To Net: NetName=NetJ2_27 Pin=J6-3
Added Net: Name=NetJ2_27
Added Pin To Net: NetName=NetJ2_29 Pin=J2-29
Added Pin To Net: NetName=NetJ2_29 Pin=J6-2
Added Net: Name=NetJ2_29
Added Pin To Net: NetName=NetJ2_31 Pin=J2-31
Added Pin To Net: NetName=NetJ2_31 Pin=J6-1
Added Net: Name=NetJ2_31
Add Class Member: Failed to add class member : Component D1 SMAJ13CA
Add Class Member: Failed to add class member : Component D2 SMAJ13CA
