Removed Pin From Net: NetName=GND Pin=C2-2
Removed Pin From Net: NetName=GND Pin=C7-2
Removed Pin From Net: NetName=+5 Pin=C8-1
Removed Pin From Net: NetName=GND Pin=C8-2
Removed Pin From Net: NetName=+5 Pin=C9-1
Removed Pin From Net: NetName=GND Pin=C9-2
Removed Pin From Net: NetName=+5 Pin=C10-1
Removed Pin From Net: NetName=GND Pin=C10-2
Removed Pin From Net: NetName=GND Pin=IC1-2
Removed Pin From Net: NetName=+5 Pin=L-2
Removed Member From Class: ClassName=DCDC_5V0 Member=L
Change Component Footprint: Designator=C1 Old Footprint=SMD_CAPACITOR_0805 New Footprint=CAP_EEEFT1V101AP
Change Footprint: Footprint Not Found SOIC127P600X170-9N
Change Component Comment : Designator=C1 Old Comment=0.1uF New Comment=100uF
Change Component Comment : Designator=C9 Old Comment=10uF New Comment=0.1uF
Change Component Comment : Designator=C10 Old Comment=10uF New Comment=4.7uF
Change Component Comment : Designator=C8 Old Comment=10uF New Comment=100nF
Change Component Comment : Designator=R2 Old Comment=22.1K New Comment=*
Change Component Comment : Designator=R1 Old Comment=88.7K New Comment=*
Change Component Comment : Designator=C7 Old Comment=100nF New Comment=2.2uF
Change Component Comment : Designator=IC1 Old Comment=LMR50410Y3FQDBVRQ1 New Comment=MP9486AGN-Z
Change component parameters: Designator = "C1" ("C1"); Footprint = "SMD_CAPACITOR_0805"; UniqueID = "\WFLSSHLH\GMMGKNNY\DCOOMIQQ" ("\WFLSSHLH\GMMGKNNY\DCOOMIQQ")
Change component parameters (AddParameter): Name = "Availability"; Value = "In Stock"; VariantName = "[No Variations]"
Change component parameters (AddParameter): Name = "Check_prices"; Value = "https://www.snapeda.com/parts/EEE-FT1V101AP/Panasonic%20Electronic%20Components/view-part/423624/?ref=eda"; VariantName = "[No Variations]"
Change component parameters (AddParameter): Name = "MF"; Value = "Panasonic"; VariantName = "[No Variations]"
Change component parameters (AddParameter): Name = "MP"; Value = "EEE-FT1V101AP"; VariantName = "[No Variations]"
Change component parameters (AddParameter): Name = "Package"; Value = "RADIAL-2 Panasonic"; VariantName = "[No Variations]"
Change component parameters (AddParameter): Name = "Price"; Value = "None"; VariantName = "[No Variations]"
Change component parameters (AddParameter): Name = "Purchase-URL"; Value = "https://pricing.snapeda.com/search/part/EEE-FT1V101AP/?ref=eda"; VariantName = "[No Variations]"
Change component parameters (AddParameter): Name = "SnapEDA_Link"; Value = "https://www.snapeda.com/parts/EEE-FT1V101AP/Panasonic%20Electronic%20Components/view-part/423624/?ref=snap"; VariantName = "[No Variations]"
Change component parameters (AddParameter): Name = "Value"; Value = ""; VariantName = "[No Variations]"
Change component parameters: Designator = "C7" ("C7"); Footprint = "SMD_CAPACITOR_0805"; UniqueID = "\WFLSSHLH\GMMGKNNY\QWTKYQQZ" ("\WFLSSHLH\GMMGKNNY\QWTKYQQZ")
Change component parameters (AddParameter): Name = "0805"; Value = "http://cz.farnell.com/webapp/wcs/stores/servlet/Search?catalogId=15001&langId=420&storeId=10156&categoryId=700000005423&sort=P_PRICE&pageSize=100&beginIndex=1&showResults=true&sf=502,707&pf=1010141074,1012080068,1012245578"; VariantName = "[No Variations]"
Change component parameters (AddParameter): Name = "1206"; Value = "http://cz.farnell.com/webapp/wcs/stores/servlet/Search?catalogId=15001&langId=420&storeId=10156&categoryId=700000005423&sort=P_PRICE&pageSize=100&beginIndex=1&showResults=true&sf=502,707&pf=1012245584"; VariantName = "[No Variations]"
Change component parameters (AddParameter): Name = "Value"; Value = "2.2uF"; VariantName = "[No Variations]"
Change component parameters: Designator = "C8" ("C8"); Footprint = "SMD_CAPACITOR_0805"; UniqueID = "\WFLSSHLH\GMMGKNNY\DFMSPRVP" ("\WFLSSHLH\GMMGKNNY\DFMSPRVP")
Change component parameters (AddParameter): Name = "0805"; Value = "http://cz.farnell.com/webapp/wcs/stores/servlet/Search?catalogId=15001&langId=420&storeId=10156&categoryId=700000005423&sort=P_PRICE&pageSize=100&beginIndex=1&showResults=true&sf=502,707&pf=1010141074,1012080068,1012245578"; VariantName = "[No Variations]"
Change component parameters (AddParameter): Name = "1206"; Value = "http://cz.farnell.com/webapp/wcs/stores/servlet/Search?catalogId=15001&langId=420&storeId=10156&categoryId=700000005423&sort=P_PRICE&pageSize=100&beginIndex=1&showResults=true&sf=502,707&pf=1012245584"; VariantName = "[No Variations]"
Change component parameters (AddParameter): Name = "Value"; Value = "100nF"; VariantName = "[No Variations]"
Change component parameters: Designator = "C9" ("C9"); Footprint = "SMD_CAPACITOR_0805"; UniqueID = "\WFLSSHLH\GMMGKNNY\EPIBMLUT" ("\WFLSSHLH\GMMGKNNY\EPIBMLUT")
Change component parameters (AddParameter): Name = "0805"; Value = "http://cz.farnell.com/webapp/wcs/stores/servlet/Search?catalogId=15001&langId=420&storeId=10156&categoryId=700000005423&sort=P_PRICE&pageSize=100&beginIndex=1&showResults=true&sf=502,707&pf=1010141074,1012080068,1012245578"; VariantName = "[No Variations]"
Change component parameters (AddParameter): Name = "1206"; Value = "http://cz.farnell.com/webapp/wcs/stores/servlet/Search?catalogId=15001&langId=420&storeId=10156&categoryId=700000005423&sort=P_PRICE&pageSize=100&beginIndex=1&showResults=true&sf=502,707&pf=1012245584"; VariantName = "[No Variations]"
Change component parameters (AddParameter): Name = "Value"; Value = "0.1uF"; VariantName = "[No Variations]"
Change component parameters: Designator = "C10" ("C10"); Footprint = "SMD_CAPACITOR_0805"; UniqueID = "\WFLSSHLH\GMMGKNNY\JZSRMDRB" ("\WFLSSHLH\GMMGKNNY\JZSRMDRB")
Change component parameters (AddParameter): Name = "0805"; Value = "http://cz.farnell.com/webapp/wcs/stores/servlet/Search?catalogId=15001&langId=420&storeId=10156&categoryId=700000005423&sort=P_PRICE&pageSize=100&beginIndex=1&showResults=true&sf=502,707&pf=1010141074,1012080068,1012245578"; VariantName = "[No Variations]"
Change component parameters (AddParameter): Name = "1206"; Value = "http://cz.farnell.com/webapp/wcs/stores/servlet/Search?catalogId=15001&langId=420&storeId=10156&categoryId=700000005423&sort=P_PRICE&pageSize=100&beginIndex=1&showResults=true&sf=502,707&pf=1012245584"; VariantName = "[No Variations]"
Change component parameters (AddParameter): Name = "Value"; Value = "4.7uF"; VariantName = "[No Variations]"
Change component parameters: Designator = "IC1" ("IC1"); Footprint = "SOT95P280X145-6N"; UniqueID = "\WFLSSHLH\GMMGKNNY\YCYFVERH" ("\WFLSSHLH\GMMGKNNY\YCYFVERH")
Change component parameters (AddParameter): Name = "Check_prices"; Value = "https://www.snapeda.com/parts/MP9486AGN-Z/Monolithic+Power+Systems+Inc./view-part/?ref=eda"; VariantName = "[No Variations]"
Change component parameters (AddParameter): Name = "MF"; Value = "Monolithic Power"; VariantName = "[No Variations]"
Change component parameters (AddParameter): Name = "MP"; Value = "MP9486AGN-Z"; VariantName = "[No Variations]"
Change component parameters (AddParameter): Name = "Package"; Value = "SOIC-8 Monolithic Power"; VariantName = "[No Variations]"
Change component parameters (AddParameter): Name = "SnapEDA_Link"; Value = "https://www.snapeda.com/parts/MP9486AGN-Z/Monolithic+Power+Systems+Inc./view-part/?ref=snap"; VariantName = "[No Variations]"
Change component parameters (AddParameter): Name = "Value"; Value = ""; VariantName = "[No Variations]"
Change component parameters: Designator = "R1" ("R1"); Footprint = "SMD_RESISTOR_0805"; UniqueID = "\WFLSSHLH\GMMGKNNY\ZERQVPMN" ("\WFLSSHLH\GMMGKNNY\ZERQVPMN")
Change component parameters (AddParameter): Name = "0805"; Value = "http://cz.farnell.com/webapp/wcs/stores/servlet/Search?catalogId=15001&langId=420&storeId=10156&categoryId=700000005450&sort=P_PRICE&pageSize=100&showResults=true&sf=502,707&pf=1012211743"; VariantName = "[No Variations]"
Change component parameters (AddParameter): Name = "1206"; Value = "http://cz.farnell.com/webapp/wcs/stores/servlet/Search?catalogId=15001&langId=420&storeId=10156&categoryId=700000005450&pageSize=100&showResults=true&sf=502,707&pf=1012211755"; VariantName = "[No Variations]"
Change component parameters (AddParameter): Name = "Value"; Value = ""; VariantName = "[No Variations]"
Change component parameters: Designator = "R2" ("R2"); Footprint = "SMD_RESISTOR_0805"; UniqueID = "\WFLSSHLH\GMMGKNNY\WEPACHBM" ("\WFLSSHLH\GMMGKNNY\WEPACHBM")
Change component parameters (AddParameter): Name = "0805"; Value = "http://cz.farnell.com/webapp/wcs/stores/servlet/Search?catalogId=15001&langId=420&storeId=10156&categoryId=700000005450&sort=P_PRICE&pageSize=100&showResults=true&sf=502,707&pf=1012211743"; VariantName = "[No Variations]"
Change component parameters (AddParameter): Name = "1206"; Value = "http://cz.farnell.com/webapp/wcs/stores/servlet/Search?catalogId=15001&langId=420&storeId=10156&categoryId=700000005450&pageSize=100&showResults=true&sf=502,707&pf=1012211755"; VariantName = "[No Variations]"
Change component parameters (AddParameter): Name = "Value"; Value = ""; VariantName = "[No Variations]"
Added Component: Designator=C13(SMD_CAPACITOR_0805)
Add component (AddParameter): Name = "0805"; Value = "http://cz.farnell.com/webapp/wcs/stores/servlet/Search?catalogId=15001&langId=420&storeId=10156&categoryId=700000005423&sort=P_PRICE&pageSize=100&beginIndex=1&showResults=true&sf=502,707&pf=1010141074,1012080068,1012245578"; VariantName = "[No Variations]"
Add component (AddParameter): Name = "1206"; Value = "http://cz.farnell.com/webapp/wcs/stores/servlet/Search?catalogId=15001&langId=420&storeId=10156&categoryId=700000005423&sort=P_PRICE&pageSize=100&beginIndex=1&showResults=true&sf=502,707&pf=1012245584"; VariantName = "[No Variations]"
Add component (AddParameter): Name = "Value"; Value = "10uF"; VariantName = "[No Variations]"
Added Component: Designator=C14(SMD_CAPACITOR_0805)
Add component (AddParameter): Name = "0805"; Value = "http://cz.farnell.com/webapp/wcs/stores/servlet/Search?catalogId=15001&langId=420&storeId=10156&categoryId=700000005423&sort=P_PRICE&pageSize=100&beginIndex=1&showResults=true&sf=502,707&pf=1010141074,1012080068,1012245578"; VariantName = "[No Variations]"
Add component (AddParameter): Name = "1206"; Value = "http://cz.farnell.com/webapp/wcs/stores/servlet/Search?catalogId=15001&langId=420&storeId=10156&categoryId=700000005423&sort=P_PRICE&pageSize=100&beginIndex=1&showResults=true&sf=502,707&pf=1012245584"; VariantName = "[No Variations]"
Add component (AddParameter): Name = "Value"; Value = "10uF"; VariantName = "[No Variations]"
Added Component: Designator=C15(SMD_CAPACITOR_0805)
Add component (AddParameter): Name = "0805"; Value = "http://cz.farnell.com/webapp/wcs/stores/servlet/Search?catalogId=15001&langId=420&storeId=10156&categoryId=700000005423&sort=P_PRICE&pageSize=100&beginIndex=1&showResults=true&sf=502,707&pf=1010141074,1012080068,1012245578"; VariantName = "[No Variations]"
Add component (AddParameter): Name = "1206"; Value = "http://cz.farnell.com/webapp/wcs/stores/servlet/Search?catalogId=15001&langId=420&storeId=10156&categoryId=700000005423&sort=P_PRICE&pageSize=100&beginIndex=1&showResults=true&sf=502,707&pf=1012245584"; VariantName = "[No Variations]"
Add component (AddParameter): Name = "Value"; Value = "100nF"; VariantName = "[No Variations]"
Added Component: Designator=C16(SMD_CAPACITOR_0805)
Add component (AddParameter): Name = "0805"; Value = "http://cz.farnell.com/webapp/wcs/stores/servlet/Search?catalogId=15001&langId=420&storeId=10156&categoryId=700000005423&sort=P_PRICE&pageSize=100&beginIndex=1&showResults=true&sf=502,707&pf=1010141074,1012080068,1012245578"; VariantName = "[No Variations]"
Add component (AddParameter): Name = "1206"; Value = "http://cz.farnell.com/webapp/wcs/stores/servlet/Search?catalogId=15001&langId=420&storeId=10156&categoryId=700000005423&sort=P_PRICE&pageSize=100&beginIndex=1&showResults=true&sf=502,707&pf=1012245584"; VariantName = "[No Variations]"
Add component (AddParameter): Name = "Value"; Value = "100nF"; VariantName = "[No Variations]"
Added Component: Designator=C17(SMD_CAPACITOR_0805)
Add component (AddParameter): Name = "0805"; Value = "http://cz.farnell.com/webapp/wcs/stores/servlet/Search?catalogId=15001&langId=420&storeId=10156&categoryId=700000005423&sort=P_PRICE&pageSize=100&beginIndex=1&showResults=true&sf=502,707&pf=1010141074,1012080068,1012245578"; VariantName = "[No Variations]"
Add component (AddParameter): Name = "1206"; Value = "http://cz.farnell.com/webapp/wcs/stores/servlet/Search?catalogId=15001&langId=420&storeId=10156&categoryId=700000005423&sort=P_PRICE&pageSize=100&beginIndex=1&showResults=true&sf=502,707&pf=1012245584"; VariantName = "[No Variations]"
Add component (AddParameter): Name = "Value"; Value = "4.7uF"; VariantName = "[No Variations]"
Added Component: Designator=C18(SMD_CAPACITOR_0805)
Add component (AddParameter): Name = "0805"; Value = "http://cz.farnell.com/webapp/wcs/stores/servlet/Search?catalogId=15001&langId=420&storeId=10156&categoryId=700000005423&sort=P_PRICE&pageSize=100&beginIndex=1&showResults=true&sf=502,707&pf=1010141074,1012080068,1012245578"; VariantName = "[No Variations]"
Add component (AddParameter): Name = "1206"; Value = "http://cz.farnell.com/webapp/wcs/stores/servlet/Search?catalogId=15001&langId=420&storeId=10156&categoryId=700000005423&sort=P_PRICE&pageSize=100&beginIndex=1&showResults=true&sf=502,707&pf=1012245584"; VariantName = "[No Variations]"
Add component (AddParameter): Name = "Value"; Value = "100nF"; VariantName = "[No Variations]"
Added Component: Designator=C19(SMD_CAPACITOR_0805)
Add component (AddParameter): Name = "0805"; Value = "http://cz.farnell.com/webapp/wcs/stores/servlet/Search?catalogId=15001&langId=420&storeId=10156&categoryId=700000005423&sort=P_PRICE&pageSize=100&beginIndex=1&showResults=true&sf=502,707&pf=1010141074,1012080068,1012245578"; VariantName = "[No Variations]"
Add component (AddParameter): Name = "1206"; Value = "http://cz.farnell.com/webapp/wcs/stores/servlet/Search?catalogId=15001&langId=420&storeId=10156&categoryId=700000005423&sort=P_PRICE&pageSize=100&beginIndex=1&showResults=true&sf=502,707&pf=1012245584"; VariantName = "[No Variations]"
Add component (AddParameter): Name = "Value"; Value = "100nF"; VariantName = "[No Variations]"
Added Component: Designator=C20(SMD_CAPACITOR_0805)
Add component (AddParameter): Name = "0805"; Value = "http://cz.farnell.com/webapp/wcs/stores/servlet/Search?catalogId=15001&langId=420&storeId=10156&categoryId=700000005423&sort=P_PRICE&pageSize=100&beginIndex=1&showResults=true&sf=502,707&pf=1010141074,1012080068,1012245578"; VariantName = "[No Variations]"
Add component (AddParameter): Name = "1206"; Value = "http://cz.farnell.com/webapp/wcs/stores/servlet/Search?catalogId=15001&langId=420&storeId=10156&categoryId=700000005423&sort=P_PRICE&pageSize=100&beginIndex=1&showResults=true&sf=502,707&pf=1012245584"; VariantName = "[No Variations]"
Add component (AddParameter): Name = "Value"; Value = "100nF"; VariantName = "[No Variations]"
Added Component: Designator=C21(SMD_CAPACITOR_0805)
Add component (AddParameter): Name = "0805"; Value = "http://cz.farnell.com/webapp/wcs/stores/servlet/Search?catalogId=15001&langId=420&storeId=10156&categoryId=700000005423&sort=P_PRICE&pageSize=100&beginIndex=1&showResults=true&sf=502,707&pf=1010141074,1012080068,1012245578"; VariantName = "[No Variations]"
Add component (AddParameter): Name = "1206"; Value = "http://cz.farnell.com/webapp/wcs/stores/servlet/Search?catalogId=15001&langId=420&storeId=10156&categoryId=700000005423&sort=P_PRICE&pageSize=100&beginIndex=1&showResults=true&sf=502,707&pf=1012245584"; VariantName = "[No Variations]"
Add component (AddParameter): Name = "Value"; Value = "100nF"; VariantName = "[No Variations]"
Added Component: Designator=C22(SMD_CAPACITOR_0805)
Add component (AddParameter): Name = "0805"; Value = "http://cz.farnell.com/webapp/wcs/stores/servlet/Search?catalogId=15001&langId=420&storeId=10156&categoryId=700000005423&sort=P_PRICE&pageSize=100&beginIndex=1&showResults=true&sf=502,707&pf=1010141074,1012080068,1012245578"; VariantName = "[No Variations]"
Add component (AddParameter): Name = "1206"; Value = "http://cz.farnell.com/webapp/wcs/stores/servlet/Search?catalogId=15001&langId=420&storeId=10156&categoryId=700000005423&sort=P_PRICE&pageSize=100&beginIndex=1&showResults=true&sf=502,707&pf=1012245584"; VariantName = "[No Variations]"
Add component (AddParameter): Name = "Value"; Value = "100nF"; VariantName = "[No Variations]"
Added Component: Designator=C23(SMD_CAPACITOR_0805)
Add component (AddParameter): Name = "0805"; Value = "http://cz.farnell.com/webapp/wcs/stores/servlet/Search?catalogId=15001&langId=420&storeId=10156&categoryId=700000005423&sort=P_PRICE&pageSize=100&beginIndex=1&showResults=true&sf=502,707&pf=1010141074,1012080068,1012245578"; VariantName = "[No Variations]"
Add component (AddParameter): Name = "1206"; Value = "http://cz.farnell.com/webapp/wcs/stores/servlet/Search?catalogId=15001&langId=420&storeId=10156&categoryId=700000005423&sort=P_PRICE&pageSize=100&beginIndex=1&showResults=true&sf=502,707&pf=1012245584"; VariantName = "[No Variations]"
Add component (AddParameter): Name = "Value"; Value = "100nF"; VariantName = "[No Variations]"
Added Component: Designator=C24(SMD_CAPACITOR_0805)
Add component (AddParameter): Name = "0805"; Value = "http://cz.farnell.com/webapp/wcs/stores/servlet/Search?catalogId=15001&langId=420&storeId=10156&categoryId=700000005423&sort=P_PRICE&pageSize=100&beginIndex=1&showResults=true&sf=502,707&pf=1010141074,1012080068,1012245578"; VariantName = "[No Variations]"
Add component (AddParameter): Name = "1206"; Value = "http://cz.farnell.com/webapp/wcs/stores/servlet/Search?catalogId=15001&langId=420&storeId=10156&categoryId=700000005423&sort=P_PRICE&pageSize=100&beginIndex=1&showResults=true&sf=502,707&pf=1012245584"; VariantName = "[No Variations]"
Add component (AddParameter): Name = "Value"; Value = "1uF"; VariantName = "[No Variations]"
Added Component: Designator=C25(SMD_CAPACITOR_0805)
Add component (AddParameter): Name = "0805"; Value = "http://cz.farnell.com/webapp/wcs/stores/servlet/Search?catalogId=15001&langId=420&storeId=10156&categoryId=700000005423&sort=P_PRICE&pageSize=100&beginIndex=1&showResults=true&sf=502,707&pf=1010141074,1012080068,1012245578"; VariantName = "[No Variations]"
Add component (AddParameter): Name = "1206"; Value = "http://cz.farnell.com/webapp/wcs/stores/servlet/Search?catalogId=15001&langId=420&storeId=10156&categoryId=700000005423&sort=P_PRICE&pageSize=100&beginIndex=1&showResults=true&sf=502,707&pf=1012245584"; VariantName = "[No Variations]"
Add component (AddParameter): Name = "Value"; Value = "2.2uF"; VariantName = "[No Variations]"
Added Component: Designator=C26(SMD_CAPACITOR_0805)
Add component (AddParameter): Name = "0805"; Value = "http://cz.farnell.com/webapp/wcs/stores/servlet/Search?catalogId=15001&langId=420&storeId=10156&categoryId=700000005423&sort=P_PRICE&pageSize=100&beginIndex=1&showResults=true&sf=502,707&pf=1010141074,1012080068,1012245578"; VariantName = "[No Variations]"
Add component (AddParameter): Name = "1206"; Value = "http://cz.farnell.com/webapp/wcs/stores/servlet/Search?catalogId=15001&langId=420&storeId=10156&categoryId=700000005423&sort=P_PRICE&pageSize=100&beginIndex=1&showResults=true&sf=502,707&pf=1012245584"; VariantName = "[No Variations]"
Add component (AddParameter): Name = "Value"; Value = "2.2uF"; VariantName = "[No Variations]"
Added Component: Designator=C27(SMD_CAPACITOR_0805)
Add component (AddParameter): Name = "0805"; Value = "http://cz.farnell.com/webapp/wcs/stores/servlet/Search?catalogId=15001&langId=420&storeId=10156&categoryId=700000005423&sort=P_PRICE&pageSize=100&beginIndex=1&showResults=true&sf=502,707&pf=1010141074,1012080068,1012245578"; VariantName = "[No Variations]"
Add component (AddParameter): Name = "1206"; Value = "http://cz.farnell.com/webapp/wcs/stores/servlet/Search?catalogId=15001&langId=420&storeId=10156&categoryId=700000005423&sort=P_PRICE&pageSize=100&beginIndex=1&showResults=true&sf=502,707&pf=1012245584"; VariantName = "[No Variations]"
Add component (AddParameter): Name = "Value"; Value = "1uF"; VariantName = "[No Variations]"
Added Component: Designator=C28(SMD_CAPACITOR_0805)
Add component (AddParameter): Name = "0805"; Value = "http://cz.farnell.com/webapp/wcs/stores/servlet/Search?catalogId=15001&langId=420&storeId=10156&categoryId=700000005423&sort=P_PRICE&pageSize=100&beginIndex=1&showResults=true&sf=502,707&pf=1010141074,1012080068,1012245578"; VariantName = "[No Variations]"
Add component (AddParameter): Name = "1206"; Value = "http://cz.farnell.com/webapp/wcs/stores/servlet/Search?catalogId=15001&langId=420&storeId=10156&categoryId=700000005423&sort=P_PRICE&pageSize=100&beginIndex=1&showResults=true&sf=502,707&pf=1012245584"; VariantName = "[No Variations]"
Add component (AddParameter): Name = "Value"; Value = "100nF"; VariantName = "[No Variations]"
Added Component: Designator=C29(SMD_CAPACITOR_0805)
Add component (AddParameter): Name = "0805"; Value = "http://cz.farnell.com/webapp/wcs/stores/servlet/Search?catalogId=15001&langId=420&storeId=10156&categoryId=700000005423&sort=P_PRICE&pageSize=100&beginIndex=1&showResults=true&sf=502,707&pf=1010141074,1012080068,1012245578"; VariantName = "[No Variations]"
Add component (AddParameter): Name = "1206"; Value = "http://cz.farnell.com/webapp/wcs/stores/servlet/Search?catalogId=15001&langId=420&storeId=10156&categoryId=700000005423&sort=P_PRICE&pageSize=100&beginIndex=1&showResults=true&sf=502,707&pf=1012245584"; VariantName = "[No Variations]"
Add component (AddParameter): Name = "Value"; Value = "22uF"; VariantName = "[No Variations]"
Added Component: Designator=D3(SMD_DO-214AC)
Add component (AddParameter): Name = "DO-214AC"; Value = "http://cz.farnell.com/webapp/wcs/stores/servlet/Search?catalogId=15001&langId=420&storeId=10156&categoryId=700000043508&sort=P_PRICE&pageSize=100&showResults=true&sf=502,707&pf=1010199473"; VariantName = "[No Variations]"
Add component (AddParameter): Name = "SOD-123"; Value = "http://cz.farnell.com/webapp/wcs/stores/servlet/Search?catalogId=15001&langId=420&storeId=10156&categoryId=700000043508&sort=P_PRICE&pageSize=100&showResults=true&sf=502,707&pf=1010130987"; VariantName = "[No Variations]"
Add component (AddParameter): Name = "Value"; Value = ""; VariantName = "[No Variations]"
Added Component: Designator=D4(SMD_DO-214AC)
Add component (AddParameter): Name = "DO-214AC"; Value = "http://cz.farnell.com/webapp/wcs/stores/servlet/Search?catalogId=15001&langId=420&storeId=10156&categoryId=700000043508&sort=P_PRICE&pageSize=100&showResults=true&sf=502,707&pf=1010199473"; VariantName = "[No Variations]"
Add component (AddParameter): Name = "SOD-123"; Value = "http://cz.farnell.com/webapp/wcs/stores/servlet/Search?catalogId=15001&langId=420&storeId=10156&categoryId=700000043508&sort=P_PRICE&pageSize=100&showResults=true&sf=502,707&pf=1010130987"; VariantName = "[No Variations]"
Add component (AddParameter): Name = "Value"; Value = "SS1H10-E3/61T"; VariantName = "[No Variations]"
Add Component: Footprint Not Found BEADC2012X105N
Add Component: Footprint Not Found 691216510003S
Add Component: Footprint Not Found 691216510002S
Added Component: Designator=L1(IND_F1D1-060603W-R47M)
Add component (AddParameter): Name = "Check_prices"; Value = "https://www.snapeda.com/parts/F1D1-060603W-R47M/Bel+Circuit+Protection/view-part/?ref=eda"; VariantName = "[No Variations]"
Add component (AddParameter): Name = "MF"; Value = "Bel Fuse"; VariantName = "[No Variations]"
Add component (AddParameter): Name = "MP"; Value = "F1D1-060603W-R47M"; VariantName = "[No Variations]"
Add component (AddParameter): Name = "Package"; Value = "None"; VariantName = "[No Variations]"
Add component (AddParameter): Name = "SnapEDA_Link"; Value = "https://www.snapeda.com/parts/F1D1-060603W-R47M/Bel+Circuit+Protection/view-part/?ref=snap"; VariantName = "[No Variations]"
Add component (AddParameter): Name = "Value"; Value = ""; VariantName = "[No Variations]"
Added Pin To Net: NetName=+5 Pin=C1-1
Added Pin To Net: NetName=GND Pin=C1-2
Added Pin To Net: NetName=GND Pin=C2-1
Added Pin To Net: NetName=GND Pin=C7-1
Added Pin To Net: NetName=+5 Pin=C9-2
Added Pin To Net: NetName=GND Pin=C10-1
Added Pin To Net: NetName=+5 Pin=C10-2
Added Pin To Net: NetName=GND Pin=C13-1
Added Pin To Net: NetName=GND Pin=C14-1
Added Pin To Net: NetName=GND Pin=C15-1
Added Pin To Net: NetName=VCC Pin=C15-2
Added Pin To Net: NetName=GND Pin=C16-1
Added Pin To Net: NetName=VCC Pin=C16-2
Added Pin To Net: NetName=GND Pin=C17-1
Added Pin To Net: NetName=VCC Pin=C17-2
Added Pin To Net: NetName=GND Pin=C18-1
Added Pin To Net: NetName=VCC Pin=C18-2
Added Pin To Net: NetName=GND Pin=C19-1
Added Pin To Net: NetName=VCC Pin=C19-2
Added Pin To Net: NetName=GND Pin=C20-1
Added Pin To Net: NetName=VCC Pin=C20-2
Added Pin To Net: NetName=GND Pin=C21-1
Added Pin To Net: NetName=VCC Pin=C21-2
Added Pin To Net: NetName=GND Pin=C22-1
Added Pin To Net: NetName=VCC Pin=C22-2
Added Pin To Net: NetName=GND Pin=C23-1
Added Pin To Net: NetName=VCC Pin=C23-2
Added Pin To Net: NetName=GND Pin=C24-1
Added Pin To Net: NetName=VCC Pin=C24-2
Added Pin To Net: NetName=GND Pin=C25-1
Added Pin To Net: NetName=GND Pin=C26-1
Added Pin To Net: NetName=GND Pin=C27-1
Added Pin To Net: NetName=GND Pin=C28-1
Added Pin To Net: NetName=GND Pin=C29-1
Added Pin To Net: NetName=GND Pin=D4-1
Add Pin To Net: Unknown Pin: Pin IC1-8
Add Pin To Net: Unknown Pin: Pin IC1-9
Add Pin To Net: Unknown Pin: Pin J1-1
Add Pin To Net: Unknown Pin: Pin J1-2
Add Pin To Net: Unknown Pin: Pin J1-3
Add Pin To Net: Unknown Pin: Pin J2-1
Added Pin To Net: NetName=+5 Pin=L1-2
Added Pin To Net: NetName=VCC Pin=U1-6
Added Pin To Net: NetName=GND Pin=U1-10
Added Pin To Net: NetName=VCC Pin=U1-11
Added Pin To Net: NetName=VCC Pin=U1-19
Added Pin To Net: NetName=GND Pin=U1-20
Added Pin To Net: NetName=VCC Pin=U1-22
Added Pin To Net: NetName=GND Pin=U1-27
Added Pin To Net: NetName=VCC Pin=U1-28
Added Pin To Net: NetName=VCC Pin=U1-50
Added Pin To Net: NetName=GND Pin=U1-74
Added Pin To Net: NetName=VCC Pin=U1-75
Added Pin To Net: NetName=GND Pin=U1-99
Added Pin To Net: NetName=VCC Pin=U1-100
Added Pin To Net: NetName=8-95V Pin=C2-2
Added Pin To Net: NetName=8-95V Pin=C7-2
Added Pin To Net: NetName=8-95V Pin=C13-2
Added Pin To Net: NetName=8-95V Pin=C14-2
Added Pin To Net: NetName=8-95V Pin=C29-2
Added Pin To Net: NetName=8-95V Pin=IC1-3
Added Net: Name=8-95V
Added Pin To Net: NetName=NetC8_1 Pin=C8-1
Added Pin To Net: NetName=NetC8_1 Pin=D4-2
Added Pin To Net: NetName=NetC8_1 Pin=IC1-5
Added Pin To Net: NetName=NetC8_1 Pin=L1-1
Added Net: Name=NetC8_1
Added Pin To Net: NetName=NetC8_2 Pin=C8-2
Added Pin To Net: NetName=NetC8_2 Pin=IC1-4
Added Net: Name=NetC8_2
Added Pin To Net: NetName=NetC9_1 Pin=C9-1
Added Pin To Net: NetName=NetC9_1 Pin=IC1-1
Added Pin To Net: NetName=NetC9_1 Pin=R1-1
Added Pin To Net: NetName=NetC9_1 Pin=R2-2
Added Net: Name=NetC9_1
Added Pin To Net: NetName=NetC25_2 Pin=C25-2
Added Pin To Net: NetName=NetC25_2 Pin=C26-2
Added Pin To Net: NetName=NetC25_2 Pin=U1-49
Added Pin To Net: NetName=NetC25_2 Pin=U1-73
Added Net: Name=NetC25_2
Added Pin To Net: NetName=NetC27_2 Pin=C27-2
Added Pin To Net: NetName=NetC27_2 Pin=C28-2
Added Pin To Net: NetName=NetC27_2 Pin=U1-21
Added Net: Name=NetC27_2
Added Pin To Net: NetName=NetD3_1 Pin=D3-1
Added Net: Name=NetD3_1
Added Pin To Net: NetName=NetD3_2 Pin=D3-2
Added Net: Name=NetD3_2
Added Pin To Net: NetName=NetIC1_6 Pin=IC1-6
Added Net: Name=NetIC1_6
Change Class Name : Old Net Name=LDO_3V3 New Net Name=Designator
Added Class: Name=main
Added Class: Name=power
Added Member To Class: ClassName=STM32 Member=Component C15 100nF
Added Member To Class: ClassName=STM32 Member=Component C16 100nF
Added Member To Class: ClassName=STM32 Member=Component C17 4.7uF
Added Member To Class: ClassName=STM32 Member=Component C18 100nF
Added Member To Class: ClassName=STM32 Member=Component C19 100nF
Added Member To Class: ClassName=STM32 Member=Component C20 100nF
Added Member To Class: ClassName=STM32 Member=Component C21 100nF
Added Member To Class: ClassName=STM32 Member=Component C22 100nF
Added Member To Class: ClassName=STM32 Member=Component C23 100nF
Added Member To Class: ClassName=STM32 Member=Component C24 1uF
Added Member To Class: ClassName=STM32 Member=Component C25 2.2uF
Added Member To Class: ClassName=STM32 Member=Component C26 2.2uF
Added Member To Class: ClassName=STM32 Member=Component C27 1uF
Added Member To Class: ClassName=STM32 Member=Component C28 100nF
Added Member To Class: ClassName=DCDC_5V0 Member=Component C29 22uF
Added Member To Class: ClassName=DCDC_5V0 Member=Component D4 SS1H10-E3/61T
Added Member To Class: ClassName=DCDC_5V0 Member=Component L1 F1D1-060603W-330M
