Added Component: Designator=J2(HARWIN_M50-3902042)
Add component (AddParameter): Name = "Availability"; Value = "Unavailable"; VariantName = "[No Variations]"
Add component (AddParameter): Name = "MF"; Value = "Harwin"; VariantName = "[No Variations]"
Add component (AddParameter): Name = "MP"; Value = "M50-3902042"; VariantName = "[No Variations]"
Add component (AddParameter): Name = "Package"; Value = "None"; VariantName = "[No Variations]"
Add component (AddParameter): Name = "Price"; Value = "None"; VariantName = "[No Variations]"
Add component (AddParameter): Name = "Value"; Value = ""; VariantName = "[No Variations]"
Added Pin To Net: NetName=VDD Pin=J2-1
Added Pin To Net: NetName=NetJ2_2 Pin=J2-2
Added Pin To Net: NetName=+5 Pin=J2-3
Added Pin To Net: NetName=NetJ2_4 Pin=J2-4
Added Pin To Net: NetName=8-95V Pin=J2-5
Added Pin To Net: NetName=NetJ2_6 Pin=J2-6
Added Pin To Net: NetName=NetIC2_23 Pin=J2-7
Added Pin To Net: NetName=NetJ2_8 Pin=J2-8
Added Pin To Net: NetName=NetIC2_24 Pin=J2-9
Added Pin To Net: NetName=NetJ2_10 Pin=J2-10
Added Pin To Net: NetName=NetIC2_25 Pin=J2-11
Added Pin To Net: NetName=NetJ2_12 Pin=J2-12
Added Pin To Net: NetName=NetIC2_26 Pin=J2-13
Added Pin To Net: NetName=NetJ2_14 Pin=J2-14
Added Pin To Net: NetName=NetIC2_29 Pin=J2-15
Added Pin To Net: NetName=NetJ2_16 Pin=J2-16
Added Pin To Net: NetName=NetIC2_30 Pin=J2-17
Added Pin To Net: NetName=NetJ2_18 Pin=J2-18
Added Pin To Net: NetName=NetIC2_31 Pin=J2-19
Added Pin To Net: NetName=NetJ2_20 Pin=J2-20
Added Pin To Net: NetName=NetIC2_32 Pin=J2-21
Added Pin To Net: NetName=NetJ2_22 Pin=J2-22
Added Pin To Net: NetName=NetIC2_93 Pin=J2-23
Added Pin To Net: NetName=NetJ2_24 Pin=J2-24
Added Pin To Net: NetName=NetIC2_92 Pin=J2-25
Added Pin To Net: NetName=NetJ2_26 Pin=J2-26
Added Pin To Net: NetName=NetIC2_79 Pin=J2-27
Added Pin To Net: NetName=NetJ2_28 Pin=J2-28
Added Pin To Net: NetName=NetIC2_78 Pin=J2-29
Added Pin To Net: NetName=NetJ2_30 Pin=J2-30
Added Pin To Net: NetName=NetJ2_32 Pin=J2-32
Added Pin To Net: NetName=VDD Pin=J2-37
Added Pin To Net: NetName=VSS Pin=J2-39
Added Pin To Net: NetName=VSS Pin=J2-40
Added Member To Class: ClassName=main Member=Component J2 M50-3902042
