Added Component: Designator=J4(PHOENIX_1725711)
Add component (AddParameter): Name = "Availability"; Value = "Unavailable"; VariantName = "[No Variations]"
Add component (AddParameter): Name = "MF"; Value = "Phoenix Contact"; VariantName = "[No Variations]"
Add component (AddParameter): Name = "MP"; Value = "1725711"; VariantName = "[No Variations]"
Add component (AddParameter): Name = "Package"; Value = "None"; VariantName = "[No Variations]"
Add component (AddParameter): Name = "Price"; Value = "None"; VariantName = "[No Variations]"
Add component (AddParameter): Name = "Value"; Value = ""; VariantName = "[No Variations]"
Added Component: Designator=J6(PHOENIX_1725711)
Add component (AddParameter): Name = "Availability"; Value = "Unavailable"; VariantName = "[No Variations]"
Add component (AddParameter): Name = "MF"; Value = "Phoenix Contact"; VariantName = "[No Variations]"
Add component (AddParameter): Name = "MP"; Value = "1725711"; VariantName = "[No Variations]"
Add component (AddParameter): Name = "Package"; Value = "None"; VariantName = "[No Variations]"
Add component (AddParameter): Name = "Price"; Value = "None"; VariantName = "[No Variations]"
Add component (AddParameter): Name = "Value"; Value = ""; VariantName = "[No Variations]"
Added Pin To Net: NetName=NetJ2_2 Pin=J4-1
Added Pin To Net: NetName=NetJ2_4 Pin=J4-2
Added Pin To Net: NetName=NetJ2_6 Pin=J4-3
Added Pin To Net: NetName=NetJ2_8 Pin=J4-4
Added Pin To Net: NetName=NetJ2_10 Pin=J4-5
Added Pin To Net: NetName=NetJ2_12 Pin=J4-6
Added Pin To Net: NetName=NetJ2_14 Pin=J4-7
Added Pin To Net: NetName=NetJ2_16 Pin=J4-8
Added Pin To Net: NetName=NetJ2_32 Pin=J6-1
Added Pin To Net: NetName=NetJ2_30 Pin=J6-2
Added Pin To Net: NetName=NetJ2_28 Pin=J6-3
Added Pin To Net: NetName=NetJ2_26 Pin=J6-4
Added Pin To Net: NetName=NetJ2_24 Pin=J6-5
Added Pin To Net: NetName=NetJ2_22 Pin=J6-6
Added Pin To Net: NetName=NetJ2_20 Pin=J6-7
Added Pin To Net: NetName=NetJ2_18 Pin=J6-8
Added Member To Class: ClassName=main Member=Component J4 1725711
Added Member To Class: ClassName=main Member=Component J6 1725711
