Change Component Comment : Designator=R4 Old Comment=* New Comment=22
Change Component Comment : Designator=R5 Old Comment=* New Comment=22
Change Component Description : Designator=L1 Old Description=High Current Shielded Power Inductor New Description=High Current Shielded Power Inductor | 0.47uH | 18A | 1LN | 7.3 x 6.8 x 3mm Footprint | 3mm Height Profile
Change Component Description : Designator=J5 Old Description=PCB Terminal Screw 2.54mm 20AWG 160V 6A 2 Position COMBICON MPT Series New Description=PCB Terminal Screw 2.54mm 20AWG 160V 6A 2 Position COMBICON MPT Series | Phoenix Contact 1725656
Change Component Description : Designator=J7 Old Description=PCB Terminal Screw 2.54mm 20AWG 160V 6A 2 Position COMBICON MPT Series New Description=PCB Terminal Screw 2.54mm 20AWG 160V 6A 2 Position COMBICON MPT Series | Phoenix Contact 1725656
Change Component Description : Designator=J1 Old Description=PCB Terminal Screw 2.54mm 20AWG 160V 6A 3 Position COMBICON MPT Series New Description=PCB Terminal Screw 2.54mm 20AWG 160V 6A 3 Position COMBICON MPT Series | Phoenix Contact 1725669
Change component parameters: Designator = "R4" ("R4"); Footprint = "SMD_RESISTOR_0805"; UniqueID = "\ZUPMNAQW\OPGGLWGF" ("\ZUPMNAQW\OPGGLWGF")
Change component parameters (AddParameter): Name = "0805"; Value = "http://cz.farnell.com/webapp/wcs/stores/servlet/Search?catalogId=15001&langId=420&storeId=10156&categoryId=700000005450&sort=P_PRICE&pageSize=100&showResults=true&sf=502,707&pf=1012211743"; VariantName = "[No Variations]"
Change component parameters (AddParameter): Name = "1206"; Value = "http://cz.farnell.com/webapp/wcs/stores/servlet/Search?catalogId=15001&langId=420&storeId=10156&categoryId=700000005450&pageSize=100&showResults=true&sf=502,707&pf=1012211755"; VariantName = "[No Variations]"
Change component parameters (AddParameter): Name = "Value"; Value = "22"; VariantName = "[No Variations]"
Change component parameters: Designator = "R5" ("R5"); Footprint = "SMD_RESISTOR_0805"; UniqueID = "\ZUPMNAQW\KPUCKXYK" ("\ZUPMNAQW\KPUCKXYK")
Change component parameters (AddParameter): Name = "0805"; Value = "http://cz.farnell.com/webapp/wcs/stores/servlet/Search?catalogId=15001&langId=420&storeId=10156&categoryId=700000005450&sort=P_PRICE&pageSize=100&showResults=true&sf=502,707&pf=1012211743"; VariantName = "[No Variations]"
Change component parameters (AddParameter): Name = "1206"; Value = "http://cz.farnell.com/webapp/wcs/stores/servlet/Search?catalogId=15001&langId=420&storeId=10156&categoryId=700000005450&pageSize=100&showResults=true&sf=502,707&pf=1012211755"; VariantName = "[No Variations]"
Change component parameters (AddParameter): Name = "Value"; Value = "22"; VariantName = "[No Variations]"
Added Component: Designator=S3(2046ST)
Add component (AddParameter): Name = "Arrow Part Number"; Value = "204-6ST"; VariantName = "[No Variations]"
Add component (AddParameter): Name = "Arrow Price/Stock"; Value = "https://www.arrow.com/en/products/204-6st/cts"; VariantName = "[No Variations]"
Add component (AddParameter): Name = "Datasheet Link"; Value = "https://www.ctscorp.com/wp-content/uploads/204.pdf"; VariantName = "[No Variations]"
Add component (AddParameter): Name = "Height"; Value = "10.36mm"; VariantName = "[No Variations]"
Add component (AddParameter): Name = "Manufacturer_Name"; Value = "CTS"; VariantName = "[No Variations]"
Add component (AddParameter): Name = "Manufacturer_Part_Number"; Value = "204-6ST"; VariantName = "[No Variations]"
Add component (AddParameter): Name = "Mouser Part Number"; Value = ""; VariantName = "[No Variations]"
Add component (AddParameter): Name = "Mouser Price/Stock"; Value = ""; VariantName = "[No Variations]"
Added Pin To Net: NetName=VSS Pin=S3-B2
Added Pin To Net: NetName=VSS Pin=S3-B3
Added Pin To Net: NetName=VSS Pin=S3-B4
Added Pin To Net: NetName=VSS Pin=S3-B5
Added Pin To Net: NetName=VSS Pin=S3-B6
Added Pin To Net: NetName=NetIC2_58 Pin=IC2-58
Added Pin To Net: NetName=NetIC2_58 Pin=S3-A2
Added Net: Name=NetIC2_58
Added Pin To Net: NetName=NetIC2_59 Pin=IC2-59
Added Pin To Net: NetName=NetIC2_59 Pin=S3-A3
Added Net: Name=NetIC2_59
Added Pin To Net: NetName=NetIC2_60 Pin=IC2-60
Added Pin To Net: NetName=NetIC2_60 Pin=S3-A4
Added Net: Name=NetIC2_60
Added Pin To Net: NetName=NetIC2_61 Pin=IC2-61
Added Pin To Net: NetName=NetIC2_61 Pin=S3-A5
Added Net: Name=NetIC2_61
Added Pin To Net: NetName=NetIC2_62 Pin=IC2-62
Added Pin To Net: NetName=NetIC2_62 Pin=S3-A6
Added Net: Name=NetIC2_62
Added Member To Class: ClassName=main Member=Component S3 204-6ST
