Add Component: Footprint Not Found CAPC0603(1608)100_L
Add Component: Footprint Not Found CAPC0805(2012)145_L
Add Component: Footprint Not Found CAPC0603(1608)100_L
Add Component: Footprint Not Found CAPC1005X56X25LL10T15
Add Component: Footprint Not Found CAPC0402(1005)60_L
Add Component: Footprint Not Found CAPC0603(1608)100_L
Add Component: Footprint Not Found CAPC0603(1608)100_L
Add Component: Footprint Not Found CAPC0402(1005)60_L
Add Component: Footprint Not Found sm_dio_SMA
Add Component: Footprint Not Found sm_dio_SMA
Add Component: Footprint Not Found SOIC-8-150_REF
Add Component: Footprint Not Found SM_TI-SOT23-6-DBV
Added Component: Designator=J?(GCT_DCJ200-10-A-XX-K_REVA)
Add component (AddParameter): Name = "Check_prices"; Value = "https://www.snapeda.com/parts/DCJ200-10-A-K1-K/Global+Connector+Technology/view-part/?ref=eda"; VariantName = "[No Variations]"
Add component (AddParameter): Name = "MF"; Value = "Global Connector Technology"; VariantName = "[No Variations]"
Add component (AddParameter): Name = "MP"; Value = "DCJ200-10-A-K1-K"; VariantName = "[No Variations]"
Add component (AddParameter): Name = "Package"; Value = "None"; VariantName = "[No Variations]"
Add component (AddParameter): Name = "SnapEDA_Link"; Value = "https://www.snapeda.com/parts/DCJ200-10-A-K1-K/Global+Connector+Technology/view-part/?ref=snap"; VariantName = "[No Variations]"
Add component (AddParameter): Name = "System"; Value = "Connector"; VariantName = "[No Variations]"
Add Component: Footprint Not Found sm_emi_0805
Add Component: Footprint Not Found sm_emi_0805
Add Component: Footprint Not Found SM_IND_MSS6132
Add Component: Footprint Not Found sm_emi_0805
Add Component: Footprint Not Found RESC0402(1005)_L
Add Component: Footprint Not Found RESC0402(1005)_L
Add Component: Footprint Not Found RESC0402(1005)_L
Add Component: Footprint Not Found RESC1005X40X25ML05T05
Add Component: Footprint Not Found RESC1005X40X25ML05T05
Add Pin To Net: Unknown Pin: Pin C?-1
Add Pin To Net: Unknown Pin: Pin C?-1
Add Pin To Net: Unknown Pin: Pin C?-1
Add Pin To Net: Unknown Pin: Pin C?-1
Add Pin To Net: Unknown Pin: Pin C?-1
Add Pin To Net: Unknown Pin: Pin C?-1
Add Pin To Net: Unknown Pin: Pin C?-1
Add Pin To Net: Unknown Pin: Pin C?-1
Add Pin To Net: Unknown Pin: Pin C?-2
Add Pin To Net: Unknown Pin: Pin C?-2
Add Pin To Net: Unknown Pin: Pin C?-2
Add Pin To Net: Unknown Pin: Pin C?-2
Add Pin To Net: Unknown Pin: Pin C?-2
Add Pin To Net: Unknown Pin: Pin C?-2
Add Pin To Net: Unknown Pin: Pin C?-2
Add Pin To Net: Unknown Pin: Pin C?-2
Add Pin To Net: Unknown Pin: Pin D?-1
Add Pin To Net: Unknown Pin: Pin D?-1
Add Pin To Net: Unknown Pin: Pin D?-2
Add Pin To Net: Unknown Pin: Pin D?-2
Add Pin To Net: Unknown Pin: Pin IC?-1
Add Pin To Net: Unknown Pin: Pin IC?-1
Add Pin To Net: Unknown Pin: Pin IC?-2
Add Pin To Net: Unknown Pin: Pin IC?-2
Add Pin To Net: Unknown Pin: Pin IC?-3
Add Pin To Net: Unknown Pin: Pin IC?-4
Add Pin To Net: Unknown Pin: Pin IC?-4
Add Pin To Net: Unknown Pin: Pin IC?-5
Add Pin To Net: Unknown Pin: Pin IC?-5
Add Pin To Net: Unknown Pin: Pin IC?-6
Add Pin To Net: Unknown Pin: Pin IC?-6
Add Pin To Net: Unknown Pin: Pin IC?-7
Add Pin To Net: Unknown Pin: Pin IC?-8
Add Pin To Net: Unknown Pin: Pin L?-1
Add Pin To Net: Unknown Pin: Pin L?-1
Add Pin To Net: Unknown Pin: Pin L?-1
Add Pin To Net: Unknown Pin: Pin L?-2
Add Pin To Net: Unknown Pin: Pin L?-2
Add Pin To Net: Unknown Pin: Pin L?-2
Add Pin To Net: Unknown Pin: Pin L?-2
Add Pin To Net: Unknown Pin: Pin R?-1
Add Pin To Net: Unknown Pin: Pin R?-1
Add Pin To Net: Unknown Pin: Pin R?-1
Add Pin To Net: Unknown Pin: Pin R?-1
Add Pin To Net: Unknown Pin: Pin R?-1
Add Pin To Net: Unknown Pin: Pin R?-2
Add Pin To Net: Unknown Pin: Pin R?-2
Add Pin To Net: Unknown Pin: Pin R?-2
Add Pin To Net: Unknown Pin: Pin R?-2
Add Net: Net with name "NetIC?_3" already exists
Add Net: Net with name "NetL?_1" already exists
Added Pin To Net: NetName=NetU?_21 Pin=U?-21
Added Net: Name=NetU?_21
Added Pin To Net: NetName=NetU?_49 Pin=U?-49
Added Net: Name=NetU?_49
Added Pin To Net: NetName=NetU?_73 Pin=U?-73
Added Net: Name=NetU?_73
Add Class Member: Failed to add class member : Component C? Capacitor 10µF +/-20% 10V 0603
Add Class Member: Failed to add class member : Component C? Capacitor 10µF +/-20% 50V 0805
Add Class Member: Failed to add class member : Component C? Capacitor 10µF +/-20% 10V 0603
Add Class Member: Failed to add class member : Component C? Capacitor 10µF +/-20% 10V 0603
Add Class Member: Failed to add class member : Component C? Capacitor 100nF +/-20% 50V 0402
Add Class Member: Failed to add class member : Component C? Capacitor 100nF +/-20% 50V 0402
Add Class Member: Failed to add class member : Component C? Capacitor 10µF +/-20% 10V 0603
Add Class Member: Failed to add class member : Component C? Capacitor 0.1 uF +/- 5% 16 V 0402
Add Class Member: Failed to add class member : Component D? SMAJ13CA
Add Class Member: Failed to add class member : Component D? SMAJ13CA
Add Class Member: Failed to add class member : Component IC? LMR50410YQDBVRQ1
Add Class Member: Failed to add class member : Component IC? SN65HVD72
Added Member To Class: ClassName=STM32 Member=Component J? DCJ200-10-A-XX-K_REVA
Add Class Member: Failed to add class member : Component L? 4u7H
Add Class Member: Failed to add class member : Component L? FBMJ2125HM330-T
Add Class Member: Failed to add class member : Component L? FBMJ2125HM330-T
Add Class Member: Failed to add class member : Component L? FBMJ2125HM330-T
Add Class Member: Failed to add class member : Component R? Resistor 0402 100 mW
Add Class Member: Failed to add class member : Component R? Resistor 0402 100 mW
Add Class Member: Failed to add class member : Component R? 10KR2F
Add Class Member: Failed to add class member : Component R? 22R2J
Add Class Member: Failed to add class member : Component R? 22R2J
