Added Component: Designator=D1(DIOM4325X250N)
Add component (AddParameter): Name = "Check_prices"; Value = "https://www.snapeda.com/parts/SMAJ13CA-TR/STMicroelectronics/view-part/?ref=eda"; VariantName = "[No Variations]"
Add component (AddParameter): Name = "MF"; Value = "STMicroelectronics"; VariantName = "[No Variations]"
Add component (AddParameter): Name = "MP"; Value = "SMAJ13CA-TR"; VariantName = "[No Variations]"
Add component (AddParameter): Name = "Package"; Value = "DO-214 STMicroelectronics"; VariantName = "[No Variations]"
Add component (AddParameter): Name = "SnapEDA_Link"; Value = "https://www.snapeda.com/parts/SMAJ13CA-TR/STMicroelectronics/view-part/?ref=snap"; VariantName = "[No Variations]"
Add component (AddParameter): Name = "Value"; Value = ""; VariantName = "[No Variations]"
Added Component: Designator=D2(DIOM4325X250N)
Add component (AddParameter): Name = "Check_prices"; Value = "https://www.snapeda.com/parts/SMAJ13CA-TR/STMicroelectronics/view-part/?ref=eda"; VariantName = "[No Variations]"
Add component (AddParameter): Name = "MF"; Value = "STMicroelectronics"; VariantName = "[No Variations]"
Add component (AddParameter): Name = "MP"; Value = "SMAJ13CA-TR"; VariantName = "[No Variations]"
Add component (AddParameter): Name = "Package"; Value = "DO-214 STMicroelectronics"; VariantName = "[No Variations]"
Add component (AddParameter): Name = "SnapEDA_Link"; Value = "https://www.snapeda.com/parts/SMAJ13CA-TR/STMicroelectronics/view-part/?ref=snap"; VariantName = "[No Variations]"
Add component (AddParameter): Name = "Value"; Value = ""; VariantName = "[No Variations]"
Added Pin To Net: NetName=VSS Pin=D1-1
Added Pin To Net: NetName=VSS Pin=D2-1
Added Pin To Net: NetName=NetD1_2 Pin=D1-2
Added Pin To Net: NetName=NetD1_2 Pin=FB3-2
Added Pin To Net: NetName=NetD1_2 Pin=J1-2
Added Net: Name=NetD1_2
Added Pin To Net: NetName=NetD2_2 Pin=D2-2
Added Pin To Net: NetName=NetD2_2 Pin=FB2-2
Added Pin To Net: NetName=NetD2_2 Pin=J1-1
Added Net: Name=NetD2_2
Added Member To Class: ClassName=RS485 Member=Component D1 SMAJ13CA
Added Member To Class: ClassName=RS485 Member=Component D2 SMAJ13CA
