Removed Pin From Net: NetName=VDD Pin=J5-1
Removed Pin From Net: NetName=Stepper1_A_IN1 Pin=J5-2
Removed Pin From Net: NetName=+5 Pin=J5-3
Removed Pin From Net: NetName=Stepper1_A_IN2 Pin=J5-4
Removed Pin From Net: NetName=8-95V Pin=J5-5
Removed Pin From Net: NetName=Stepper1_B_IN1 Pin=J5-6
Removed Pin From Net: NetName=NetIC2_23 Pin=J5-7
Removed Pin From Net: NetName=Stepper1_B_IN2 Pin=J5-8
Removed Pin From Net: NetName=NetIC2_24 Pin=J5-9
Removed Pin From Net: NetName=Stepper1_A_OUT1 Pin=J5-10
Removed Pin From Net: NetName=NetIC2_25 Pin=J5-11
Removed Pin From Net: NetName=Stepper1_A_OUT2 Pin=J5-12
Removed Pin From Net: NetName=NetIC2_26 Pin=J5-13
Removed Pin From Net: NetName=Stepper1_B_OUT1 Pin=J5-14
Removed Pin From Net: NetName=NetIC2_29 Pin=J5-15
Removed Pin From Net: NetName=Stepper1_A_OUT2 Pin=J5-16
Removed Pin From Net: NetName=NetIC2_30 Pin=J5-17
Removed Pin From Net: NetName=Stepper2_A_IN1 Pin=J5-18
Removed Pin From Net: NetName=Stepper2_A_IN2 Pin=J5-20
Removed Pin From Net: NetName=Stepper2_B_IN1 Pin=J5-22
Removed Pin From Net: NetName=Stepper2_B_IN2 Pin=J5-24
Removed Pin From Net: NetName=Stepper2_B_OUT2 Pin=J5-25
Removed Pin From Net: NetName=Stepper2_A_OUT1 Pin=J5-26
Removed Pin From Net: NetName=Stepper2_B_OUT1 Pin=J5-27
Removed Pin From Net: NetName=Stepper2_A_OUT2 Pin=J5-28
Removed Pin From Net: NetName=VSS Pin=J5-29
Removed Pin From Net: NetName=VSS Pin=J5-30
Removed Member From Class: ClassName=main Member=J5
Added Component: Designator=J?(HARWIN_M50-3902042)
Add component (AddParameter): Name = "Availability"; Value = "Unavailable"; VariantName = "[No Variations]"
Add component (AddParameter): Name = "MF"; Value = "Harwin"; VariantName = "[No Variations]"
Add component (AddParameter): Name = "MP"; Value = "M50-3902042"; VariantName = "[No Variations]"
Add component (AddParameter): Name = "Package"; Value = "None"; VariantName = "[No Variations]"
Add component (AddParameter): Name = "Price"; Value = "None"; VariantName = "[No Variations]"
Add component (AddParameter): Name = "Value"; Value = ""; VariantName = "[No Variations]"
Added Pin To Net: NetName=VDD Pin=J?-1
Added Pin To Net: NetName=Stepper1_A_IN1 Pin=J?-2
Added Pin To Net: NetName=+5 Pin=J?-3
Added Pin To Net: NetName=Stepper1_A_IN2 Pin=J?-4
Added Pin To Net: NetName=8-95V Pin=J?-5
Added Pin To Net: NetName=Stepper1_B_IN1 Pin=J?-6
Added Pin To Net: NetName=NetIC2_23 Pin=J?-7
Added Pin To Net: NetName=Stepper1_B_IN2 Pin=J?-8
Added Pin To Net: NetName=NetIC2_24 Pin=J?-9
Added Pin To Net: NetName=Stepper1_A_OUT1 Pin=J?-10
Added Pin To Net: NetName=NetIC2_25 Pin=J?-11
Added Pin To Net: NetName=Stepper1_A_OUT2 Pin=J?-12
Added Pin To Net: NetName=NetIC2_26 Pin=J?-13
Added Pin To Net: NetName=Stepper1_B_OUT1 Pin=J?-14
Added Pin To Net: NetName=NetIC2_29 Pin=J?-15
Added Pin To Net: NetName=Stepper1_B_OUT2 Pin=J?-16
Added Pin To Net: NetName=NetIC2_30 Pin=J?-17
Added Pin To Net: NetName=Stepper2_A_IN1 Pin=J?-18
Added Pin To Net: NetName=Stepper2_A_IN2 Pin=J?-20
Added Pin To Net: NetName=Stepper2_B_IN1 Pin=J?-22
Added Pin To Net: NetName=Stepper2_B_IN2 Pin=J?-24
Added Pin To Net: NetName=Stepper2_A_OUT1 Pin=J?-26
Added Pin To Net: NetName=Stepper2_A_OUT2 Pin=J?-28
Added Pin To Net: NetName=Stepper2_B_OUT1 Pin=J?-30
Added Pin To Net: NetName=Stepper2_B_OUT2 Pin=J?-32
Added Pin To Net: NetName=VDD Pin=J?-37
Added Pin To Net: NetName=VSS Pin=J?-39
Added Pin To Net: NetName=VSS Pin=J?-40
Added Member To Class: ClassName=main Member=Component J? M50-3902042
