Removed Pin From Net: NetName=+5 Pin=C1-1
Removed Pin From Net: NetName=GND Pin=C1-2
Removed Pin From Net: NetName=GND Pin=C2-1
Removed Pin From Net: NetName=8-48V Pin=C2-2
Removed Pin From Net: NetName=+5 Pin=C9-2
Removed Pin From Net: NetName=GND Pin=C16-1
Removed Pin From Net: NetName=3V3 Pin=C16-2
Removed Pin From Net: NetName=GND Pin=C22-1
Removed Pin From Net: NetName=3V3 Pin=C22-2
Removed Pin From Net: NetName=GND Pin=C23-1
Removed Pin From Net: NetName=3V3 Pin=C23-2
Removed Pin From Net: NetName=GND Pin=C26-1
Removed Pin From Net: NetName=VCAP Pin=C26-2
Removed Pin From Net: NetName=GND Pin=C29-1
Removed Pin From Net: NetName=8-48V Pin=C29-2
Removed Pin From Net: NetName=GND Pin=D4-1
Removed Pin From Net: NetName=8-48V Pin=IC1-3
Removed Pin From Net: NetName=GND Pin=IC1-8
Removed Pin From Net: NetName=GND Pin=IC1-9
Removed Pin From Net: NetName=3V3 Pin=IC2-6
Removed Pin From Net: NetName=GND Pin=IC2-10
Removed Pin From Net: NetName=3V3 Pin=IC2-11
Removed Pin From Net: NetName=OSC_IN Pin=IC2-12
Removed Pin From Net: NetName=OSC_OUT Pin=IC2-13
Removed Pin From Net: NetName=NRST Pin=IC2-14
Removed Pin From Net: NetName=3V3 Pin=IC2-19
Removed Pin From Net: NetName=GND Pin=IC2-20
Removed Pin From Net: NetName=VREF Pin=IC2-21
Removed Pin From Net: NetName=3V3 Pin=IC2-22
Removed Pin From Net: NetName=GND Pin=IC2-27
Removed Pin From Net: NetName=3V3 Pin=IC2-28
Removed Pin From Net: NetName=GPIO_1 Pin=IC2-33
Removed Pin From Net: NetName=GPIO_2 Pin=IC2-34
Removed Pin From Net: NetName=LED Pin=IC2-36
Removed Pin From Net: NetName=VCAP Pin=IC2-49
Removed Pin From Net: NetName=3V3 Pin=IC2-50
Removed Pin From Net: NetName=SWDIO Pin=IC2-72
Removed Pin From Net: NetName=VCAP Pin=IC2-73
Removed Pin From Net: NetName=GND Pin=IC2-74
Removed Pin From Net: NetName=3V3 Pin=IC2-75
Removed Pin From Net: NetName=SWCLK Pin=IC2-76
Removed Pin From Net: NetName=BTN Pin=IC2-91
Removed Pin From Net: NetName=GND Pin=IC2-99
Removed Pin From Net: NetName=3V3 Pin=IC2-100
Removed Pin From Net: NetName=GND Pin=R10-1
Removed Member From Class: ClassName=DCDC_5V0 Member=C7
Removed Member From Class: ClassName=DCDC_5V0 Member=C8
Removed Member From Class: ClassName=DCDC_5V0 Member=C9
Removed Member From Class: ClassName=STM32 Member=C27
Removed Member From Class: ClassName=STM32 Member=C28
Removed Member From Class: ClassName=DCDC_5V0 Member=C29
Removed Member From Class: ClassName=STM32 Member=C30
Removed Member From Class: ClassName=STM32 Member=C31
Removed Member From Class: ClassName=DCDC_5V0 Member=D4
Removed Member From Class: ClassName=STM32 Member=IC2
Removed Member From Class: ClassName=main Member=J7
Change Component Footprint: Designator=IC1 Old Footprint=SOIC127P600X170-9N New Footprint=SOT95P280X145-6N
Change Component Comment : Designator=C10 Old Comment=4.7uF New Comment=10uF
Change Component Comment : Designator=R2 Old Comment=10K New Comment=22.1K
Change Component Comment : Designator=R1 Old Comment=240K New Comment=118K
Change Component Comment : Designator=L1 Old Comment=F1D1-060603W-R47M New Comment=33uH
Change Component Comment : Designator=IC1 Old Comment=MP9486AGN-Z New Comment=LMR51610YFDBVR
Change Component Designator: OldDesignator=C3 NewDesignator=C4
Change Component Designator: OldDesignator=C4 NewDesignator=C5
Change Component Designator: OldDesignator=C5 NewDesignator=C6
Change Component Designator: OldDesignator=C6 NewDesignator=C7
Change Component Designator: OldDesignator=C7 NewDesignator=C1
Change Component Designator: OldDesignator=C9 NewDesignator=C2
Change Component Designator: OldDesignator=C10 NewDesignator=C3
Change Component Designator: OldDesignator=C11 NewDesignator=C10
Change Component Designator: OldDesignator=C12 NewDesignator=C11
Change Component Designator: OldDesignator=C13 NewDesignator=C8
Change Component Designator: OldDesignator=C14 NewDesignator=C9
Change Component Designator: OldDesignator=C15 NewDesignator=C14
Change Component Designator: OldDesignator=C17 NewDesignator=C12
Change Component Designator: OldDesignator=C18 NewDesignator=C15
Change Component Designator: OldDesignator=C19 NewDesignator=C16
Change Component Designator: OldDesignator=C20 NewDesignator=C17
Change Component Designator: OldDesignator=C21 NewDesignator=C18
Change Component Designator: OldDesignator=C24 NewDesignator=C19
Change Component Designator: OldDesignator=C25 NewDesignator=C24
Change Component Designator: OldDesignator=C27 NewDesignator=C25
Change Component Designator: OldDesignator=C28 NewDesignator=C26
Change Component Designator: OldDesignator=C30 NewDesignator=C23
Change Component Designator: OldDesignator=C31 NewDesignator=C22
Change Component Designator: OldDesignator=C32 NewDesignator=C20
Change Component Designator: OldDesignator=C33 NewDesignator=C21
Change Component Designator: OldDesignator=D1 NewDesignator=D2
Change Component Designator: OldDesignator=D2 NewDesignator=D3
Change Component Designator: OldDesignator=D3 NewDesignator=D1
Change Component Designator: OldDesignator=J2 NewDesignator=J4
Change Component Designator: OldDesignator=J3 NewDesignator=J8
Change Component Designator: OldDesignator=J4 NewDesignator=J6
Change Component Designator: OldDesignator=J5 NewDesignator=J7
Change Component Designator: OldDesignator=J6 NewDesignator=J5
Change Component Designator: OldDesignator=J7 NewDesignator=J2
Change Component Designator: OldDesignator=J8 NewDesignator=J3
Change Component Designator: OldDesignator=LED1 NewDesignator=LED2
Change Component Designator: OldDesignator=LED2 NewDesignator=LED1
Change Component Designator: OldDesignator=R1 NewDesignator=R2
Change Component Designator: OldDesignator=R2 NewDesignator=R1
Change Component Designator: OldDesignator=R3 NewDesignator=R4
Change Component Designator: OldDesignator=R4 NewDesignator=R5
Change Component Designator: OldDesignator=R5 NewDesignator=R6
Change Component Designator: OldDesignator=R6 NewDesignator=R8
Change Component Designator: OldDesignator=R8 NewDesignator=R9
Change Component Designator: OldDesignator=R9 NewDesignator=R3
Change Component Designator: OldDesignator=S1 NewDesignator=S3
Change Component Designator: OldDesignator=S3 NewDesignator=S1
Change Component Designator: OldDesignator=U1 NewDesignator=U2
Change Component Designator: OldDesignator=U2 NewDesignator=U1
Change component parameters: Designator = "C10" ("C3"); Footprint = "SMD_CAPACITOR_0805"; UniqueID = "\WFLSSHLH\GMMGKNNY\JZSRMDRB" ("\WFLSSHLH\GMMGKNNY\JZSRMDRB")
Change component parameters (AddParameter): Name = "0805"; Value = "http://cz.farnell.com/webapp/wcs/stores/servlet/Search?catalogId=15001&langId=420&storeId=10156&categoryId=700000005423&sort=P_PRICE&pageSize=100&beginIndex=1&showResults=true&sf=502,707&pf=1010141074,1012080068,1012245578"; VariantName = "[No Variations]"
Change component parameters (AddParameter): Name = "1206"; Value = "http://cz.farnell.com/webapp/wcs/stores/servlet/Search?catalogId=15001&langId=420&storeId=10156&categoryId=700000005423&sort=P_PRICE&pageSize=100&beginIndex=1&showResults=true&sf=502,707&pf=1012245584"; VariantName = "[No Variations]"
Change component parameters (AddParameter): Name = "Value"; Value = "10uF"; VariantName = "[No Variations]"
Change component parameters: Designator = "IC1" ("IC1"); Footprint = "SOIC127P600X170-9N"; UniqueID = "\WFLSSHLH\GMMGKNNY\YHHBNKXI" ("\WFLSSHLH\GMMGKNNY\YHHBNKXI")
Change component parameters (AddParameter): Name = "Arrow Part Number"; Value = "LMR51610YFDBVR"; VariantName = "[No Variations]"
Change component parameters (AddParameter): Name = "Arrow Price/Stock"; Value = "https://www.arrow.com/en/products/lmr51610yfdbvr/texas-instruments?utm_currency=USD&region=nac"; VariantName = "[No Variations]"
Change component parameters (AddParameter): Name = "Datasheet Link"; Value = "https://www.ti.com/lit/ds/symlink/lmr51610.pdf?ts=1727151330338&ref_url=https%253A%252F%252Fwww.mouser.in%252F"; VariantName = "[No Variations]"
Change component parameters (AddParameter): Name = "Height"; Value = "1.45mm"; VariantName = "[No Variations]"
Change component parameters (AddParameter): Name = "Manufacturer_Name"; Value = "Texas Instruments"; VariantName = "[No Variations]"
Change component parameters (AddParameter): Name = "Manufacturer_Part_Number"; Value = "LMR51610YFDBVR"; VariantName = "[No Variations]"
Change component parameters (AddParameter): Name = "Mouser Part Number"; Value = "595-LMR51610YFDBVR"; VariantName = "[No Variations]"
Change component parameters (AddParameter): Name = "Mouser Price/Stock"; Value = "https://www.mouser.co.uk/ProductDetail/Texas-Instruments/LMR51610YFDBVR?qs=dbcCsuKDzFWbILGJVHCR7g%3D%3D"; VariantName = "[No Variations]"
Change component parameters: Designator = "R1" ("R2"); Footprint = "SMD_RESISTOR_0805"; UniqueID = "\WFLSSHLH\GMMGKNNY\ZERQVPMN" ("\WFLSSHLH\GMMGKNNY\ZERQVPMN")
Change component parameters (AddParameter): Name = "0805"; Value = "http://cz.farnell.com/webapp/wcs/stores/servlet/Search?catalogId=15001&langId=420&storeId=10156&categoryId=700000005450&sort=P_PRICE&pageSize=100&showResults=true&sf=502,707&pf=1012211743"; VariantName = "[No Variations]"
Change component parameters (AddParameter): Name = "1206"; Value = "http://cz.farnell.com/webapp/wcs/stores/servlet/Search?catalogId=15001&langId=420&storeId=10156&categoryId=700000005450&pageSize=100&showResults=true&sf=502,707&pf=1012211755"; VariantName = "[No Variations]"
Change component parameters (AddParameter): Name = "Value"; Value = "118K"; VariantName = "[No Variations]"
Change component parameters: Designator = "R2" ("R1"); Footprint = "SMD_RESISTOR_0805"; UniqueID = "\WFLSSHLH\GMMGKNNY\WEPACHBM" ("\WFLSSHLH\GMMGKNNY\WEPACHBM")
Change component parameters (AddParameter): Name = "0805"; Value = "http://cz.farnell.com/webapp/wcs/stores/servlet/Search?catalogId=15001&langId=420&storeId=10156&categoryId=700000005450&sort=P_PRICE&pageSize=100&showResults=true&sf=502,707&pf=1012211743"; VariantName = "[No Variations]"
Change component parameters (AddParameter): Name = "1206"; Value = "http://cz.farnell.com/webapp/wcs/stores/servlet/Search?catalogId=15001&langId=420&storeId=10156&categoryId=700000005450&pageSize=100&showResults=true&sf=502,707&pf=1012211755"; VariantName = "[No Variations]"
Change component parameters (AddParameter): Name = "Value"; Value = "22.1K"; VariantName = "[No Variations]"
Added Component: Designator=C13(SMD_CAPACITOR_0805)
Add component (AddParameter): Name = "0805"; Value = "http://cz.farnell.com/webapp/wcs/stores/servlet/Search?catalogId=15001&langId=420&storeId=10156&categoryId=700000005423&sort=P_PRICE&pageSize=100&beginIndex=1&showResults=true&sf=502,707&pf=1010141074,1012080068,1012245578"; VariantName = "[No Variations]"
Add component (AddParameter): Name = "1206"; Value = "http://cz.farnell.com/webapp/wcs/stores/servlet/Search?catalogId=15001&langId=420&storeId=10156&categoryId=700000005423&sort=P_PRICE&pageSize=100&beginIndex=1&showResults=true&sf=502,707&pf=1012245584"; VariantName = "[No Variations]"
Add component (AddParameter): Name = "Value"; Value = "100nF"; VariantName = "[No Variations]"
Added Component: Designator=FB5(BEADC2012X105N)
Add component (AddParameter): Name = "Check_prices"; Value = "https://www.snapeda.com/parts/FBMJ2125HM330-T/Taiyo%20Yuden/view-part/334753/?ref=eda"; VariantName = "[No Variations]"
Add component (AddParameter): Name = "Digi-Key_Part_Number"; Value = "587-1766-1-ND"; VariantName = "[No Variations]"
Add component (AddParameter): Name = "MF"; Value = "Taiyo Yuden"; VariantName = "[No Variations]"
Add component (AddParameter): Name = "MP"; Value = "FBMJ2125HM330-T"; VariantName = "[No Variations]"
Add component (AddParameter): Name = "Package"; Value = "2012 Taiyo Yuden"; VariantName = "[No Variations]"
Add component (AddParameter): Name = "Purchase-URL"; Value = "https://pricing.snapeda.com/search/part/FBMJ2125HM330-T/?ref=eda"; VariantName = "[No Variations]"
Add component (AddParameter): Name = "SnapEDA_Link"; Value = "https://www.snapeda.com/parts/FBMJ2125HM330-T/Taiyo%20Yuden/view-part/334753/?ref=snap"; VariantName = "[No Variations]"
Add component (AddParameter): Name = "Value"; Value = ""; VariantName = "[No Variations]"
Added Component: Designator=U3(QFP50P1200X1200X160-64N)
Add component (AddParameter): Name = "Availability"; Value = "In Stock"; VariantName = "[No Variations]"
Add component (AddParameter): Name = "Check_prices"; Value = "https://www.snapeda.com/parts/STM32F446RET6TR/STMicroelectronics/view-part/?ref=eda"; VariantName = "[No Variations]"
Add component (AddParameter): Name = "MF"; Value = "STMicroelectronics"; VariantName = "[No Variations]"
Add component (AddParameter): Name = "MP"; Value = "STM32F446RET6TR"; VariantName = "[No Variations]"
Add component (AddParameter): Name = "Package"; Value = "LQFP-64 STMicroelectronics"; VariantName = "[No Variations]"
Add component (AddParameter): Name = "Price"; Value = "None"; VariantName = "[No Variations]"
Add component (AddParameter): Name = "Purchase-URL"; Value = "https://pricing.snapeda.com/search/part/STM32F446RET6TR/?ref=eda"; VariantName = "[No Variations]"
Add component (AddParameter): Name = "SnapEDA_Link"; Value = "https://www.snapeda.com/parts/STM32F446RET6TR/STMicroelectronics/view-part/?ref=snap"; VariantName = "[No Variations]"
Add component (AddParameter): Name = "Value"; Value = ""; VariantName = "[No Variations]"
Added Component: Designator=V1(VAR_VJ13MC0600KBA)
Add component (AddParameter): Name = "Check_prices"; Value = "https://www.snapeda.com/parts/VJ13MC0600KBA/Kyocera/view-part/?ref=eda"; VariantName = "[No Variations]"
Add component (AddParameter): Name = "MF"; Value = "KYOCERA AVX"; VariantName = "[No Variations]"
Add component (AddParameter): Name = "MP"; Value = "VJ13MC0600KBA"; VariantName = "[No Variations]"
Add component (AddParameter): Name = "Package"; Value = "1210 AVX"; VariantName = "[No Variations]"
Add component (AddParameter): Name = "SnapEDA_Link"; Value = "https://www.snapeda.com/parts/VJ13MC0600KBA/Kyocera/view-part/?ref=snap"; VariantName = "[No Variations]"
Add component (AddParameter): Name = "Value"; Value = ""; VariantName = "[No Variations]"
Added Pin To Net: NetName=GND Pin=C13-1
Added Pin To Net: NetName=3V3 Pin=C13-2
Added Pin To Net: NetName=3V3 Pin=FB5-1
Added Pin To Net: NetName=VREF Pin=FB5-2
Added Pin To Net: NetName=GND Pin=IC1-2
Added Pin To Net: NetName=8-48V Pin=IC1-4
Added Pin To Net: NetName=8-48V Pin=IC1-5
Added Pin To Net: NetName=GND Pin=R10-2
Added Pin To Net: NetName=3V3 Pin=U3-1
Added Pin To Net: NetName=LED Pin=U3-2
Added Pin To Net: NetName=GPIO_2 Pin=U3-3
Added Pin To Net: NetName=GPIO_1 Pin=U3-4
Added Pin To Net: NetName=OSC_IN Pin=U3-5
Added Pin To Net: NetName=OSC_OUT Pin=U3-6
Added Pin To Net: NetName=NRST Pin=U3-7
Added Pin To Net: NetName=GND Pin=U3-12
Added Pin To Net: NetName=VREF Pin=U3-13
Added Pin To Net: NetName=GND Pin=U3-18
Added Pin To Net: NetName=3V3 Pin=U3-19
Added Pin To Net: NetName=VCAP Pin=U3-30
Added Pin To Net: NetName=GND Pin=U3-31
Added Pin To Net: NetName=3V3 Pin=U3-32
Added Pin To Net: NetName=BTN Pin=U3-34
Added Pin To Net: NetName=GND Pin=U3-47
Added Pin To Net: NetName=3V3 Pin=U3-48
Added Pin To Net: NetName=GND Pin=U3-63
Added Pin To Net: NetName=3V3 Pin=U3-64
Added Pin To Net: NetName=GND Pin=V1-2
Change Net Name : Old Net Name=NetD1_2 New Net Name=NetD2_2
Change Net Name : Old Net Name=NetD2_2 New Net Name=NetD3_2
Change Net Name : Old Net Name=NetD3_2 New Net Name=NetD1_2
Change Net Name : Old Net Name=NetJ2_1 New Net Name=NetJ4_1
Change Net Name : Old Net Name=NetJ2_3 New Net Name=NetJ4_3
Change Net Name : Old Net Name=NetJ2_5 New Net Name=NetJ4_5
Change Net Name : Old Net Name=NetJ2_7 New Net Name=NetJ4_7
Change Net Name : Old Net Name=NetJ2_9 New Net Name=NetJ4_9
Change Net Name : Old Net Name=NetJ2_11 New Net Name=NetJ4_11
Change Net Name : Old Net Name=NetJ2_13 New Net Name=NetJ4_13
Change Net Name : Old Net Name=NetJ2_15 New Net Name=NetJ4_15
Change Net Name : Old Net Name=NetJ2_17 New Net Name=NetJ4_17
Change Net Name : Old Net Name=NetJ2_19 New Net Name=NetJ4_19
Change Net Name : Old Net Name=NetJ2_21 New Net Name=NetJ4_21
Change Net Name : Old Net Name=NetJ2_23 New Net Name=NetJ4_23
Change Net Name : Old Net Name=NetJ2_25 New Net Name=NetJ4_25
Change Net Name : Old Net Name=NetJ2_27 New Net Name=NetJ4_27
Change Net Name : Old Net Name=NetJ2_29 New Net Name=NetJ4_29
Change Net Name : Old Net Name=NetJ2_31 New Net Name=NetJ4_31
Change Net Name : Old Net Name=NetLED1_1 New Net Name=NetLED2_1
Change Net Name : Old Net Name=NetLED2_1 New Net Name=NetLED1_1
Change Net Name : Old Net Name=NetR4_1 New Net Name=NetR5_1
Change Net Name : Old Net Name=NetR5_1 New Net Name=NetR6_1
Added Pin To Net: NetName=NetC2_1 Pin=C2-1
Added Pin To Net: NetName=NetC2_1 Pin=IC1-6
Added Pin To Net: NetName=NetC2_1 Pin=L1-1
Added Net: Name=NetC2_1
Added Pin To Net: NetName=NetC2_2 Pin=C2-2
Added Pin To Net: NetName=NetC2_2 Pin=IC1-1
Added Net: Name=NetC2_2
Added Pin To Net: NetName=NetD1_1 Pin=D1-1
Added Pin To Net: NetName=NetD1_1 Pin=J7-2
Added Pin To Net: NetName=NetD1_1 Pin=V1-1
Added Net: Name=NetD1_1
Added Pin To Net: NetName=NetIC1_3 Pin=IC1-3
Added Pin To Net: NetName=NetIC1_3 Pin=R1-2
Added Pin To Net: NetName=NetIC1_3 Pin=R2-1
Added Net: Name=NetIC1_3
Added Pin To Net: NetName=NetJ4_8 Pin=J4-8
Added Pin To Net: NetName=NetJ4_8 Pin=U3-15
Added Net: Name=NetJ4_8
Added Pin To Net: NetName=NetJ4_10 Pin=J4-10
Added Pin To Net: NetName=NetJ4_10 Pin=U3-16
Added Net: Name=NetJ4_10
Added Pin To Net: NetName=NetJ4_12 Pin=J4-12
Added Pin To Net: NetName=NetJ4_12 Pin=U3-17
Added Net: Name=NetJ4_12
Added Pin To Net: NetName=NetJ4_14 Pin=J4-14
Added Pin To Net: NetName=NetJ4_14 Pin=U3-20
Added Net: Name=NetJ4_14
Added Pin To Net: NetName=NetJ4_16 Pin=J4-16
Added Pin To Net: NetName=NetJ4_16 Pin=U3-41
Added Net: Name=NetJ4_16
Added Pin To Net: NetName=NetJ4_18 Pin=J4-18
Added Pin To Net: NetName=NetJ4_18 Pin=U3-23
Added Net: Name=NetJ4_18
Added Pin To Net: NetName=NetJ4_20 Pin=J4-20
Added Pin To Net: NetName=NetJ4_20 Pin=U3-22
Added Net: Name=NetJ4_20
Added Pin To Net: NetName=NetJ4_22 Pin=J4-22
Added Pin To Net: NetName=NetJ4_22 Pin=U3-21
Added Net: Name=NetJ4_22
Added Pin To Net: NetName=NetJ4_24 Pin=J4-24
Added Pin To Net: NetName=NetJ4_24 Pin=U3-59
Added Net: Name=NetJ4_24
Added Pin To Net: NetName=NetJ4_26 Pin=J4-26
Added Pin To Net: NetName=NetJ4_26 Pin=U3-58
Added Net: Name=NetJ4_26
Added Pin To Net: NetName=NetJ4_28 Pin=J4-28
Added Pin To Net: NetName=NetJ4_28 Pin=U3-54
Added Net: Name=NetJ4_28
Added Pin To Net: NetName=NetJ4_30 Pin=J4-30
Added Pin To Net: NetName=NetJ4_30 Pin=U3-53
Added Net: Name=NetJ4_30
Added Pin To Net: NetName=NetJ4_32 Pin=J4-32
Added Pin To Net: NetName=NetJ4_32 Pin=U3-9
Added Net: Name=NetJ4_32
Added Pin To Net: NetName=NetJ4_34 Pin=J4-34
Added Pin To Net: NetName=NetJ4_34 Pin=U3-10
Added Net: Name=NetJ4_34
Added Pin To Net: NetName=NetR4_1 Pin=R4-1
Added Pin To Net: NetName=NetR4_1 Pin=U2-1
Added Pin To Net: NetName=NetR4_1 Pin=U3-43
Added Net: Name=NetR4_1
Added Pin To Net: NetName=NetR10_1 Pin=R10-1
Added Pin To Net: NetName=NetR10_1 Pin=U3-60
Added Net: Name=NetR10_1
Added Pin To Net: NetName=NetS1_A1 Pin=S1-A1
Added Pin To Net: NetName=NetS1_A1 Pin=U3-40
Added Net: Name=NetS1_A1
Added Pin To Net: NetName=NetS1_A2 Pin=S1-A2
Added Pin To Net: NetName=NetS1_A2 Pin=U3-39
Added Net: Name=NetS1_A2
Added Pin To Net: NetName=NetS1_A3 Pin=S1-A3
Added Pin To Net: NetName=NetS1_A3 Pin=U3-38
Added Net: Name=NetS1_A3
Added Pin To Net: NetName=NetS1_A4 Pin=S1-A4
Added Pin To Net: NetName=NetS1_A4 Pin=U3-37
Added Net: Name=NetS1_A4
Added Pin To Net: NetName=NetS1_A5 Pin=S1-A5
Added Pin To Net: NetName=NetS1_A5 Pin=U3-36
Added Net: Name=NetS1_A5
Added Pin To Net: NetName=NetU2_2 Pin=U2-2
Added Pin To Net: NetName=NetU2_2 Pin=U2-3
Added Pin To Net: NetName=NetU2_2 Pin=U3-45
Added Net: Name=NetU2_2
Added Pin To Net: NetName=NetU2_4 Pin=U2-4
Added Pin To Net: NetName=NetU2_4 Pin=U3-42
Added Net: Name=NetU2_4
Added Member To Class: ClassName=STM32 Member=Component C13 100nF
Added Member To Class: ClassName=STM32 Member=Component FB5 FBMJ2125HM330-T
Added Member To Class: ClassName=main Member=Component J6 1725711
Added Member To Class: ClassName=STM32 Member=Component U3 STM32F446RET6TR
Added Member To Class: ClassName=power Member=Component V1 VJ13MC0600KBA
