Added Component: Designator=D1(DIOM4325X250N)
Add component (AddParameter): Name = "Availability"; Value = "Unavailable"; VariantName = "[No Variations]"
Add component (AddParameter): Name = "MF"; Value = ""; VariantName = "[No Variations]"
Add component (AddParameter): Name = "MP"; Value = "SMAJ13CA"; VariantName = "[No Variations]"
Add component (AddParameter): Name = "Package"; Value = "None"; VariantName = "[No Variations]"
Add component (AddParameter): Name = "Price"; Value = "None"; VariantName = "[No Variations]"
Add component (AddParameter): Name = "Value"; Value = ""; VariantName = "[No Variations]"
Added Component: Designator=D2(DIOM4325X250N)
Add component (AddParameter): Name = "Availability"; Value = "Unavailable"; VariantName = "[No Variations]"
Add component (AddParameter): Name = "MF"; Value = ""; VariantName = "[No Variations]"
Add component (AddParameter): Name = "MP"; Value = "SMAJ13CA"; VariantName = "[No Variations]"
Add component (AddParameter): Name = "Package"; Value = "None"; VariantName = "[No Variations]"
Add component (AddParameter): Name = "Price"; Value = "None"; VariantName = "[No Variations]"
Add component (AddParameter): Name = "Value"; Value = ""; VariantName = "[No Variations]"
Add Component: Footprint Not Found BEADC2012X105N
Add Component: Footprint Not Found BEADC2012X105N
Add Component: Footprint Not Found BEADC2012X105N
Add Component: Footprint Not Found BEADC2012X105N
Add Component: Footprint Not Found SOIC127P600X170-9N
Add Component: Footprint Not Found 691216510003S
Add Component: Footprint Not Found 691216510002S
Add Component: Footprint Not Found SOIC127P599X175-8N
Added Pin To Net: NetName=GND Pin=D1-1
Added Pin To Net: NetName=NetD1_2 Pin=D1-2
Added Pin To Net: NetName=GND Pin=D2-1
Added Pin To Net: NetName=NetD2_2 Pin=D2-2
Add Pin To Net: Unknown Pin: Pin FB1-1
Add Pin To Net: Unknown Pin: Pin FB1-2
Add Pin To Net: Unknown Pin: Pin FB2-1
Add Pin To Net: Unknown Pin: Pin FB2-2
Add Pin To Net: Unknown Pin: Pin FB3-1
Add Pin To Net: Unknown Pin: Pin FB3-2
Add Pin To Net: Unknown Pin: Pin FB4-1
Add Pin To Net: Unknown Pin: Pin FB4-2
Add Pin To Net: Unknown Pin: Pin IC1-1
Add Pin To Net: Unknown Pin: Pin IC1-3
Add Pin To Net: Unknown Pin: Pin IC1-4
Add Pin To Net: Unknown Pin: Pin IC1-5
Add Pin To Net: Unknown Pin: Pin IC1-6
Add Pin To Net: Unknown Pin: Pin IC1-7
Add Pin To Net: Unknown Pin: Pin IC1-8
Add Pin To Net: Unknown Pin: Pin IC1-9
Add Pin To Net: Unknown Pin: Pin J1-1
Add Pin To Net: Unknown Pin: Pin J1-2
Add Pin To Net: Unknown Pin: Pin J1-3
Add Pin To Net: Unknown Pin: Pin J2-1
Add Pin To Net: Unknown Pin: Pin J2-2
Add Pin To Net: Unknown Pin: Pin U3-2
Add Pin To Net: Unknown Pin: Pin U3-7
Added Member To Class: ClassName=RS485 Member=Component D1 SMAJ13CA
Added Member To Class: ClassName=RS485 Member=Component D2 SMAJ13CA
Add Class Member: Failed to add class member : Component FB1 FBMJ2125HM330-T
Add Class Member: Failed to add class member : Component FB2 FBMJ2125HM330-T
Add Class Member: Failed to add class member : Component FB3 FBMJ2125HM330-T
Add Class Member: Failed to add class member : Component FB4 FBMJ2125HM330-T
Add Class Member: Failed to add class member : Component IC1 MP9486AGN-Z
Add Class Member: Failed to add class member : Component J1 691216510003S
Add Class Member: Failed to add class member : Component J2 691216510002S
Add Class Member: Failed to add class member : Component U3 SN65HVD72D
