Change Component Description : Designator=L1 Old Description=High Current Shielded Power Inductor New Description=High Current Shielded Power Inductor | 33uH | 18A | 1LN | 7.3 x 6.8 x 3mm Footprint | 3mm Height Profile
Change Component Description : Designator=J2 Old Description=PCB Terminal Screw 2.54mm 20AWG 160V 6A 2 Position COMBICON MPT Series New Description=PCB Terminal Screw 2.54mm 20AWG 160V 6A 2 Position COMBICON MPT Series | Phoenix Contact 1725656
Change Component Description : Designator=J7 Old Description=PCB Terminal Screw 2.54mm 20AWG 160V 6A 2 Position COMBICON MPT Series New Description=PCB Terminal Screw 2.54mm 20AWG 160V 6A 2 Position COMBICON MPT Series | Phoenix Contact 1725656
Change Component Description : Designator=J1 Old Description=PCB Terminal Screw 2.54mm 20AWG 160V 6A 3 Position COMBICON MPT Series New Description=PCB Terminal Screw 2.54mm 20AWG 160V 6A 3 Position COMBICON MPT Series | Phoenix Contact 1725669
Added Component: Designator=C8(CAPC3225X280N)
Add component (AddParameter): Name = "Check_prices"; Value = "https://www.snapeda.com/parts/HMJ325KC7475KMHPE/Taiyo+Yuden/view-part/?ref=eda"; VariantName = "[No Variations]"
Add component (AddParameter): Name = "MF"; Value = "Taiyo Yuden"; VariantName = "[No Variations]"
Add component (AddParameter): Name = "MP"; Value = "HMJ325KC7475KMHPE"; VariantName = "[No Variations]"
Add component (AddParameter): Name = "Package"; Value = "3225 Taiyo Yuden"; VariantName = "[No Variations]"
Add component (AddParameter): Name = "SnapEDA_Link"; Value = "https://www.snapeda.com/parts/HMJ325KC7475KMHPE/Taiyo+Yuden/view-part/?ref=snap"; VariantName = "[No Variations]"
Add component (AddParameter): Name = "Value"; Value = ""; VariantName = "[No Variations]"
Added Component: Designator=C9(CAPC3225X280N)
Add component (AddParameter): Name = "Check_prices"; Value = "https://www.snapeda.com/parts/HMJ325KC7475KMHPE/Taiyo+Yuden/view-part/?ref=eda"; VariantName = "[No Variations]"
Add component (AddParameter): Name = "MF"; Value = "Taiyo Yuden"; VariantName = "[No Variations]"
Add component (AddParameter): Name = "MP"; Value = "HMJ325KC7475KMHPE"; VariantName = "[No Variations]"
Add component (AddParameter): Name = "Package"; Value = "3225 Taiyo Yuden"; VariantName = "[No Variations]"
Add component (AddParameter): Name = "SnapEDA_Link"; Value = "https://www.snapeda.com/parts/HMJ325KC7475KMHPE/Taiyo+Yuden/view-part/?ref=snap"; VariantName = "[No Variations]"
Add component (AddParameter): Name = "Value"; Value = ""; VariantName = "[No Variations]"
Added Pin To Net: NetName=GND Pin=C8-1
Added Pin To Net: NetName=8-48V Pin=C8-2
Added Pin To Net: NetName=GND Pin=C9-1
Added Pin To Net: NetName=8-48V Pin=C9-2
Added Member To Class: ClassName=power Member=Component C8 10uF
Added Member To Class: ClassName=power Member=Component C9 10uF
