Change Component Designator: Old Designator=C15 New Designator=C17
Change Component Designator: Old Designator=C17 New Designator=C16
Change Component Designator: Old Designator=C18 New Designator=C19
Change Component Designator: Old Designator=C19 New Designator=C20
Change Component Designator: Old Designator=C20 New Designator=C21
Change Component Designator: Old Designator=C21 New Designator=C22
Change Component Designator: Old Designator=C24 New Designator=C23
Change Component Designator: Old Designator=C25 New Designator=C28
Change Component Designator: Old Designator=C27 New Designator=C29
Change Component Designator: Old Designator=C28 New Designator=C30
Change Component Designator: Old Designator=C30 New Designator=C27
Change Component Designator: Old Designator=C31 New Designator=C26
Change Component Designator: Old Designator=C32 New Designator=C24
Change Component Designator: Old Designator=C33 New Designator=C25
Change Component Designator: Old Designator=C? New Designator=C18
Change Component Designator: Old Designator=FB? New Designator=FB5
Change Component Designator: Old Designator=J3 New Designator=J8
Change Component Designator: Old Designator=LED1 New Designator=LED2
Change Component Designator: Old Designator=R6 New Designator=R8
Change Component Designator: Old Designator=R8 New Designator=R9
Change Component Designator: Old Designator=S1 New Designator=S3
Change Component Designator: Old Designator=U? New Designator=U3
