Removed Pin From Net: NetName=Stepper_powerSupply Pin=C5.1-2
Removed Pin From Net: NetName=Stepper_powerSupply Pin=C5.2-2
Removed Pin From Net: NetName=Stepper_powerSupply Pin=C5.3-2
Removed Pin From Net: NetName=Stepper_powerSupply Pin=C5.4-2
Add Component: Footprint Not Found SOIC127P599X175-8N
Add Component: Footprint Not Found SOIC127P599X175-8N
Add Component: Footprint Not Found SOIC127P599X175-8N
Add Component: Footprint Not Found SOIC127P599X175-8N
Add Component: Footprint Not Found SOIC127P599X175-8N
Add Component: Footprint Not Found SOIC127P599X175-8N
Add Component: Footprint Not Found SOIC127P599X175-8N
Add Component: Footprint Not Found SOIC127P599X175-8N
Added Pin To Net: NetName=VCC Pin=C5.1-2
Added Pin To Net: NetName=VCC Pin=C5.2-2
Added Pin To Net: NetName=VCC Pin=C5.3-2
Added Pin To Net: NetName=VCC Pin=C5.4-2
Add Pin To Net: Unknown Pin: Pin U1.1-1
Add Pin To Net: Unknown Pin: Pin U1.1-2
Add Pin To Net: Unknown Pin: Pin U1.1-3
Add Pin To Net: Unknown Pin: Pin U1.1-4
Add Pin To Net: Unknown Pin: Pin U1.1-5
Add Pin To Net: Unknown Pin: Pin U1.1-6
Add Pin To Net: Unknown Pin: Pin U1.1-7
Add Pin To Net: Unknown Pin: Pin U1.2-1
Add Pin To Net: Unknown Pin: Pin U1.2-2
Add Pin To Net: Unknown Pin: Pin U1.2-3
Add Pin To Net: Unknown Pin: Pin U1.2-4
Add Pin To Net: Unknown Pin: Pin U1.2-5
Add Pin To Net: Unknown Pin: Pin U1.2-6
Add Pin To Net: Unknown Pin: Pin U1.2-7
Add Pin To Net: Unknown Pin: Pin U1.3-1
Add Pin To Net: Unknown Pin: Pin U1.3-2
Add Pin To Net: Unknown Pin: Pin U1.3-3
Add Pin To Net: Unknown Pin: Pin U1.3-4
Add Pin To Net: Unknown Pin: Pin U1.3-5
Add Pin To Net: Unknown Pin: Pin U1.3-6
Add Pin To Net: Unknown Pin: Pin U1.3-7
Add Pin To Net: Unknown Pin: Pin U1.4-1
Add Pin To Net: Unknown Pin: Pin U1.4-2
Add Pin To Net: Unknown Pin: Pin U1.4-3
Add Pin To Net: Unknown Pin: Pin U1.4-4
Add Pin To Net: Unknown Pin: Pin U1.4-5
Add Pin To Net: Unknown Pin: Pin U1.4-6
Add Pin To Net: Unknown Pin: Pin U1.4-7
Add Pin To Net: Unknown Pin: Pin U2.1-1
Add Pin To Net: Unknown Pin: Pin U2.2-1
Add Pin To Net: Unknown Pin: Pin U2.3-1
Add Pin To Net: Unknown Pin: Pin U2.4-1
Add Class Member: Failed to add class member : Component U1.1 (U1) INA149AID
Add Class Member: Failed to add class member : Component U1.2 (U1) INA149AID
Add Class Member: Failed to add class member : Component U1.3 (U1) INA149AID
Add Class Member: Failed to add class member : Component U1.4 (U1) INA149AID
Add Class Member: Failed to add class member : Component U2.1 (U2) INA240A1D
Add Class Member: Failed to add class member : Component U2.2 (U2) INA240A1D
Add Class Member: Failed to add class member : Component U2.3 (U2) INA240A1D
Add Class Member: Failed to add class member : Component U2.4 (U2) INA240A1D
