Added Component: Designator=U1.1(SOIC127P599X175-8N)
Add component (AddParameter): Name = "Availability"; Value = "Unavailable"; VariantName = "[No Variations]"
Add component (AddParameter): Name = "MF"; Value = ""; VariantName = "[No Variations]"
Add component (AddParameter): Name = "MP"; Value = "INA149AID"; VariantName = "[No Variations]"
Add component (AddParameter): Name = "Package"; Value = "None"; VariantName = "[No Variations]"
Add component (AddParameter): Name = "Price"; Value = "None"; VariantName = "[No Variations]"
Add component (AddParameter): Name = "Value"; Value = ""; VariantName = "[No Variations]"
Added Component: Designator=U1.2(SOIC127P599X175-8N)
Add component (AddParameter): Name = "Availability"; Value = "Unavailable"; VariantName = "[No Variations]"
Add component (AddParameter): Name = "MF"; Value = ""; VariantName = "[No Variations]"
Add component (AddParameter): Name = "MP"; Value = "INA149AID"; VariantName = "[No Variations]"
Add component (AddParameter): Name = "Package"; Value = "None"; VariantName = "[No Variations]"
Add component (AddParameter): Name = "Price"; Value = "None"; VariantName = "[No Variations]"
Add component (AddParameter): Name = "Value"; Value = ""; VariantName = "[No Variations]"
Added Component: Designator=U1.3(SOIC127P599X175-8N)
Add component (AddParameter): Name = "Availability"; Value = "Unavailable"; VariantName = "[No Variations]"
Add component (AddParameter): Name = "MF"; Value = ""; VariantName = "[No Variations]"
Add component (AddParameter): Name = "MP"; Value = "INA149AID"; VariantName = "[No Variations]"
Add component (AddParameter): Name = "Package"; Value = "None"; VariantName = "[No Variations]"
Add component (AddParameter): Name = "Price"; Value = "None"; VariantName = "[No Variations]"
Add component (AddParameter): Name = "Value"; Value = ""; VariantName = "[No Variations]"
Added Component: Designator=U1.4(SOIC127P599X175-8N)
Add component (AddParameter): Name = "Availability"; Value = "Unavailable"; VariantName = "[No Variations]"
Add component (AddParameter): Name = "MF"; Value = ""; VariantName = "[No Variations]"
Add component (AddParameter): Name = "MP"; Value = "INA149AID"; VariantName = "[No Variations]"
Add component (AddParameter): Name = "Package"; Value = "None"; VariantName = "[No Variations]"
Add component (AddParameter): Name = "Price"; Value = "None"; VariantName = "[No Variations]"
Add component (AddParameter): Name = "Value"; Value = ""; VariantName = "[No Variations]"
Add Component: Footprint Not Found SOIC127P599X175-8N
Add Component: Footprint Not Found SOIC127P599X175-8N
Add Component: Footprint Not Found SOIC127P599X175-8N
Add Component: Footprint Not Found SOIC127P599X175-8N
Added Pin To Net: NetName=NetC3.1_2 Pin=U1.1-1
Added Pin To Net: NetName=NetC1.1_2 Pin=U1.1-2
Added Pin To Net: NetName=NetC2.1_2 Pin=U1.1-3
Added Pin To Net: NetName=GND Pin=U1.1-4
Added Pin To Net: NetName=NetC3.1_2 Pin=U1.1-5
Added Pin To Net: NetName=NetR6.1_2 Pin=U1.1-6
Added Pin To Net: NetName=VCC Pin=U1.1-7
Added Pin To Net: NetName=NetC3.2_2 Pin=U1.2-1
Added Pin To Net: NetName=NetC1.2_2 Pin=U1.2-2
Added Pin To Net: NetName=NetC2.2_2 Pin=U1.2-3
Added Pin To Net: NetName=GND Pin=U1.2-4
Added Pin To Net: NetName=NetC3.2_2 Pin=U1.2-5
Added Pin To Net: NetName=NetR6.2_2 Pin=U1.2-6
Added Pin To Net: NetName=VCC Pin=U1.2-7
Added Pin To Net: NetName=NetC3.3_2 Pin=U1.3-1
Added Pin To Net: NetName=NetC1.3_2 Pin=U1.3-2
Added Pin To Net: NetName=NetC2.3_2 Pin=U1.3-3
Added Pin To Net: NetName=GND Pin=U1.3-4
Added Pin To Net: NetName=NetC3.3_2 Pin=U1.3-5
Added Pin To Net: NetName=NetR6.3_2 Pin=U1.3-6
Added Pin To Net: NetName=VCC Pin=U1.3-7
Added Pin To Net: NetName=NetC3.4_2 Pin=U1.4-1
Added Pin To Net: NetName=NetC1.4_2 Pin=U1.4-2
Added Pin To Net: NetName=NetC2.4_2 Pin=U1.4-3
Added Pin To Net: NetName=GND Pin=U1.4-4
Added Pin To Net: NetName=NetC3.4_2 Pin=U1.4-5
Added Pin To Net: NetName=NetR6.4_2 Pin=U1.4-6
Added Pin To Net: NetName=VCC Pin=U1.4-7
Add Pin To Net: Unknown Pin: Pin U2.1-1
Add Pin To Net: Unknown Pin: Pin U2.2-1
Add Pin To Net: Unknown Pin: Pin U2.3-1
Add Pin To Net: Unknown Pin: Pin U2.4-1
Added Member To Class: ClassName=Stepper_voltage_A_1 Member=Component U1.1 (U1) INA149AID
Added Member To Class: ClassName=Stepper_voltage_A_2 Member=Component U1.2 (U1) INA149AID
Added Member To Class: ClassName=Stepper_voltage_B_1 Member=Component U1.3 (U1) INA149AID
Added Member To Class: ClassName=Stepper_voltage_B_2 Member=Component U1.4 (U1) INA149AID
Add Class Member: Failed to add class member : Component U2.1 (U2) INA240A1D
Add Class Member: Failed to add class member : Component U2.2 (U2) INA240A1D
Add Class Member: Failed to add class member : Component U2.3 (U2) INA240A1D
Add Class Member: Failed to add class member : Component U2.4 (U2) INA240A1D
