Removed Pin From Net: NetName=Voltage1_B Pin=D1.3-2
Removed Pin From Net: NetName=Voltage1_B Pin=J1-9
Removed Pin From Net: NetName=Voltage1_B Pin=R6.3-1
Removed Pin From Net: NetName=Voltage1_B Pin=R7.3-2
Change Component Designator: OldDesignator=J? NewDesignator=J7
Added Component: Designator=J4(5145000150000030)
Add component (AddParameter): Name = "Arrow Part Number"; Value = ""; VariantName = "[No Variations]"
Add component (AddParameter): Name = "Arrow Price/Stock"; Value = ""; VariantName = "[No Variations]"
Add component (AddParameter): Name = "Datasheet Link"; Value = "https://www.mill-max.com/products/datasheet/pinsrecs/5145-0-00-15-00-00-03-0"; VariantName = "[No Variations]"
Add component (AddParameter): Name = "Height"; Value = "1.778mm"; VariantName = "[No Variations]"
Add component (AddParameter): Name = "Manufacturer_Name"; Value = "Mill-Max"; VariantName = "[No Variations]"
Add component (AddParameter): Name = "Manufacturer_Part_Number"; Value = "5145-0-00-15-00-00-03-0"; VariantName = "[No Variations]"
Add component (AddParameter): Name = "Mouser Part Number"; Value = "575-5145000150000000"; VariantName = "[No Variations]"
Add component (AddParameter): Name = "Mouser Price/Stock"; Value = "https://www.mouser.co.uk/ProductDetail/Mill-Max/5145-0-00-15-00-00-03-0?qs=OlC7AqGiEDlX%252B%252B6o1zki%252Bg%3D%3D"; VariantName = "[No Variations]"
Added Component: Designator=J5(5145000150000030)
Add component (AddParameter): Name = "Arrow Part Number"; Value = ""; VariantName = "[No Variations]"
Add component (AddParameter): Name = "Arrow Price/Stock"; Value = ""; VariantName = "[No Variations]"
Add component (AddParameter): Name = "Datasheet Link"; Value = "https://www.mill-max.com/products/datasheet/pinsrecs/5145-0-00-15-00-00-03-0"; VariantName = "[No Variations]"
Add component (AddParameter): Name = "Height"; Value = "1.778mm"; VariantName = "[No Variations]"
Add component (AddParameter): Name = "Manufacturer_Name"; Value = "Mill-Max"; VariantName = "[No Variations]"
Add component (AddParameter): Name = "Manufacturer_Part_Number"; Value = "5145-0-00-15-00-00-03-0"; VariantName = "[No Variations]"
Add component (AddParameter): Name = "Mouser Part Number"; Value = "575-5145000150000000"; VariantName = "[No Variations]"
Add component (AddParameter): Name = "Mouser Price/Stock"; Value = "https://www.mouser.co.uk/ProductDetail/Mill-Max/5145-0-00-15-00-00-03-0?qs=OlC7AqGiEDlX%252B%252B6o1zki%252Bg%3D%3D"; VariantName = "[No Variations]"
Added Component: Designator=J6(5145000150000030)
Add component (AddParameter): Name = "Arrow Part Number"; Value = ""; VariantName = "[No Variations]"
Add component (AddParameter): Name = "Arrow Price/Stock"; Value = ""; VariantName = "[No Variations]"
Add component (AddParameter): Name = "Datasheet Link"; Value = "https://www.mill-max.com/products/datasheet/pinsrecs/5145-0-00-15-00-00-03-0"; VariantName = "[No Variations]"
Add component (AddParameter): Name = "Height"; Value = "1.778mm"; VariantName = "[No Variations]"
Add component (AddParameter): Name = "Manufacturer_Name"; Value = "Mill-Max"; VariantName = "[No Variations]"
Add component (AddParameter): Name = "Manufacturer_Part_Number"; Value = "5145-0-00-15-00-00-03-0"; VariantName = "[No Variations]"
Add component (AddParameter): Name = "Mouser Part Number"; Value = "575-5145000150000000"; VariantName = "[No Variations]"
Add component (AddParameter): Name = "Mouser Price/Stock"; Value = "https://www.mouser.co.uk/ProductDetail/Mill-Max/5145-0-00-15-00-00-03-0?qs=OlC7AqGiEDlX%252B%252B6o1zki%252Bg%3D%3D"; VariantName = "[No Variations]"
Added Pin To Net: NetName=NetJ1_8 Pin=J4-1
Added Pin To Net: NetName=NetJ1_6 Pin=J5-1
Added Pin To Net: NetName=NetJ1_4 Pin=J6-1
Change Net Name : Old Net Name=Voltage1_B New Net Name=NetJ1_2
Added Pin To Net: NetName=Voltage1_B Pin=D1.3-2
Added Pin To Net: NetName=Voltage1_B Pin=J1-9
Added Pin To Net: NetName=Voltage1_B Pin=R6.3-1
Added Pin To Net: NetName=Voltage1_B Pin=R7.3-2
Added Net: Name=Voltage1_B
Added Member To Class: ClassName=main Member=Component J4 5145-0-00-15-00-00-03-0
Added Member To Class: ClassName=main Member=Component J5 5145-0-00-15-00-00-03-0
Added Member To Class: ClassName=main Member=Component J6 5145-0-00-15-00-00-03-0
Added Member To Class: ClassName=main Member=Component J7 5145-0-00-15-00-00-03-0
