Added Component: Designator=J1(8538700820001101)
Add component (AddParameter): Name = "Arrow Part Number"; Value = ""; VariantName = "[No Variations]"
Add component (AddParameter): Name = "Arrow Price/Stock"; Value = ""; VariantName = "[No Variations]"
Add component (AddParameter): Name = "Datasheet Link"; Value = "https://www.mouser.com/datasheet/2/571/Catalog-1104174.pdf"; VariantName = "[No Variations]"
Add component (AddParameter): Name = "Height"; Value = "3.25mm"; VariantName = "[No Variations]"
Add component (AddParameter): Name = "Manufacturer_Name"; Value = "Preci-Dip"; VariantName = "[No Variations]"
Add component (AddParameter): Name = "Manufacturer_Part_Number"; Value = "853-87-008-20-001101"; VariantName = "[No Variations]"
Add component (AddParameter): Name = "Mouser Part Number"; Value = "437-8538700820001101"; VariantName = "[No Variations]"
Add component (AddParameter): Name = "Mouser Price/Stock"; Value = "https://www.mouser.co.uk/ProductDetail/Preci-dip/853-87-008-20-001101?qs=jrVTBkKbt4b3%2F1AghUB9ZQ%3D%3D"; VariantName = "[No Variations]"
Added Component: Designator=J2(8538700820001101)
Add component (AddParameter): Name = "Arrow Part Number"; Value = ""; VariantName = "[No Variations]"
Add component (AddParameter): Name = "Arrow Price/Stock"; Value = ""; VariantName = "[No Variations]"
Add component (AddParameter): Name = "Datasheet Link"; Value = "https://www.mouser.com/datasheet/2/571/Catalog-1104174.pdf"; VariantName = "[No Variations]"
Add component (AddParameter): Name = "Height"; Value = "3.25mm"; VariantName = "[No Variations]"
Add component (AddParameter): Name = "Manufacturer_Name"; Value = "Preci-Dip"; VariantName = "[No Variations]"
Add component (AddParameter): Name = "Manufacturer_Part_Number"; Value = "853-87-008-20-001101"; VariantName = "[No Variations]"
Add component (AddParameter): Name = "Mouser Part Number"; Value = "437-8538700820001101"; VariantName = "[No Variations]"
Add component (AddParameter): Name = "Mouser Price/Stock"; Value = "https://www.mouser.co.uk/ProductDetail/Preci-dip/853-87-008-20-001101?qs=jrVTBkKbt4b3%2F1AghUB9ZQ%3D%3D"; VariantName = "[No Variations]"
Added Component: Designator=J3(8538700820001101)
Add component (AddParameter): Name = "Arrow Part Number"; Value = ""; VariantName = "[No Variations]"
Add component (AddParameter): Name = "Arrow Price/Stock"; Value = ""; VariantName = "[No Variations]"
Add component (AddParameter): Name = "Datasheet Link"; Value = "https://www.mouser.com/datasheet/2/571/Catalog-1104174.pdf"; VariantName = "[No Variations]"
Add component (AddParameter): Name = "Height"; Value = "3.25mm"; VariantName = "[No Variations]"
Add component (AddParameter): Name = "Manufacturer_Name"; Value = "Preci-Dip"; VariantName = "[No Variations]"
Add component (AddParameter): Name = "Manufacturer_Part_Number"; Value = "853-87-008-20-001101"; VariantName = "[No Variations]"
Add component (AddParameter): Name = "Mouser Part Number"; Value = "437-8538700820001101"; VariantName = "[No Variations]"
Add component (AddParameter): Name = "Mouser Price/Stock"; Value = "https://www.mouser.co.uk/ProductDetail/Preci-dip/853-87-008-20-001101?qs=jrVTBkKbt4b3%2F1AghUB9ZQ%3D%3D"; VariantName = "[No Variations]"
Added Component: Designator=J4(8538700820001101)
Add component (AddParameter): Name = "Arrow Part Number"; Value = ""; VariantName = "[No Variations]"
Add component (AddParameter): Name = "Arrow Price/Stock"; Value = ""; VariantName = "[No Variations]"
Add component (AddParameter): Name = "Datasheet Link"; Value = "https://www.mouser.com/datasheet/2/571/Catalog-1104174.pdf"; VariantName = "[No Variations]"
Add component (AddParameter): Name = "Height"; Value = "3.25mm"; VariantName = "[No Variations]"
Add component (AddParameter): Name = "Manufacturer_Name"; Value = "Preci-Dip"; VariantName = "[No Variations]"
Add component (AddParameter): Name = "Manufacturer_Part_Number"; Value = "853-87-008-20-001101"; VariantName = "[No Variations]"
Add component (AddParameter): Name = "Mouser Part Number"; Value = "437-8538700820001101"; VariantName = "[No Variations]"
Add component (AddParameter): Name = "Mouser Price/Stock"; Value = "https://www.mouser.co.uk/ProductDetail/Preci-dip/853-87-008-20-001101?qs=jrVTBkKbt4b3%2F1AghUB9ZQ%3D%3D"; VariantName = "[No Variations]"
Added Component: Designator=J5(8538700820001101)
Add component (AddParameter): Name = "Arrow Part Number"; Value = ""; VariantName = "[No Variations]"
Add component (AddParameter): Name = "Arrow Price/Stock"; Value = ""; VariantName = "[No Variations]"
Add component (AddParameter): Name = "Datasheet Link"; Value = "https://www.mouser.com/datasheet/2/571/Catalog-1104174.pdf"; VariantName = "[No Variations]"
Add component (AddParameter): Name = "Height"; Value = "3.25mm"; VariantName = "[No Variations]"
Add component (AddParameter): Name = "Manufacturer_Name"; Value = "Preci-Dip"; VariantName = "[No Variations]"
Add component (AddParameter): Name = "Manufacturer_Part_Number"; Value = "853-87-008-20-001101"; VariantName = "[No Variations]"
Add component (AddParameter): Name = "Mouser Part Number"; Value = "437-8538700820001101"; VariantName = "[No Variations]"
Add component (AddParameter): Name = "Mouser Price/Stock"; Value = "https://www.mouser.co.uk/ProductDetail/Preci-dip/853-87-008-20-001101?qs=jrVTBkKbt4b3%2F1AghUB9ZQ%3D%3D"; VariantName = "[No Variations]"
Add Component: Footprint Not Found QFP50P1600X1600X160-100N
Added Class: Name=connector
Add Class Member: Failed to add class member : Component U1 STM32F429VIT6
