Removed Pin From Net: NetName=VCC Pin=C4.1-2
Removed Pin From Net: NetName=VCC Pin=C4.2-2
Removed Pin From Net: NetName=VCC Pin=C4.3-2
Removed Pin From Net: NetName=VCC Pin=C4.4-2
Removed Pin From Net: NetName=VCC Pin=J1-1
Removed Pin From Net: NetName=NetC2.1_2 Pin=J1-2
Removed Pin From Net: NetName=NetC2.3_2 Pin=J1-6
Removed Pin From Net: NetName=NetC2.2_2 Pin=J1-18
Removed Pin From Net: NetName=NetC2.4_2 Pin=J1-22
Removed Pin From Net: NetName=VCC Pin=J1-37
Removed Pin From Net: NetName=NetC2.1_2 Pin=R3.1-2
Removed Pin From Net: NetName=NetC2.2_2 Pin=R3.2-2
Removed Pin From Net: NetName=NetC2.3_2 Pin=R3.3-2
Removed Pin From Net: NetName=NetC2.4_2 Pin=R3.4-2
Removed Pin From Net: NetName=Voltage1_A Pin=U1.1-6
Removed Pin From Net: NetName=Voltage2_A Pin=U1.2-6
Removed Pin From Net: NetName=Voltage1_B Pin=U1.3-6
Removed Pin From Net: NetName=Voltage2_B Pin=U1.4-6
Change Component Designator: OldDesignator=C5.1 NewDesignator=C5_Stepper_voltage_A_1
Change Component Designator: OldDesignator=C5.2 NewDesignator=C5_Stepper_voltage_A_2
Change Component Designator: OldDesignator=C5.3 NewDesignator=C5_Stepper_voltage_B_1
Change Component Designator: OldDesignator=C5.4 NewDesignator=C5_Stepper_voltage_B_2
Added Component: Designator=D1_Stepper_voltage_A_1(SMD_DO-214AC)
Add component (AddParameter): Name = "DO-214AC"; Value = "http://cz.farnell.com/webapp/wcs/stores/servlet/Search?catalogId=15001&langId=420&storeId=10156&categoryId=700000043508&sort=P_PRICE&pageSize=100&showResults=true&sf=502,707&pf=1010199473"; VariantName = "[No Variations]"
Add component (AddParameter): Name = "SOD-123"; Value = "http://cz.farnell.com/webapp/wcs/stores/servlet/Search?catalogId=15001&langId=420&storeId=10156&categoryId=700000043508&sort=P_PRICE&pageSize=100&showResults=true&sf=502,707&pf=1010130987"; VariantName = "[No Variations]"
Add component (AddParameter): Name = "Value"; Value = ""; VariantName = "[No Variations]"
Added Component: Designator=D1_Stepper_voltage_A_2(SMD_DO-214AC)
Add component (AddParameter): Name = "DO-214AC"; Value = "http://cz.farnell.com/webapp/wcs/stores/servlet/Search?catalogId=15001&langId=420&storeId=10156&categoryId=700000043508&sort=P_PRICE&pageSize=100&showResults=true&sf=502,707&pf=1010199473"; VariantName = "[No Variations]"
Add component (AddParameter): Name = "SOD-123"; Value = "http://cz.farnell.com/webapp/wcs/stores/servlet/Search?catalogId=15001&langId=420&storeId=10156&categoryId=700000043508&sort=P_PRICE&pageSize=100&showResults=true&sf=502,707&pf=1010130987"; VariantName = "[No Variations]"
Add component (AddParameter): Name = "Value"; Value = ""; VariantName = "[No Variations]"
Added Component: Designator=D1_Stepper_voltage_B_1(SMD_DO-214AC)
Add component (AddParameter): Name = "DO-214AC"; Value = "http://cz.farnell.com/webapp/wcs/stores/servlet/Search?catalogId=15001&langId=420&storeId=10156&categoryId=700000043508&sort=P_PRICE&pageSize=100&showResults=true&sf=502,707&pf=1010199473"; VariantName = "[No Variations]"
Add component (AddParameter): Name = "SOD-123"; Value = "http://cz.farnell.com/webapp/wcs/stores/servlet/Search?catalogId=15001&langId=420&storeId=10156&categoryId=700000043508&sort=P_PRICE&pageSize=100&showResults=true&sf=502,707&pf=1010130987"; VariantName = "[No Variations]"
Add component (AddParameter): Name = "Value"; Value = ""; VariantName = "[No Variations]"
Added Component: Designator=D1_Stepper_voltage_B_2(SMD_DO-214AC)
Add component (AddParameter): Name = "DO-214AC"; Value = "http://cz.farnell.com/webapp/wcs/stores/servlet/Search?catalogId=15001&langId=420&storeId=10156&categoryId=700000043508&sort=P_PRICE&pageSize=100&showResults=true&sf=502,707&pf=1010199473"; VariantName = "[No Variations]"
Add component (AddParameter): Name = "SOD-123"; Value = "http://cz.farnell.com/webapp/wcs/stores/servlet/Search?catalogId=15001&langId=420&storeId=10156&categoryId=700000043508&sort=P_PRICE&pageSize=100&showResults=true&sf=502,707&pf=1010130987"; VariantName = "[No Variations]"
Add component (AddParameter): Name = "Value"; Value = ""; VariantName = "[No Variations]"
Added Component: Designator=R4_Stepper_voltage_A_1(SMD_RESISTOR_0805)
Add component (AddParameter): Name = "0805"; Value = "http://cz.farnell.com/webapp/wcs/stores/servlet/Search?catalogId=15001&langId=420&storeId=10156&categoryId=700000005450&sort=P_PRICE&pageSize=100&showResults=true&sf=502,707&pf=1012211743"; VariantName = "[No Variations]"
Add component (AddParameter): Name = "1206"; Value = "http://cz.farnell.com/webapp/wcs/stores/servlet/Search?catalogId=15001&langId=420&storeId=10156&categoryId=700000005450&pageSize=100&showResults=true&sf=502,707&pf=1012211755"; VariantName = "[No Variations]"
Add component (AddParameter): Name = "Value"; Value = "100K"; VariantName = "[No Variations]"
Added Component: Designator=R4_Stepper_voltage_A_2(SMD_RESISTOR_0805)
Add component (AddParameter): Name = "0805"; Value = "http://cz.farnell.com/webapp/wcs/stores/servlet/Search?catalogId=15001&langId=420&storeId=10156&categoryId=700000005450&sort=P_PRICE&pageSize=100&showResults=true&sf=502,707&pf=1012211743"; VariantName = "[No Variations]"
Add component (AddParameter): Name = "1206"; Value = "http://cz.farnell.com/webapp/wcs/stores/servlet/Search?catalogId=15001&langId=420&storeId=10156&categoryId=700000005450&pageSize=100&showResults=true&sf=502,707&pf=1012211755"; VariantName = "[No Variations]"
Add component (AddParameter): Name = "Value"; Value = "100K"; VariantName = "[No Variations]"
Added Component: Designator=R4_Stepper_voltage_B_1(SMD_RESISTOR_0805)
Add component (AddParameter): Name = "0805"; Value = "http://cz.farnell.com/webapp/wcs/stores/servlet/Search?catalogId=15001&langId=420&storeId=10156&categoryId=700000005450&sort=P_PRICE&pageSize=100&showResults=true&sf=502,707&pf=1012211743"; VariantName = "[No Variations]"
Add component (AddParameter): Name = "1206"; Value = "http://cz.farnell.com/webapp/wcs/stores/servlet/Search?catalogId=15001&langId=420&storeId=10156&categoryId=700000005450&pageSize=100&showResults=true&sf=502,707&pf=1012211755"; VariantName = "[No Variations]"
Add component (AddParameter): Name = "Value"; Value = "100K"; VariantName = "[No Variations]"
Added Component: Designator=R4_Stepper_voltage_B_2(SMD_RESISTOR_0805)
Add component (AddParameter): Name = "0805"; Value = "http://cz.farnell.com/webapp/wcs/stores/servlet/Search?catalogId=15001&langId=420&storeId=10156&categoryId=700000005450&sort=P_PRICE&pageSize=100&showResults=true&sf=502,707&pf=1012211743"; VariantName = "[No Variations]"
Add component (AddParameter): Name = "1206"; Value = "http://cz.farnell.com/webapp/wcs/stores/servlet/Search?catalogId=15001&langId=420&storeId=10156&categoryId=700000005450&pageSize=100&showResults=true&sf=502,707&pf=1012211755"; VariantName = "[No Variations]"
Add component (AddParameter): Name = "Value"; Value = "100K"; VariantName = "[No Variations]"
Added Component: Designator=R5_Stepper_voltage_A_1(SMD_RESISTOR_0805)
Add component (AddParameter): Name = "0805"; Value = "http://cz.farnell.com/webapp/wcs/stores/servlet/Search?catalogId=15001&langId=420&storeId=10156&categoryId=700000005450&sort=P_PRICE&pageSize=100&showResults=true&sf=502,707&pf=1012211743"; VariantName = "[No Variations]"
Add component (AddParameter): Name = "1206"; Value = "http://cz.farnell.com/webapp/wcs/stores/servlet/Search?catalogId=15001&langId=420&storeId=10156&categoryId=700000005450&pageSize=100&showResults=true&sf=502,707&pf=1012211755"; VariantName = "[No Variations]"
Add component (AddParameter): Name = "Value"; Value = "80K"; VariantName = "[No Variations]"
Added Component: Designator=R5_Stepper_voltage_A_2(SMD_RESISTOR_0805)
Add component (AddParameter): Name = "0805"; Value = "http://cz.farnell.com/webapp/wcs/stores/servlet/Search?catalogId=15001&langId=420&storeId=10156&categoryId=700000005450&sort=P_PRICE&pageSize=100&showResults=true&sf=502,707&pf=1012211743"; VariantName = "[No Variations]"
Add component (AddParameter): Name = "1206"; Value = "http://cz.farnell.com/webapp/wcs/stores/servlet/Search?catalogId=15001&langId=420&storeId=10156&categoryId=700000005450&pageSize=100&showResults=true&sf=502,707&pf=1012211755"; VariantName = "[No Variations]"
Add component (AddParameter): Name = "Value"; Value = "80K"; VariantName = "[No Variations]"
Added Component: Designator=R5_Stepper_voltage_B_1(SMD_RESISTOR_0805)
Add component (AddParameter): Name = "0805"; Value = "http://cz.farnell.com/webapp/wcs/stores/servlet/Search?catalogId=15001&langId=420&storeId=10156&categoryId=700000005450&sort=P_PRICE&pageSize=100&showResults=true&sf=502,707&pf=1012211743"; VariantName = "[No Variations]"
Add component (AddParameter): Name = "1206"; Value = "http://cz.farnell.com/webapp/wcs/stores/servlet/Search?catalogId=15001&langId=420&storeId=10156&categoryId=700000005450&pageSize=100&showResults=true&sf=502,707&pf=1012211755"; VariantName = "[No Variations]"
Add component (AddParameter): Name = "Value"; Value = "80K"; VariantName = "[No Variations]"
Added Component: Designator=R5_Stepper_voltage_B_2(SMD_RESISTOR_0805)
Add component (AddParameter): Name = "0805"; Value = "http://cz.farnell.com/webapp/wcs/stores/servlet/Search?catalogId=15001&langId=420&storeId=10156&categoryId=700000005450&sort=P_PRICE&pageSize=100&showResults=true&sf=502,707&pf=1012211743"; VariantName = "[No Variations]"
Add component (AddParameter): Name = "1206"; Value = "http://cz.farnell.com/webapp/wcs/stores/servlet/Search?catalogId=15001&langId=420&storeId=10156&categoryId=700000005450&pageSize=100&showResults=true&sf=502,707&pf=1012211755"; VariantName = "[No Variations]"
Add component (AddParameter): Name = "Value"; Value = "80K"; VariantName = "[No Variations]"
Added Component: Designator=R6_Stepper_voltage_A_1(SMD_RESISTOR_0805)
Add component (AddParameter): Name = "0805"; Value = "http://cz.farnell.com/webapp/wcs/stores/servlet/Search?catalogId=15001&langId=420&storeId=10156&categoryId=700000005450&sort=P_PRICE&pageSize=100&showResults=true&sf=502,707&pf=1012211743"; VariantName = "[No Variations]"
Add component (AddParameter): Name = "1206"; Value = "http://cz.farnell.com/webapp/wcs/stores/servlet/Search?catalogId=15001&langId=420&storeId=10156&categoryId=700000005450&pageSize=100&showResults=true&sf=502,707&pf=1012211755"; VariantName = "[No Variations]"
Add component (AddParameter): Name = "Value"; Value = "10K"; VariantName = "[No Variations]"
Added Component: Designator=R6_Stepper_voltage_A_2(SMD_RESISTOR_0805)
Add component (AddParameter): Name = "0805"; Value = "http://cz.farnell.com/webapp/wcs/stores/servlet/Search?catalogId=15001&langId=420&storeId=10156&categoryId=700000005450&sort=P_PRICE&pageSize=100&showResults=true&sf=502,707&pf=1012211743"; VariantName = "[No Variations]"
Add component (AddParameter): Name = "1206"; Value = "http://cz.farnell.com/webapp/wcs/stores/servlet/Search?catalogId=15001&langId=420&storeId=10156&categoryId=700000005450&pageSize=100&showResults=true&sf=502,707&pf=1012211755"; VariantName = "[No Variations]"
Add component (AddParameter): Name = "Value"; Value = "10K"; VariantName = "[No Variations]"
Added Component: Designator=R6_Stepper_voltage_B_1(SMD_RESISTOR_0805)
Add component (AddParameter): Name = "0805"; Value = "http://cz.farnell.com/webapp/wcs/stores/servlet/Search?catalogId=15001&langId=420&storeId=10156&categoryId=700000005450&sort=P_PRICE&pageSize=100&showResults=true&sf=502,707&pf=1012211743"; VariantName = "[No Variations]"
Add component (AddParameter): Name = "1206"; Value = "http://cz.farnell.com/webapp/wcs/stores/servlet/Search?catalogId=15001&langId=420&storeId=10156&categoryId=700000005450&pageSize=100&showResults=true&sf=502,707&pf=1012211755"; VariantName = "[No Variations]"
Add component (AddParameter): Name = "Value"; Value = "10K"; VariantName = "[No Variations]"
Added Component: Designator=R6_Stepper_voltage_B_2(SMD_RESISTOR_0805)
Add component (AddParameter): Name = "0805"; Value = "http://cz.farnell.com/webapp/wcs/stores/servlet/Search?catalogId=15001&langId=420&storeId=10156&categoryId=700000005450&sort=P_PRICE&pageSize=100&showResults=true&sf=502,707&pf=1012211743"; VariantName = "[No Variations]"
Add component (AddParameter): Name = "1206"; Value = "http://cz.farnell.com/webapp/wcs/stores/servlet/Search?catalogId=15001&langId=420&storeId=10156&categoryId=700000005450&pageSize=100&showResults=true&sf=502,707&pf=1012211755"; VariantName = "[No Variations]"
Add component (AddParameter): Name = "Value"; Value = "10K"; VariantName = "[No Variations]"
Added Component: Designator=R7_Stepper_voltage_A_1(SMD_RESISTOR_0805)
Add component (AddParameter): Name = "0805"; Value = "http://cz.farnell.com/webapp/wcs/stores/servlet/Search?catalogId=15001&langId=420&storeId=10156&categoryId=700000005450&sort=P_PRICE&pageSize=100&showResults=true&sf=502,707&pf=1012211743"; VariantName = "[No Variations]"
Add component (AddParameter): Name = "1206"; Value = "http://cz.farnell.com/webapp/wcs/stores/servlet/Search?catalogId=15001&langId=420&storeId=10156&categoryId=700000005450&pageSize=100&showResults=true&sf=502,707&pf=1012211755"; VariantName = "[No Variations]"
Add component (AddParameter): Name = "Value"; Value = "4K3"; VariantName = "[No Variations]"
Added Component: Designator=R7_Stepper_voltage_A_2(SMD_RESISTOR_0805)
Add component (AddParameter): Name = "0805"; Value = "http://cz.farnell.com/webapp/wcs/stores/servlet/Search?catalogId=15001&langId=420&storeId=10156&categoryId=700000005450&sort=P_PRICE&pageSize=100&showResults=true&sf=502,707&pf=1012211743"; VariantName = "[No Variations]"
Add component (AddParameter): Name = "1206"; Value = "http://cz.farnell.com/webapp/wcs/stores/servlet/Search?catalogId=15001&langId=420&storeId=10156&categoryId=700000005450&pageSize=100&showResults=true&sf=502,707&pf=1012211755"; VariantName = "[No Variations]"
Add component (AddParameter): Name = "Value"; Value = "4K3"; VariantName = "[No Variations]"
Added Component: Designator=R7_Stepper_voltage_B_1(SMD_RESISTOR_0805)
Add component (AddParameter): Name = "0805"; Value = "http://cz.farnell.com/webapp/wcs/stores/servlet/Search?catalogId=15001&langId=420&storeId=10156&categoryId=700000005450&sort=P_PRICE&pageSize=100&showResults=true&sf=502,707&pf=1012211743"; VariantName = "[No Variations]"
Add component (AddParameter): Name = "1206"; Value = "http://cz.farnell.com/webapp/wcs/stores/servlet/Search?catalogId=15001&langId=420&storeId=10156&categoryId=700000005450&pageSize=100&showResults=true&sf=502,707&pf=1012211755"; VariantName = "[No Variations]"
Add component (AddParameter): Name = "Value"; Value = "4K3"; VariantName = "[No Variations]"
Added Component: Designator=R7_Stepper_voltage_B_2(SMD_RESISTOR_0805)
Add component (AddParameter): Name = "0805"; Value = "http://cz.farnell.com/webapp/wcs/stores/servlet/Search?catalogId=15001&langId=420&storeId=10156&categoryId=700000005450&sort=P_PRICE&pageSize=100&showResults=true&sf=502,707&pf=1012211743"; VariantName = "[No Variations]"
Add component (AddParameter): Name = "1206"; Value = "http://cz.farnell.com/webapp/wcs/stores/servlet/Search?catalogId=15001&langId=420&storeId=10156&categoryId=700000005450&pageSize=100&showResults=true&sf=502,707&pf=1012211755"; VariantName = "[No Variations]"
Add component (AddParameter): Name = "Value"; Value = "4K3"; VariantName = "[No Variations]"
Added Pin To Net: NetName=GND Pin=D1_Stepper_voltage_A_1-1
Added Pin To Net: NetName=Voltage1_A Pin=D1_Stepper_voltage_A_1-2
Added Pin To Net: NetName=GND Pin=D1_Stepper_voltage_A_2-1
Added Pin To Net: NetName=Voltage2_A Pin=D1_Stepper_voltage_A_2-2
Added Pin To Net: NetName=GND Pin=D1_Stepper_voltage_B_1-1
Added Pin To Net: NetName=Voltage1_B Pin=D1_Stepper_voltage_B_1-2
Added Pin To Net: NetName=GND Pin=D1_Stepper_voltage_B_2-1
Added Pin To Net: NetName=Voltage2_B Pin=D1_Stepper_voltage_B_2-2
Added Pin To Net: NetName=VCC Pin=J1-38
Added Pin To Net: NetName=NetC2.1_2 Pin=R4_Stepper_voltage_A_1-1
Added Pin To Net: NetName=NetC2.2_2 Pin=R4_Stepper_voltage_A_2-1
Added Pin To Net: NetName=NetC2.3_2 Pin=R4_Stepper_voltage_B_1-1
Added Pin To Net: NetName=NetC2.4_2 Pin=R4_Stepper_voltage_B_2-1
Added Pin To Net: NetName=NetC1.1_2 Pin=R5_Stepper_voltage_A_1-1
Added Pin To Net: NetName=NetC2.1_2 Pin=R5_Stepper_voltage_A_1-2
Added Pin To Net: NetName=NetC1.2_2 Pin=R5_Stepper_voltage_A_2-1
Added Pin To Net: NetName=NetC2.2_2 Pin=R5_Stepper_voltage_A_2-2
Added Pin To Net: NetName=NetC1.3_2 Pin=R5_Stepper_voltage_B_1-1
Added Pin To Net: NetName=NetC2.3_2 Pin=R5_Stepper_voltage_B_1-2
Added Pin To Net: NetName=NetC1.4_2 Pin=R5_Stepper_voltage_B_2-1
Added Pin To Net: NetName=NetC2.4_2 Pin=R5_Stepper_voltage_B_2-2
Added Pin To Net: NetName=Voltage1_A Pin=R6_Stepper_voltage_A_1-1
Added Pin To Net: NetName=Voltage2_A Pin=R6_Stepper_voltage_A_2-1
Added Pin To Net: NetName=Voltage1_B Pin=R6_Stepper_voltage_B_1-1
Added Pin To Net: NetName=Voltage2_B Pin=R6_Stepper_voltage_B_2-1
Added Pin To Net: NetName=GND Pin=R7_Stepper_voltage_A_1-1
Added Pin To Net: NetName=Voltage1_A Pin=R7_Stepper_voltage_A_1-2
Added Pin To Net: NetName=GND Pin=R7_Stepper_voltage_A_2-1
Added Pin To Net: NetName=Voltage2_A Pin=R7_Stepper_voltage_A_2-2
Added Pin To Net: NetName=GND Pin=R7_Stepper_voltage_B_1-1
Added Pin To Net: NetName=Voltage1_B Pin=R7_Stepper_voltage_B_1-2
Added Pin To Net: NetName=GND Pin=R7_Stepper_voltage_B_2-1
Added Pin To Net: NetName=Voltage2_B Pin=R7_Stepper_voltage_B_2-2
Change Net Name : Old Net Name=VCC New Net Name=Stepper_powerSupply
Added Pin To Net: NetName=NetJ1_2 Pin=J1-2
Added Pin To Net: NetName=NetJ1_2 Pin=R3.1-2
Added Pin To Net: NetName=NetJ1_2 Pin=R4_Stepper_voltage_A_1-2
Added Net: Name=NetJ1_2
Added Pin To Net: NetName=NetJ1_6 Pin=J1-6
Added Pin To Net: NetName=NetJ1_6 Pin=R3.3-2
Added Pin To Net: NetName=NetJ1_6 Pin=R4_Stepper_voltage_B_1-2
Added Net: Name=NetJ1_6
Added Pin To Net: NetName=NetJ1_18 Pin=J1-18
Added Pin To Net: NetName=NetJ1_18 Pin=R3.2-2
Added Pin To Net: NetName=NetJ1_18 Pin=R4_Stepper_voltage_A_2-2
Added Net: Name=NetJ1_18
Added Pin To Net: NetName=NetJ1_22 Pin=J1-22
Added Pin To Net: NetName=NetJ1_22 Pin=R3.4-2
Added Pin To Net: NetName=NetJ1_22 Pin=R4_Stepper_voltage_B_2-2
Added Net: Name=NetJ1_22
Added Pin To Net: NetName=NetR6_Stepper_voltage_A_1_2 Pin=R6_Stepper_voltage_A_1-2
Added Pin To Net: NetName=NetR6_Stepper_voltage_A_1_2 Pin=U1.1-6
Added Net: Name=NetR6_Stepper_voltage_A_1_2
Added Pin To Net: NetName=NetR6_Stepper_voltage_A_2_2 Pin=R6_Stepper_voltage_A_2-2
Added Pin To Net: NetName=NetR6_Stepper_voltage_A_2_2 Pin=U1.2-6
Added Net: Name=NetR6_Stepper_voltage_A_2_2
Added Pin To Net: NetName=NetR6_Stepper_voltage_B_1_2 Pin=R6_Stepper_voltage_B_1-2
Added Pin To Net: NetName=NetR6_Stepper_voltage_B_1_2 Pin=U1.3-6
Added Net: Name=NetR6_Stepper_voltage_B_1_2
Added Pin To Net: NetName=NetR6_Stepper_voltage_B_2_2 Pin=R6_Stepper_voltage_B_2-2
Added Pin To Net: NetName=NetR6_Stepper_voltage_B_2_2 Pin=U1.4-6
Added Net: Name=NetR6_Stepper_voltage_B_2_2
Added Pin To Net: NetName=VCC Pin=C4.1-2
Added Pin To Net: NetName=VCC Pin=C4.2-2
Added Pin To Net: NetName=VCC Pin=C4.3-2
Added Pin To Net: NetName=VCC Pin=C4.4-2
Added Pin To Net: NetName=VCC Pin=J1-1
Added Pin To Net: NetName=VCC Pin=J1-37
Added Net: Name=VCC
Added Member To Class: ClassName=Stepper_voltage_A_1 Member=Component D1_Stepper_voltage_A_1 (D1) *
Added Member To Class: ClassName=Stepper_voltage_A_2 Member=Component D1_Stepper_voltage_A_2 (D1) *
Added Member To Class: ClassName=Stepper_voltage_B_1 Member=Component D1_Stepper_voltage_B_1 (D1) *
Added Member To Class: ClassName=Stepper_voltage_B_2 Member=Component D1_Stepper_voltage_B_2 (D1) *
Added Member To Class: ClassName=Stepper_voltage_A_1 Member=Component R4_Stepper_voltage_A_1 (R4) 100K
Added Member To Class: ClassName=Stepper_voltage_A_2 Member=Component R4_Stepper_voltage_A_2 (R4) 100K
Added Member To Class: ClassName=Stepper_voltage_B_1 Member=Component R4_Stepper_voltage_B_1 (R4) 100K
Added Member To Class: ClassName=Stepper_voltage_B_2 Member=Component R4_Stepper_voltage_B_2 (R4) 100K
Added Member To Class: ClassName=Stepper_voltage_A_1 Member=Component R5_Stepper_voltage_A_1 (R5) 80K
Added Member To Class: ClassName=Stepper_voltage_A_2 Member=Component R5_Stepper_voltage_A_2 (R5) 80K
Added Member To Class: ClassName=Stepper_voltage_B_1 Member=Component R5_Stepper_voltage_B_1 (R5) 80K
Added Member To Class: ClassName=Stepper_voltage_B_2 Member=Component R5_Stepper_voltage_B_2 (R5) 80K
Added Member To Class: ClassName=Stepper_voltage_A_1 Member=Component R6_Stepper_voltage_A_1 (R6) 10K
Added Member To Class: ClassName=Stepper_voltage_A_2 Member=Component R6_Stepper_voltage_A_2 (R6) 10K
Added Member To Class: ClassName=Stepper_voltage_B_1 Member=Component R6_Stepper_voltage_B_1 (R6) 10K
Added Member To Class: ClassName=Stepper_voltage_B_2 Member=Component R6_Stepper_voltage_B_2 (R6) 10K
Added Member To Class: ClassName=Stepper_voltage_A_1 Member=Component R7_Stepper_voltage_A_1 (R7) 4K3
Added Member To Class: ClassName=Stepper_voltage_A_2 Member=Component R7_Stepper_voltage_A_2 (R7) 4K3
Added Member To Class: ClassName=Stepper_voltage_B_1 Member=Component R7_Stepper_voltage_B_1 (R7) 4K3
Added Member To Class: ClassName=Stepper_voltage_B_2 Member=Component R7_Stepper_voltage_B_2 (R7) 4K3
