Removed Pin From Net: NetName=NetJ1_10 Pin=U2.1-1
Removed Pin From Net: NetName=GND Pin=U2.1-2
Removed Pin From Net: NetName=VCC Pin=U2.1-3
Removed Pin From Net: NetName=Current1_A Pin=U2.1-5
Removed Pin From Net: NetName=VCC Pin=U2.1-6
Removed Pin From Net: NetName=GND Pin=U2.1-7
Removed Pin From Net: NetName=NetC2.1_2 Pin=U2.1-8
Removed Pin From Net: NetName=NetJ1_26 Pin=U2.2-1
Removed Pin From Net: NetName=GND Pin=U2.2-2
Removed Pin From Net: NetName=VCC Pin=U2.2-3
Removed Pin From Net: NetName=Current2_A Pin=U2.2-5
Removed Pin From Net: NetName=VCC Pin=U2.2-6
Removed Pin From Net: NetName=GND Pin=U2.2-7
Removed Pin From Net: NetName=NetC2.2_2 Pin=U2.2-8
Removed Pin From Net: NetName=NetJ1_14 Pin=U2.3-1
Removed Pin From Net: NetName=GND Pin=U2.3-2
Removed Pin From Net: NetName=VCC Pin=U2.3-3
Removed Pin From Net: NetName=Current1_B Pin=U2.3-5
Removed Pin From Net: NetName=VCC Pin=U2.3-6
Removed Pin From Net: NetName=GND Pin=U2.3-7
Removed Pin From Net: NetName=NetC2.3_2 Pin=U2.3-8
Removed Pin From Net: NetName=NetJ1_30 Pin=U2.4-1
Removed Pin From Net: NetName=GND Pin=U2.4-2
Removed Pin From Net: NetName=VCC Pin=U2.4-3
Removed Pin From Net: NetName=Current2_B Pin=U2.4-5
Removed Pin From Net: NetName=VCC Pin=U2.4-6
Removed Pin From Net: NetName=GND Pin=U2.4-7
Removed Pin From Net: NetName=NetC2.4_2 Pin=U2.4-8
Removed Member From Class: ClassName=Stepper_current_A_1 Member=U2.1
Removed Member From Class: ClassName=Stepper_current_A_2 Member=U2.2
Removed Member From Class: ClassName=Stepper_current_B_1 Member=U2.3
Removed Member From Class: ClassName=Stepper_current_B_2 Member=U2.4
Added Component: Designator=U2_Stepper_current_A_1(SOIC127P599X175-8N)
Add component (AddParameter): Name = "Availability"; Value = "Good"; VariantName = "[No Variations]"
Add component (AddParameter): Name = "Check_prices"; Value = "https://www.snapeda.com/parts/INA240A1D/Texas%20Instruments/view-part/2778825/?ref=eda"; VariantName = "[No Variations]"
Add component (AddParameter): Name = "MF"; Value = "Texas Instruments"; VariantName = "[No Variations]"
Add component (AddParameter): Name = "MP"; Value = "INA240A1D"; VariantName = "[No Variations]"
Add component (AddParameter): Name = "Package"; Value = "SOIC-8 Texas Instruments"; VariantName = "[No Variations]"
Add component (AddParameter): Name = "Price"; Value = "None"; VariantName = "[No Variations]"
Add component (AddParameter): Name = "Purchase-URL"; Value = "https://pricing.snapeda.com/search/part/INA240A1D/?ref=eda"; VariantName = "[No Variations]"
Add component (AddParameter): Name = "SnapEDA_Link"; Value = "https://www.snapeda.com/parts/INA240A1D/Texas%20Instruments/view-part/2778825/?ref=snap"; VariantName = "[No Variations]"
Add component (AddParameter): Name = "Value"; Value = ""; VariantName = "[No Variations]"
Added Component: Designator=U2_Stepper_current_A_2(SOIC127P599X175-8N)
Add component (AddParameter): Name = "Availability"; Value = "Good"; VariantName = "[No Variations]"
Add component (AddParameter): Name = "Check_prices"; Value = "https://www.snapeda.com/parts/INA240A1D/Texas%20Instruments/view-part/2778825/?ref=eda"; VariantName = "[No Variations]"
Add component (AddParameter): Name = "MF"; Value = "Texas Instruments"; VariantName = "[No Variations]"
Add component (AddParameter): Name = "MP"; Value = "INA240A1D"; VariantName = "[No Variations]"
Add component (AddParameter): Name = "Package"; Value = "SOIC-8 Texas Instruments"; VariantName = "[No Variations]"
Add component (AddParameter): Name = "Price"; Value = "None"; VariantName = "[No Variations]"
Add component (AddParameter): Name = "Purchase-URL"; Value = "https://pricing.snapeda.com/search/part/INA240A1D/?ref=eda"; VariantName = "[No Variations]"
Add component (AddParameter): Name = "SnapEDA_Link"; Value = "https://www.snapeda.com/parts/INA240A1D/Texas%20Instruments/view-part/2778825/?ref=snap"; VariantName = "[No Variations]"
Add component (AddParameter): Name = "Value"; Value = ""; VariantName = "[No Variations]"
Added Component: Designator=U2_Stepper_current_B_1(SOIC127P599X175-8N)
Add component (AddParameter): Name = "Availability"; Value = "Good"; VariantName = "[No Variations]"
Add component (AddParameter): Name = "Check_prices"; Value = "https://www.snapeda.com/parts/INA240A1D/Texas%20Instruments/view-part/2778825/?ref=eda"; VariantName = "[No Variations]"
Add component (AddParameter): Name = "MF"; Value = "Texas Instruments"; VariantName = "[No Variations]"
Add component (AddParameter): Name = "MP"; Value = "INA240A1D"; VariantName = "[No Variations]"
Add component (AddParameter): Name = "Package"; Value = "SOIC-8 Texas Instruments"; VariantName = "[No Variations]"
Add component (AddParameter): Name = "Price"; Value = "None"; VariantName = "[No Variations]"
Add component (AddParameter): Name = "Purchase-URL"; Value = "https://pricing.snapeda.com/search/part/INA240A1D/?ref=eda"; VariantName = "[No Variations]"
Add component (AddParameter): Name = "SnapEDA_Link"; Value = "https://www.snapeda.com/parts/INA240A1D/Texas%20Instruments/view-part/2778825/?ref=snap"; VariantName = "[No Variations]"
Add component (AddParameter): Name = "Value"; Value = ""; VariantName = "[No Variations]"
Added Component: Designator=U2_Stepper_current_B_2(SOIC127P599X175-8N)
Add component (AddParameter): Name = "Availability"; Value = "Good"; VariantName = "[No Variations]"
Add component (AddParameter): Name = "Check_prices"; Value = "https://www.snapeda.com/parts/INA240A1D/Texas%20Instruments/view-part/2778825/?ref=eda"; VariantName = "[No Variations]"
Add component (AddParameter): Name = "MF"; Value = "Texas Instruments"; VariantName = "[No Variations]"
Add component (AddParameter): Name = "MP"; Value = "INA240A1D"; VariantName = "[No Variations]"
Add component (AddParameter): Name = "Package"; Value = "SOIC-8 Texas Instruments"; VariantName = "[No Variations]"
Add component (AddParameter): Name = "Price"; Value = "None"; VariantName = "[No Variations]"
Add component (AddParameter): Name = "Purchase-URL"; Value = "https://pricing.snapeda.com/search/part/INA240A1D/?ref=eda"; VariantName = "[No Variations]"
Add component (AddParameter): Name = "SnapEDA_Link"; Value = "https://www.snapeda.com/parts/INA240A1D/Texas%20Instruments/view-part/2778825/?ref=snap"; VariantName = "[No Variations]"
Add component (AddParameter): Name = "Value"; Value = ""; VariantName = "[No Variations]"
Added Pin To Net: NetName=NetJ1_10 Pin=U2_Stepper_current_A_1-1
Added Pin To Net: NetName=NetJ1_26 Pin=U2_Stepper_current_A_2-1
Added Pin To Net: NetName=NetJ1_14 Pin=U2_Stepper_current_B_1-1
Added Pin To Net: NetName=NetJ1_30 Pin=U2_Stepper_current_B_2-1
Added Member To Class: ClassName=Stepper_current_A_1 Member=Component U2_Stepper_current_A_1 (U2) INA240A1D
Added Member To Class: ClassName=Stepper_current_A_2 Member=Component U2_Stepper_current_A_2 (U2) INA240A1D
Added Member To Class: ClassName=Stepper_current_B_1 Member=Component U2_Stepper_current_B_1 (U2) INA240A1D
Added Member To Class: ClassName=Stepper_current_B_2 Member=Component U2_Stepper_current_B_2 (U2) INA240A1D
