Added Component: Designator=C1_Stepper_voltage_A_1(SMD_CAPACITOR_0805)
Add component (AddParameter): Name = "0805"; Value = "http://cz.farnell.com/webapp/wcs/stores/servlet/Search?catalogId=15001&langId=420&storeId=10156&categoryId=700000005423&sort=P_PRICE&pageSize=100&beginIndex=1&showResults=true&sf=502,707&pf=1010141074,1012080068,1012245578"; VariantName = "[No Variations]"
Add component (AddParameter): Name = "1206"; Value = "http://cz.farnell.com/webapp/wcs/stores/servlet/Search?catalogId=15001&langId=420&storeId=10156&categoryId=700000005423&sort=P_PRICE&pageSize=100&beginIndex=1&showResults=true&sf=502,707&pf=1012245584"; VariantName = "[No Variations]"
Add component (AddParameter): Name = "Value"; Value = "10nF"; VariantName = "[No Variations]"
Added Component: Designator=C1_Stepper_voltage_A_2(SMD_CAPACITOR_0805)
Add component (AddParameter): Name = "0805"; Value = "http://cz.farnell.com/webapp/wcs/stores/servlet/Search?catalogId=15001&langId=420&storeId=10156&categoryId=700000005423&sort=P_PRICE&pageSize=100&beginIndex=1&showResults=true&sf=502,707&pf=1010141074,1012080068,1012245578"; VariantName = "[No Variations]"
Add component (AddParameter): Name = "1206"; Value = "http://cz.farnell.com/webapp/wcs/stores/servlet/Search?catalogId=15001&langId=420&storeId=10156&categoryId=700000005423&sort=P_PRICE&pageSize=100&beginIndex=1&showResults=true&sf=502,707&pf=1012245584"; VariantName = "[No Variations]"
Add component (AddParameter): Name = "Value"; Value = "10nF"; VariantName = "[No Variations]"
Added Component: Designator=C1_Stepper_voltage_B_1(SMD_CAPACITOR_0805)
Add component (AddParameter): Name = "0805"; Value = "http://cz.farnell.com/webapp/wcs/stores/servlet/Search?catalogId=15001&langId=420&storeId=10156&categoryId=700000005423&sort=P_PRICE&pageSize=100&beginIndex=1&showResults=true&sf=502,707&pf=1010141074,1012080068,1012245578"; VariantName = "[No Variations]"
Add component (AddParameter): Name = "1206"; Value = "http://cz.farnell.com/webapp/wcs/stores/servlet/Search?catalogId=15001&langId=420&storeId=10156&categoryId=700000005423&sort=P_PRICE&pageSize=100&beginIndex=1&showResults=true&sf=502,707&pf=1012245584"; VariantName = "[No Variations]"
Add component (AddParameter): Name = "Value"; Value = "10nF"; VariantName = "[No Variations]"
Added Component: Designator=C1_Stepper_voltage_B_2(SMD_CAPACITOR_0805)
Add component (AddParameter): Name = "0805"; Value = "http://cz.farnell.com/webapp/wcs/stores/servlet/Search?catalogId=15001&langId=420&storeId=10156&categoryId=700000005423&sort=P_PRICE&pageSize=100&beginIndex=1&showResults=true&sf=502,707&pf=1010141074,1012080068,1012245578"; VariantName = "[No Variations]"
Add component (AddParameter): Name = "1206"; Value = "http://cz.farnell.com/webapp/wcs/stores/servlet/Search?catalogId=15001&langId=420&storeId=10156&categoryId=700000005423&sort=P_PRICE&pageSize=100&beginIndex=1&showResults=true&sf=502,707&pf=1012245584"; VariantName = "[No Variations]"
Add component (AddParameter): Name = "Value"; Value = "10nF"; VariantName = "[No Variations]"
Added Component: Designator=C2_Stepper_voltage_A_1(SMD_CAPACITOR_0805)
Add component (AddParameter): Name = "0805"; Value = "http://cz.farnell.com/webapp/wcs/stores/servlet/Search?catalogId=15001&langId=420&storeId=10156&categoryId=700000005423&sort=P_PRICE&pageSize=100&beginIndex=1&showResults=true&sf=502,707&pf=1010141074,1012080068,1012245578"; VariantName = "[No Variations]"
Add component (AddParameter): Name = "1206"; Value = "http://cz.farnell.com/webapp/wcs/stores/servlet/Search?catalogId=15001&langId=420&storeId=10156&categoryId=700000005423&sort=P_PRICE&pageSize=100&beginIndex=1&showResults=true&sf=502,707&pf=1012245584"; VariantName = "[No Variations]"
Add component (AddParameter): Name = "Value"; Value = "10nF"; VariantName = "[No Variations]"
Added Component: Designator=C2_Stepper_voltage_A_2(SMD_CAPACITOR_0805)
Add component (AddParameter): Name = "0805"; Value = "http://cz.farnell.com/webapp/wcs/stores/servlet/Search?catalogId=15001&langId=420&storeId=10156&categoryId=700000005423&sort=P_PRICE&pageSize=100&beginIndex=1&showResults=true&sf=502,707&pf=1010141074,1012080068,1012245578"; VariantName = "[No Variations]"
Add component (AddParameter): Name = "1206"; Value = "http://cz.farnell.com/webapp/wcs/stores/servlet/Search?catalogId=15001&langId=420&storeId=10156&categoryId=700000005423&sort=P_PRICE&pageSize=100&beginIndex=1&showResults=true&sf=502,707&pf=1012245584"; VariantName = "[No Variations]"
Add component (AddParameter): Name = "Value"; Value = "10nF"; VariantName = "[No Variations]"
Added Component: Designator=C2_Stepper_voltage_B_1(SMD_CAPACITOR_0805)
Add component (AddParameter): Name = "0805"; Value = "http://cz.farnell.com/webapp/wcs/stores/servlet/Search?catalogId=15001&langId=420&storeId=10156&categoryId=700000005423&sort=P_PRICE&pageSize=100&beginIndex=1&showResults=true&sf=502,707&pf=1010141074,1012080068,1012245578"; VariantName = "[No Variations]"
Add component (AddParameter): Name = "1206"; Value = "http://cz.farnell.com/webapp/wcs/stores/servlet/Search?catalogId=15001&langId=420&storeId=10156&categoryId=700000005423&sort=P_PRICE&pageSize=100&beginIndex=1&showResults=true&sf=502,707&pf=1012245584"; VariantName = "[No Variations]"
Add component (AddParameter): Name = "Value"; Value = "10nF"; VariantName = "[No Variations]"
Added Component: Designator=C2_Stepper_voltage_B_2(SMD_CAPACITOR_0805)
Add component (AddParameter): Name = "0805"; Value = "http://cz.farnell.com/webapp/wcs/stores/servlet/Search?catalogId=15001&langId=420&storeId=10156&categoryId=700000005423&sort=P_PRICE&pageSize=100&beginIndex=1&showResults=true&sf=502,707&pf=1010141074,1012080068,1012245578"; VariantName = "[No Variations]"
Add component (AddParameter): Name = "1206"; Value = "http://cz.farnell.com/webapp/wcs/stores/servlet/Search?catalogId=15001&langId=420&storeId=10156&categoryId=700000005423&sort=P_PRICE&pageSize=100&beginIndex=1&showResults=true&sf=502,707&pf=1012245584"; VariantName = "[No Variations]"
Add component (AddParameter): Name = "Value"; Value = "10nF"; VariantName = "[No Variations]"
Added Component: Designator=C3_Stepper_voltage_A_1(SMD_CAPACITOR_0805)
Add component (AddParameter): Name = "0805"; Value = "http://cz.farnell.com/webapp/wcs/stores/servlet/Search?catalogId=15001&langId=420&storeId=10156&categoryId=700000005423&sort=P_PRICE&pageSize=100&beginIndex=1&showResults=true&sf=502,707&pf=1010141074,1012080068,1012245578"; VariantName = "[No Variations]"
Add component (AddParameter): Name = "1206"; Value = "http://cz.farnell.com/webapp/wcs/stores/servlet/Search?catalogId=15001&langId=420&storeId=10156&categoryId=700000005423&sort=P_PRICE&pageSize=100&beginIndex=1&showResults=true&sf=502,707&pf=1012245584"; VariantName = "[No Variations]"
Add component (AddParameter): Name = "Value"; Value = "100nF"; VariantName = "[No Variations]"
Added Component: Designator=C3_Stepper_voltage_A_2(SMD_CAPACITOR_0805)
Add component (AddParameter): Name = "0805"; Value = "http://cz.farnell.com/webapp/wcs/stores/servlet/Search?catalogId=15001&langId=420&storeId=10156&categoryId=700000005423&sort=P_PRICE&pageSize=100&beginIndex=1&showResults=true&sf=502,707&pf=1010141074,1012080068,1012245578"; VariantName = "[No Variations]"
Add component (AddParameter): Name = "1206"; Value = "http://cz.farnell.com/webapp/wcs/stores/servlet/Search?catalogId=15001&langId=420&storeId=10156&categoryId=700000005423&sort=P_PRICE&pageSize=100&beginIndex=1&showResults=true&sf=502,707&pf=1012245584"; VariantName = "[No Variations]"
Add component (AddParameter): Name = "Value"; Value = "100nF"; VariantName = "[No Variations]"
Added Component: Designator=C3_Stepper_voltage_B_1(SMD_CAPACITOR_0805)
Add component (AddParameter): Name = "0805"; Value = "http://cz.farnell.com/webapp/wcs/stores/servlet/Search?catalogId=15001&langId=420&storeId=10156&categoryId=700000005423&sort=P_PRICE&pageSize=100&beginIndex=1&showResults=true&sf=502,707&pf=1010141074,1012080068,1012245578"; VariantName = "[No Variations]"
Add component (AddParameter): Name = "1206"; Value = "http://cz.farnell.com/webapp/wcs/stores/servlet/Search?catalogId=15001&langId=420&storeId=10156&categoryId=700000005423&sort=P_PRICE&pageSize=100&beginIndex=1&showResults=true&sf=502,707&pf=1012245584"; VariantName = "[No Variations]"
Add component (AddParameter): Name = "Value"; Value = "100nF"; VariantName = "[No Variations]"
Added Component: Designator=C3_Stepper_voltage_B_2(SMD_CAPACITOR_0805)
Add component (AddParameter): Name = "0805"; Value = "http://cz.farnell.com/webapp/wcs/stores/servlet/Search?catalogId=15001&langId=420&storeId=10156&categoryId=700000005423&sort=P_PRICE&pageSize=100&beginIndex=1&showResults=true&sf=502,707&pf=1010141074,1012080068,1012245578"; VariantName = "[No Variations]"
Add component (AddParameter): Name = "1206"; Value = "http://cz.farnell.com/webapp/wcs/stores/servlet/Search?catalogId=15001&langId=420&storeId=10156&categoryId=700000005423&sort=P_PRICE&pageSize=100&beginIndex=1&showResults=true&sf=502,707&pf=1012245584"; VariantName = "[No Variations]"
Add component (AddParameter): Name = "Value"; Value = "100nF"; VariantName = "[No Variations]"
Added Component: Designator=J1(HARWIN_M50-3202045)
Add component (AddParameter): Name = "Check_prices"; Value = "https://www.snapeda.com/parts/M50-3202045/Harwin/view-part/?ref=eda"; VariantName = "[No Variations]"
Add component (AddParameter): Name = "MF"; Value = "Harwin"; VariantName = "[No Variations]"
Add component (AddParameter): Name = "MP"; Value = "M50-3202045"; VariantName = "[No Variations]"
Add component (AddParameter): Name = "Package"; Value = "None"; VariantName = "[No Variations]"
Add component (AddParameter): Name = "SnapEDA_Link"; Value = "https://www.snapeda.com/parts/M50-3202045/Harwin/view-part/?ref=snap"; VariantName = "[No Variations]"
Add component (AddParameter): Name = "Value"; Value = ""; VariantName = "[No Variations]"
Added Component: Designator=R1_Stepper_voltage_A_1(SMD_RESISTOR_0805)
Add component (AddParameter): Name = "0805"; Value = "http://cz.farnell.com/webapp/wcs/stores/servlet/Search?catalogId=15001&langId=420&storeId=10156&categoryId=700000005450&sort=P_PRICE&pageSize=100&showResults=true&sf=502,707&pf=1012211743"; VariantName = "[No Variations]"
Add component (AddParameter): Name = "1206"; Value = "http://cz.farnell.com/webapp/wcs/stores/servlet/Search?catalogId=15001&langId=420&storeId=10156&categoryId=700000005450&pageSize=100&showResults=true&sf=502,707&pf=1012211755"; VariantName = "[No Variations]"
Add component (AddParameter): Name = "Value"; Value = "10K"; VariantName = "[No Variations]"
Added Component: Designator=R1_Stepper_voltage_A_2(SMD_RESISTOR_0805)
Add component (AddParameter): Name = "0805"; Value = "http://cz.farnell.com/webapp/wcs/stores/servlet/Search?catalogId=15001&langId=420&storeId=10156&categoryId=700000005450&sort=P_PRICE&pageSize=100&showResults=true&sf=502,707&pf=1012211743"; VariantName = "[No Variations]"
Add component (AddParameter): Name = "1206"; Value = "http://cz.farnell.com/webapp/wcs/stores/servlet/Search?catalogId=15001&langId=420&storeId=10156&categoryId=700000005450&pageSize=100&showResults=true&sf=502,707&pf=1012211755"; VariantName = "[No Variations]"
Add component (AddParameter): Name = "Value"; Value = "10K"; VariantName = "[No Variations]"
Added Component: Designator=R1_Stepper_voltage_B_1(SMD_RESISTOR_0805)
Add component (AddParameter): Name = "0805"; Value = "http://cz.farnell.com/webapp/wcs/stores/servlet/Search?catalogId=15001&langId=420&storeId=10156&categoryId=700000005450&sort=P_PRICE&pageSize=100&showResults=true&sf=502,707&pf=1012211743"; VariantName = "[No Variations]"
Add component (AddParameter): Name = "1206"; Value = "http://cz.farnell.com/webapp/wcs/stores/servlet/Search?catalogId=15001&langId=420&storeId=10156&categoryId=700000005450&pageSize=100&showResults=true&sf=502,707&pf=1012211755"; VariantName = "[No Variations]"
Add component (AddParameter): Name = "Value"; Value = "10K"; VariantName = "[No Variations]"
Added Component: Designator=R1_Stepper_voltage_B_2(SMD_RESISTOR_0805)
Add component (AddParameter): Name = "0805"; Value = "http://cz.farnell.com/webapp/wcs/stores/servlet/Search?catalogId=15001&langId=420&storeId=10156&categoryId=700000005450&sort=P_PRICE&pageSize=100&showResults=true&sf=502,707&pf=1012211743"; VariantName = "[No Variations]"
Add component (AddParameter): Name = "1206"; Value = "http://cz.farnell.com/webapp/wcs/stores/servlet/Search?catalogId=15001&langId=420&storeId=10156&categoryId=700000005450&pageSize=100&showResults=true&sf=502,707&pf=1012211755"; VariantName = "[No Variations]"
Add component (AddParameter): Name = "Value"; Value = "10K"; VariantName = "[No Variations]"
Added Component: Designator=R2_Stepper_voltage_A_1(SMD_RESISTOR_0805)
Add component (AddParameter): Name = "0805"; Value = "http://cz.farnell.com/webapp/wcs/stores/servlet/Search?catalogId=15001&langId=420&storeId=10156&categoryId=700000005450&sort=P_PRICE&pageSize=100&showResults=true&sf=502,707&pf=1012211743"; VariantName = "[No Variations]"
Add component (AddParameter): Name = "1206"; Value = "http://cz.farnell.com/webapp/wcs/stores/servlet/Search?catalogId=15001&langId=420&storeId=10156&categoryId=700000005450&pageSize=100&showResults=true&sf=502,707&pf=1012211755"; VariantName = "[No Variations]"
Add component (AddParameter): Name = "Value"; Value = "10K"; VariantName = "[No Variations]"
Added Component: Designator=R2_Stepper_voltage_A_2(SMD_RESISTOR_0805)
Add component (AddParameter): Name = "0805"; Value = "http://cz.farnell.com/webapp/wcs/stores/servlet/Search?catalogId=15001&langId=420&storeId=10156&categoryId=700000005450&sort=P_PRICE&pageSize=100&showResults=true&sf=502,707&pf=1012211743"; VariantName = "[No Variations]"
Add component (AddParameter): Name = "1206"; Value = "http://cz.farnell.com/webapp/wcs/stores/servlet/Search?catalogId=15001&langId=420&storeId=10156&categoryId=700000005450&pageSize=100&showResults=true&sf=502,707&pf=1012211755"; VariantName = "[No Variations]"
Add component (AddParameter): Name = "Value"; Value = "10K"; VariantName = "[No Variations]"
Added Component: Designator=R2_Stepper_voltage_B_1(SMD_RESISTOR_0805)
Add component (AddParameter): Name = "0805"; Value = "http://cz.farnell.com/webapp/wcs/stores/servlet/Search?catalogId=15001&langId=420&storeId=10156&categoryId=700000005450&sort=P_PRICE&pageSize=100&showResults=true&sf=502,707&pf=1012211743"; VariantName = "[No Variations]"
Add component (AddParameter): Name = "1206"; Value = "http://cz.farnell.com/webapp/wcs/stores/servlet/Search?catalogId=15001&langId=420&storeId=10156&categoryId=700000005450&pageSize=100&showResults=true&sf=502,707&pf=1012211755"; VariantName = "[No Variations]"
Add component (AddParameter): Name = "Value"; Value = "10K"; VariantName = "[No Variations]"
Added Component: Designator=R2_Stepper_voltage_B_2(SMD_RESISTOR_0805)
Add component (AddParameter): Name = "0805"; Value = "http://cz.farnell.com/webapp/wcs/stores/servlet/Search?catalogId=15001&langId=420&storeId=10156&categoryId=700000005450&sort=P_PRICE&pageSize=100&showResults=true&sf=502,707&pf=1012211743"; VariantName = "[No Variations]"
Add component (AddParameter): Name = "1206"; Value = "http://cz.farnell.com/webapp/wcs/stores/servlet/Search?catalogId=15001&langId=420&storeId=10156&categoryId=700000005450&pageSize=100&showResults=true&sf=502,707&pf=1012211755"; VariantName = "[No Variations]"
Add component (AddParameter): Name = "Value"; Value = "10K"; VariantName = "[No Variations]"
Added Component: Designator=U1_Stepper_voltage_A_1(SOIC127P599X175-8N)
Add component (AddParameter): Name = "Availability"; Value = "Unavailable"; VariantName = "[No Variations]"
Add component (AddParameter): Name = "MF"; Value = ""; VariantName = "[No Variations]"
Add component (AddParameter): Name = "MP"; Value = "INA149AID"; VariantName = "[No Variations]"
Add component (AddParameter): Name = "Package"; Value = "None"; VariantName = "[No Variations]"
Add component (AddParameter): Name = "Price"; Value = "None"; VariantName = "[No Variations]"
Add component (AddParameter): Name = "Value"; Value = ""; VariantName = "[No Variations]"
Added Component: Designator=U1_Stepper_voltage_A_2(SOIC127P599X175-8N)
Add component (AddParameter): Name = "Availability"; Value = "Unavailable"; VariantName = "[No Variations]"
Add component (AddParameter): Name = "MF"; Value = ""; VariantName = "[No Variations]"
Add component (AddParameter): Name = "MP"; Value = "INA149AID"; VariantName = "[No Variations]"
Add component (AddParameter): Name = "Package"; Value = "None"; VariantName = "[No Variations]"
Add component (AddParameter): Name = "Price"; Value = "None"; VariantName = "[No Variations]"
Add component (AddParameter): Name = "Value"; Value = ""; VariantName = "[No Variations]"
Added Component: Designator=U1_Stepper_voltage_B_1(SOIC127P599X175-8N)
Add component (AddParameter): Name = "Availability"; Value = "Unavailable"; VariantName = "[No Variations]"
Add component (AddParameter): Name = "MF"; Value = ""; VariantName = "[No Variations]"
Add component (AddParameter): Name = "MP"; Value = "INA149AID"; VariantName = "[No Variations]"
Add component (AddParameter): Name = "Package"; Value = "None"; VariantName = "[No Variations]"
Add component (AddParameter): Name = "Price"; Value = "None"; VariantName = "[No Variations]"
Add component (AddParameter): Name = "Value"; Value = ""; VariantName = "[No Variations]"
Added Component: Designator=U1_Stepper_voltage_B_2(SOIC127P599X175-8N)
Add component (AddParameter): Name = "Availability"; Value = "Unavailable"; VariantName = "[No Variations]"
Add component (AddParameter): Name = "MF"; Value = ""; VariantName = "[No Variations]"
Add component (AddParameter): Name = "MP"; Value = "INA149AID"; VariantName = "[No Variations]"
Add component (AddParameter): Name = "Package"; Value = "None"; VariantName = "[No Variations]"
Add component (AddParameter): Name = "Price"; Value = "None"; VariantName = "[No Variations]"
Add component (AddParameter): Name = "Value"; Value = ""; VariantName = "[No Variations]"
Added Pin To Net: NetName=+5 Pin=J1-3
Added Net: Name=+5
Added Pin To Net: NetName=8-95V Pin=J1-5
Added Net: Name=8-95V
Added Pin To Net: NetName=GND Pin=C1_Stepper_voltage_A_1-1
Added Pin To Net: NetName=GND Pin=C1_Stepper_voltage_A_2-1
Added Pin To Net: NetName=GND Pin=C1_Stepper_voltage_B_1-1
Added Pin To Net: NetName=GND Pin=C1_Stepper_voltage_B_2-1
Added Pin To Net: NetName=GND Pin=C2_Stepper_voltage_A_1-1
Added Pin To Net: NetName=GND Pin=C2_Stepper_voltage_A_2-1
Added Pin To Net: NetName=GND Pin=C2_Stepper_voltage_B_1-1
Added Pin To Net: NetName=GND Pin=C2_Stepper_voltage_B_2-1
Added Pin To Net: NetName=GND Pin=C3_Stepper_voltage_A_1-1
Added Pin To Net: NetName=GND Pin=C3_Stepper_voltage_A_2-1
Added Pin To Net: NetName=GND Pin=C3_Stepper_voltage_B_1-1
Added Pin To Net: NetName=GND Pin=C3_Stepper_voltage_B_2-1
Added Pin To Net: NetName=GND Pin=J1-39
Added Pin To Net: NetName=GND Pin=J1-40
Added Pin To Net: NetName=GND Pin=R2_Stepper_voltage_A_1-1
Added Pin To Net: NetName=GND Pin=R2_Stepper_voltage_A_2-1
Added Pin To Net: NetName=GND Pin=R2_Stepper_voltage_B_1-1
Added Pin To Net: NetName=GND Pin=R2_Stepper_voltage_B_2-1
Added Pin To Net: NetName=GND Pin=U1_Stepper_voltage_A_1-4
Added Pin To Net: NetName=GND Pin=U1_Stepper_voltage_A_2-4
Added Pin To Net: NetName=GND Pin=U1_Stepper_voltage_B_1-4
Added Pin To Net: NetName=GND Pin=U1_Stepper_voltage_B_2-4
Added Net: Name=GND
Added Pin To Net: NetName=NetC1_Stepper_voltage_A_1_2 Pin=C1_Stepper_voltage_A_1-2
Added Pin To Net: NetName=NetC1_Stepper_voltage_A_1_2 Pin=J1-12
Added Pin To Net: NetName=NetC1_Stepper_voltage_A_1_2 Pin=U1_Stepper_voltage_A_1-2
Added Net: Name=NetC1_Stepper_voltage_A_1_2
Added Pin To Net: NetName=NetC1_Stepper_voltage_A_2_2 Pin=C1_Stepper_voltage_A_2-2
Added Pin To Net: NetName=NetC1_Stepper_voltage_A_2_2 Pin=U1_Stepper_voltage_A_2-2
Added Net: Name=NetC1_Stepper_voltage_A_2_2
Added Pin To Net: NetName=NetC1_Stepper_voltage_B_1_2 Pin=C1_Stepper_voltage_B_1-2
Added Pin To Net: NetName=NetC1_Stepper_voltage_B_1_2 Pin=J1-16
Added Pin To Net: NetName=NetC1_Stepper_voltage_B_1_2 Pin=U1_Stepper_voltage_B_1-2
Added Net: Name=NetC1_Stepper_voltage_B_1_2
Added Pin To Net: NetName=NetC1_Stepper_voltage_B_2_2 Pin=C1_Stepper_voltage_B_2-2
Added Pin To Net: NetName=NetC1_Stepper_voltage_B_2_2 Pin=U1_Stepper_voltage_B_2-2
Added Net: Name=NetC1_Stepper_voltage_B_2_2
Added Pin To Net: NetName=NetC2_Stepper_voltage_A_1_2 Pin=C2_Stepper_voltage_A_1-2
Added Pin To Net: NetName=NetC2_Stepper_voltage_A_1_2 Pin=J1-10
Added Pin To Net: NetName=NetC2_Stepper_voltage_A_1_2 Pin=U1_Stepper_voltage_A_1-3
Added Net: Name=NetC2_Stepper_voltage_A_1_2
Added Pin To Net: NetName=NetC2_Stepper_voltage_A_2_2 Pin=C2_Stepper_voltage_A_2-2
Added Pin To Net: NetName=NetC2_Stepper_voltage_A_2_2 Pin=U1_Stepper_voltage_A_2-3
Added Net: Name=NetC2_Stepper_voltage_A_2_2
Added Pin To Net: NetName=NetC2_Stepper_voltage_B_1_2 Pin=C2_Stepper_voltage_B_1-2
Added Pin To Net: NetName=NetC2_Stepper_voltage_B_1_2 Pin=J1-14
Added Pin To Net: NetName=NetC2_Stepper_voltage_B_1_2 Pin=U1_Stepper_voltage_B_1-3
Added Net: Name=NetC2_Stepper_voltage_B_1_2
Added Pin To Net: NetName=NetC2_Stepper_voltage_B_2_2 Pin=C2_Stepper_voltage_B_2-2
Added Pin To Net: NetName=NetC2_Stepper_voltage_B_2_2 Pin=U1_Stepper_voltage_B_2-3
Added Net: Name=NetC2_Stepper_voltage_B_2_2
Added Pin To Net: NetName=NetC3_Stepper_voltage_A_1_2 Pin=C3_Stepper_voltage_A_1-2
Added Pin To Net: NetName=NetC3_Stepper_voltage_A_1_2 Pin=R1_Stepper_voltage_A_1-1
Added Pin To Net: NetName=NetC3_Stepper_voltage_A_1_2 Pin=R2_Stepper_voltage_A_1-2
Added Pin To Net: NetName=NetC3_Stepper_voltage_A_1_2 Pin=U1_Stepper_voltage_A_1-1
Added Pin To Net: NetName=NetC3_Stepper_voltage_A_1_2 Pin=U1_Stepper_voltage_A_1-5
Added Net: Name=NetC3_Stepper_voltage_A_1_2
Added Pin To Net: NetName=NetC3_Stepper_voltage_A_2_2 Pin=C3_Stepper_voltage_A_2-2
Added Pin To Net: NetName=NetC3_Stepper_voltage_A_2_2 Pin=R1_Stepper_voltage_A_2-1
Added Pin To Net: NetName=NetC3_Stepper_voltage_A_2_2 Pin=R2_Stepper_voltage_A_2-2
Added Pin To Net: NetName=NetC3_Stepper_voltage_A_2_2 Pin=U1_Stepper_voltage_A_2-1
Added Pin To Net: NetName=NetC3_Stepper_voltage_A_2_2 Pin=U1_Stepper_voltage_A_2-5
Added Net: Name=NetC3_Stepper_voltage_A_2_2
Added Pin To Net: NetName=NetC3_Stepper_voltage_B_1_2 Pin=C3_Stepper_voltage_B_1-2
Added Pin To Net: NetName=NetC3_Stepper_voltage_B_1_2 Pin=R1_Stepper_voltage_B_1-1
Added Pin To Net: NetName=NetC3_Stepper_voltage_B_1_2 Pin=R2_Stepper_voltage_B_1-2
Added Pin To Net: NetName=NetC3_Stepper_voltage_B_1_2 Pin=U1_Stepper_voltage_B_1-1
Added Pin To Net: NetName=NetC3_Stepper_voltage_B_1_2 Pin=U1_Stepper_voltage_B_1-5
Added Net: Name=NetC3_Stepper_voltage_B_1_2
Added Pin To Net: NetName=NetC3_Stepper_voltage_B_2_2 Pin=C3_Stepper_voltage_B_2-2
Added Pin To Net: NetName=NetC3_Stepper_voltage_B_2_2 Pin=R1_Stepper_voltage_B_2-1
Added Pin To Net: NetName=NetC3_Stepper_voltage_B_2_2 Pin=R2_Stepper_voltage_B_2-2
Added Pin To Net: NetName=NetC3_Stepper_voltage_B_2_2 Pin=U1_Stepper_voltage_B_2-1
Added Pin To Net: NetName=NetC3_Stepper_voltage_B_2_2 Pin=U1_Stepper_voltage_B_2-5
Added Net: Name=NetC3_Stepper_voltage_B_2_2
Added Pin To Net: NetName=NetJ1_2 Pin=J1-2
Added Net: Name=NetJ1_2
Added Pin To Net: NetName=NetJ1_4 Pin=J1-4
Added Net: Name=NetJ1_4
Added Pin To Net: NetName=NetJ1_6 Pin=J1-6
Added Net: Name=NetJ1_6
Added Pin To Net: NetName=NetJ1_8 Pin=J1-8
Added Net: Name=NetJ1_8
Added Pin To Net: NetName=NetJ1_18 Pin=J1-18
Added Net: Name=NetJ1_18
Added Pin To Net: NetName=NetJ1_20 Pin=J1-20
Added Net: Name=NetJ1_20
Added Pin To Net: NetName=NetJ1_22 Pin=J1-22
Added Net: Name=NetJ1_22
Added Pin To Net: NetName=NetJ1_24 Pin=J1-24
Added Net: Name=NetJ1_24
Added Pin To Net: NetName=NetJ1_26 Pin=J1-26
Added Net: Name=NetJ1_26
Added Pin To Net: NetName=NetJ1_28 Pin=J1-28
Added Net: Name=NetJ1_28
Added Pin To Net: NetName=NetJ1_30 Pin=J1-30
Added Net: Name=NetJ1_30
Added Pin To Net: NetName=NetJ1_32 Pin=J1-32
Added Net: Name=NetJ1_32
Added Pin To Net: NetName=NetU1_Stepper_voltage_A_1_6 Pin=U1_Stepper_voltage_A_1-6
Added Net: Name=NetU1_Stepper_voltage_A_1_6
Added Pin To Net: NetName=NetU1_Stepper_voltage_A_2_6 Pin=U1_Stepper_voltage_A_2-6
Added Net: Name=NetU1_Stepper_voltage_A_2_6
Added Pin To Net: NetName=NetU1_Stepper_voltage_B_1_6 Pin=U1_Stepper_voltage_B_1-6
Added Net: Name=NetU1_Stepper_voltage_B_1_6
Added Pin To Net: NetName=NetU1_Stepper_voltage_B_2_6 Pin=U1_Stepper_voltage_B_2-6
Added Net: Name=NetU1_Stepper_voltage_B_2_6
Added Pin To Net: NetName=VCC Pin=J1-1
Added Pin To Net: NetName=VCC Pin=R1_Stepper_voltage_A_1-2
Added Pin To Net: NetName=VCC Pin=R1_Stepper_voltage_A_2-2
Added Pin To Net: NetName=VCC Pin=R1_Stepper_voltage_B_1-2
Added Pin To Net: NetName=VCC Pin=R1_Stepper_voltage_B_2-2
Added Pin To Net: NetName=VCC Pin=U1_Stepper_voltage_A_1-7
Added Pin To Net: NetName=VCC Pin=U1_Stepper_voltage_A_2-7
Added Pin To Net: NetName=VCC Pin=U1_Stepper_voltage_B_1-7
Added Pin To Net: NetName=VCC Pin=U1_Stepper_voltage_B_2-7
Added Net: Name=VCC
Added Class: Name=main
Added Class: Name=Stepper_voltage_A_1
Added Class: Name=Stepper_voltage_A_2
Added Class: Name=Stepper_voltage_B_1
Added Class: Name=Stepper_voltage_B_2
Added Class: Name=VoltageSenzor
