Removed Pin From Net: NetName=VCC Pin=C5.1-2
Removed Pin From Net: NetName=VCC Pin=C5.2-2
Removed Pin From Net: NetName=VCC Pin=C5.3-2
Removed Pin From Net: NetName=VCC Pin=C5.4-2
Removed Pin From Net: NetName=VCC Pin=R1.1-2
Removed Pin From Net: NetName=VCC Pin=R1.2-2
Removed Pin From Net: NetName=VCC Pin=R1.3-2
Removed Pin From Net: NetName=VCC Pin=R1.4-2
Removed Pin From Net: NetName=VCC Pin=U1.1-7
Removed Pin From Net: NetName=VCC Pin=U1.2-7
Removed Pin From Net: NetName=VCC Pin=U1.3-7
Removed Pin From Net: NetName=VCC Pin=U1.4-7
Added Pin To Net: NetName=8-95V Pin=C5.1-2
Added Pin To Net: NetName=8-95V Pin=C5.2-2
Added Pin To Net: NetName=8-95V Pin=C5.3-2
Added Pin To Net: NetName=8-95V Pin=C5.4-2
Added Pin To Net: NetName=8-95V Pin=R1.1-2
Added Pin To Net: NetName=8-95V Pin=R1.2-2
Added Pin To Net: NetName=8-95V Pin=R1.3-2
Added Pin To Net: NetName=8-95V Pin=R1.4-2
Added Pin To Net: NetName=8-95V Pin=U1.1-7
Added Pin To Net: NetName=8-95V Pin=U1.2-7
Added Pin To Net: NetName=8-95V Pin=U1.3-7
Added Pin To Net: NetName=8-95V Pin=U1.4-7
