Removed Pin From Net: NetName=NetJ1_4 Pin=J?-1
Change Component Footprint: Designator=J? Old Footprint=HARWIN_H2173-05 New Footprint=HARWIN_H2175-05
Change Component Comment : Designator=J? Old Comment=H2173-05 New Comment=H2175-05
Change component parameters: Designator = "J?" ("J?"); Footprint = "HARWIN_H2173-05"; UniqueID = "\IYDBKIRN" ("\IYDBKIRN")
Change component parameters (AddParameter): Name = "Availability"; Value = "Unavailable"; VariantName = "[No Variations]"
Change component parameters (AddParameter): Name = "MF"; Value = ""; VariantName = "[No Variations]"
Change component parameters (AddParameter): Name = "MP"; Value = "H2175-05"; VariantName = "[No Variations]"
Change component parameters (AddParameter): Name = "Package"; Value = "None"; VariantName = "[No Variations]"
Change component parameters (AddParameter): Name = "Price"; Value = "None"; VariantName = "[No Variations]"
Change component parameters (AddParameter): Name = "Value"; Value = ""; VariantName = "[No Variations]"
Added Component: Designator=J?(HARWIN_H2175-05)
Add component (AddParameter): Name = "Availability"; Value = "Unavailable"; VariantName = "[No Variations]"
Add component (AddParameter): Name = "MF"; Value = ""; VariantName = "[No Variations]"
Add component (AddParameter): Name = "MP"; Value = "H2175-05"; VariantName = "[No Variations]"
Add component (AddParameter): Name = "Package"; Value = "None"; VariantName = "[No Variations]"
Add component (AddParameter): Name = "Price"; Value = "None"; VariantName = "[No Variations]"
Add component (AddParameter): Name = "Value"; Value = ""; VariantName = "[No Variations]"
Added Component: Designator=J?(HARWIN_H2175-05)
Add component (AddParameter): Name = "Availability"; Value = "Unavailable"; VariantName = "[No Variations]"
Add component (AddParameter): Name = "MF"; Value = ""; VariantName = "[No Variations]"
Add component (AddParameter): Name = "MP"; Value = "H2175-05"; VariantName = "[No Variations]"
Add component (AddParameter): Name = "Package"; Value = "None"; VariantName = "[No Variations]"
Add component (AddParameter): Name = "Price"; Value = "None"; VariantName = "[No Variations]"
Add component (AddParameter): Name = "Value"; Value = ""; VariantName = "[No Variations]"
Added Pin To Net: NetName=NetJ1_2 Pin=J?-1
Added Pin To Net: NetName=NetJ1_4 Pin=J?-1
Added Pin To Net: NetName=NetJ1_8 Pin=J?-1
Added Member To Class: ClassName=main Member=Component J? H2175-05
Added Member To Class: ClassName=main Member=Component J? H2175-05
Added Member To Class: ClassName=main Member=Component J? H2175-05
