Removed Pin From Net: NetName=NetC2.1_2 Pin=J1-10
Removed Pin From Net: NetName=NetC1.1_2 Pin=J1-12
Removed Pin From Net: NetName=NetC2.3_2 Pin=J1-14
Removed Pin From Net: NetName=NetC1.3_2 Pin=J1-16
Added Component: Designator=C4.1(SMD_CAPACITOR_0805)
Add component (AddParameter): Name = "0805"; Value = "http://cz.farnell.com/webapp/wcs/stores/servlet/Search?catalogId=15001&langId=420&storeId=10156&categoryId=700000005423&sort=P_PRICE&pageSize=100&beginIndex=1&showResults=true&sf=502,707&pf=1010141074,1012080068,1012245578"; VariantName = "[No Variations]"
Add component (AddParameter): Name = "1206"; Value = "http://cz.farnell.com/webapp/wcs/stores/servlet/Search?catalogId=15001&langId=420&storeId=10156&categoryId=700000005423&sort=P_PRICE&pageSize=100&beginIndex=1&showResults=true&sf=502,707&pf=1012245584"; VariantName = "[No Variations]"
Add component (AddParameter): Name = "Value"; Value = "100nF"; VariantName = "[No Variations]"
Added Component: Designator=C4.2(SMD_CAPACITOR_0805)
Add component (AddParameter): Name = "0805"; Value = "http://cz.farnell.com/webapp/wcs/stores/servlet/Search?catalogId=15001&langId=420&storeId=10156&categoryId=700000005423&sort=P_PRICE&pageSize=100&beginIndex=1&showResults=true&sf=502,707&pf=1010141074,1012080068,1012245578"; VariantName = "[No Variations]"
Add component (AddParameter): Name = "1206"; Value = "http://cz.farnell.com/webapp/wcs/stores/servlet/Search?catalogId=15001&langId=420&storeId=10156&categoryId=700000005423&sort=P_PRICE&pageSize=100&beginIndex=1&showResults=true&sf=502,707&pf=1012245584"; VariantName = "[No Variations]"
Add component (AddParameter): Name = "Value"; Value = "100nF"; VariantName = "[No Variations]"
Added Component: Designator=C4.3(SMD_CAPACITOR_0805)
Add component (AddParameter): Name = "0805"; Value = "http://cz.farnell.com/webapp/wcs/stores/servlet/Search?catalogId=15001&langId=420&storeId=10156&categoryId=700000005423&sort=P_PRICE&pageSize=100&beginIndex=1&showResults=true&sf=502,707&pf=1010141074,1012080068,1012245578"; VariantName = "[No Variations]"
Add component (AddParameter): Name = "1206"; Value = "http://cz.farnell.com/webapp/wcs/stores/servlet/Search?catalogId=15001&langId=420&storeId=10156&categoryId=700000005423&sort=P_PRICE&pageSize=100&beginIndex=1&showResults=true&sf=502,707&pf=1012245584"; VariantName = "[No Variations]"
Add component (AddParameter): Name = "Value"; Value = "100nF"; VariantName = "[No Variations]"
Added Component: Designator=C4.4(SMD_CAPACITOR_0805)
Add component (AddParameter): Name = "0805"; Value = "http://cz.farnell.com/webapp/wcs/stores/servlet/Search?catalogId=15001&langId=420&storeId=10156&categoryId=700000005423&sort=P_PRICE&pageSize=100&beginIndex=1&showResults=true&sf=502,707&pf=1010141074,1012080068,1012245578"; VariantName = "[No Variations]"
Add component (AddParameter): Name = "1206"; Value = "http://cz.farnell.com/webapp/wcs/stores/servlet/Search?catalogId=15001&langId=420&storeId=10156&categoryId=700000005423&sort=P_PRICE&pageSize=100&beginIndex=1&showResults=true&sf=502,707&pf=1012245584"; VariantName = "[No Variations]"
Add component (AddParameter): Name = "Value"; Value = "100nF"; VariantName = "[No Variations]"
Added Component: Designator=R3.1(SMD_RESISTOR_1206)
Add component (AddParameter): Name = "0805"; Value = "http://cz.farnell.com/webapp/wcs/stores/servlet/Search?catalogId=15001&langId=420&storeId=10156&categoryId=700000005450&sort=P_PRICE&pageSize=100&showResults=true&sf=502,707&pf=1012211743"; VariantName = "[No Variations]"
Add component (AddParameter): Name = "1206"; Value = "http://cz.farnell.com/webapp/wcs/stores/servlet/Search?catalogId=15001&langId=420&storeId=10156&categoryId=700000005450&pageSize=100&showResults=true&sf=502,707&pf=1012211755"; VariantName = "[No Variations]"
Add component (AddParameter): Name = "Value"; Value = "0.130"; VariantName = "[No Variations]"
Added Component: Designator=R3.2(SMD_RESISTOR_1206)
Add component (AddParameter): Name = "0805"; Value = "http://cz.farnell.com/webapp/wcs/stores/servlet/Search?catalogId=15001&langId=420&storeId=10156&categoryId=700000005450&sort=P_PRICE&pageSize=100&showResults=true&sf=502,707&pf=1012211743"; VariantName = "[No Variations]"
Add component (AddParameter): Name = "1206"; Value = "http://cz.farnell.com/webapp/wcs/stores/servlet/Search?catalogId=15001&langId=420&storeId=10156&categoryId=700000005450&pageSize=100&showResults=true&sf=502,707&pf=1012211755"; VariantName = "[No Variations]"
Add component (AddParameter): Name = "Value"; Value = "0.130"; VariantName = "[No Variations]"
Added Component: Designator=R3.3(SMD_RESISTOR_1206)
Add component (AddParameter): Name = "0805"; Value = "http://cz.farnell.com/webapp/wcs/stores/servlet/Search?catalogId=15001&langId=420&storeId=10156&categoryId=700000005450&sort=P_PRICE&pageSize=100&showResults=true&sf=502,707&pf=1012211743"; VariantName = "[No Variations]"
Add component (AddParameter): Name = "1206"; Value = "http://cz.farnell.com/webapp/wcs/stores/servlet/Search?catalogId=15001&langId=420&storeId=10156&categoryId=700000005450&pageSize=100&showResults=true&sf=502,707&pf=1012211755"; VariantName = "[No Variations]"
Add component (AddParameter): Name = "Value"; Value = "0.130"; VariantName = "[No Variations]"
Added Component: Designator=R3.4(SMD_RESISTOR_1206)
Add component (AddParameter): Name = "0805"; Value = "http://cz.farnell.com/webapp/wcs/stores/servlet/Search?catalogId=15001&langId=420&storeId=10156&categoryId=700000005450&sort=P_PRICE&pageSize=100&showResults=true&sf=502,707&pf=1012211743"; VariantName = "[No Variations]"
Add component (AddParameter): Name = "1206"; Value = "http://cz.farnell.com/webapp/wcs/stores/servlet/Search?catalogId=15001&langId=420&storeId=10156&categoryId=700000005450&pageSize=100&showResults=true&sf=502,707&pf=1012211755"; VariantName = "[No Variations]"
Add component (AddParameter): Name = "Value"; Value = "0.130"; VariantName = "[No Variations]"
Added Component: Designator=U2.1(SOIC127P599X175-8N)
Add component (AddParameter): Name = "Availability"; Value = "Good"; VariantName = "[No Variations]"
Add component (AddParameter): Name = "Check_prices"; Value = "https://www.snapeda.com/parts/INA240A1D/Texas%20Instruments/view-part/2778825/?ref=eda"; VariantName = "[No Variations]"
Add component (AddParameter): Name = "MF"; Value = "Texas Instruments"; VariantName = "[No Variations]"
Add component (AddParameter): Name = "MP"; Value = "INA240A1D"; VariantName = "[No Variations]"
Add component (AddParameter): Name = "Package"; Value = "SOIC-8 Texas Instruments"; VariantName = "[No Variations]"
Add component (AddParameter): Name = "Price"; Value = "None"; VariantName = "[No Variations]"
Add component (AddParameter): Name = "Purchase-URL"; Value = "https://pricing.snapeda.com/search/part/INA240A1D/?ref=eda"; VariantName = "[No Variations]"
Add component (AddParameter): Name = "SnapEDA_Link"; Value = "https://www.snapeda.com/parts/INA240A1D/Texas%20Instruments/view-part/2778825/?ref=snap"; VariantName = "[No Variations]"
Add component (AddParameter): Name = "Value"; Value = ""; VariantName = "[No Variations]"
Added Component: Designator=U2.2(SOIC127P599X175-8N)
Add component (AddParameter): Name = "Availability"; Value = "Good"; VariantName = "[No Variations]"
Add component (AddParameter): Name = "Check_prices"; Value = "https://www.snapeda.com/parts/INA240A1D/Texas%20Instruments/view-part/2778825/?ref=eda"; VariantName = "[No Variations]"
Add component (AddParameter): Name = "MF"; Value = "Texas Instruments"; VariantName = "[No Variations]"
Add component (AddParameter): Name = "MP"; Value = "INA240A1D"; VariantName = "[No Variations]"
Add component (AddParameter): Name = "Package"; Value = "SOIC-8 Texas Instruments"; VariantName = "[No Variations]"
Add component (AddParameter): Name = "Price"; Value = "None"; VariantName = "[No Variations]"
Add component (AddParameter): Name = "Purchase-URL"; Value = "https://pricing.snapeda.com/search/part/INA240A1D/?ref=eda"; VariantName = "[No Variations]"
Add component (AddParameter): Name = "SnapEDA_Link"; Value = "https://www.snapeda.com/parts/INA240A1D/Texas%20Instruments/view-part/2778825/?ref=snap"; VariantName = "[No Variations]"
Add component (AddParameter): Name = "Value"; Value = ""; VariantName = "[No Variations]"
Added Component: Designator=U2.3(SOIC127P599X175-8N)
Add component (AddParameter): Name = "Availability"; Value = "Good"; VariantName = "[No Variations]"
Add component (AddParameter): Name = "Check_prices"; Value = "https://www.snapeda.com/parts/INA240A1D/Texas%20Instruments/view-part/2778825/?ref=eda"; VariantName = "[No Variations]"
Add component (AddParameter): Name = "MF"; Value = "Texas Instruments"; VariantName = "[No Variations]"
Add component (AddParameter): Name = "MP"; Value = "INA240A1D"; VariantName = "[No Variations]"
Add component (AddParameter): Name = "Package"; Value = "SOIC-8 Texas Instruments"; VariantName = "[No Variations]"
Add component (AddParameter): Name = "Price"; Value = "None"; VariantName = "[No Variations]"
Add component (AddParameter): Name = "Purchase-URL"; Value = "https://pricing.snapeda.com/search/part/INA240A1D/?ref=eda"; VariantName = "[No Variations]"
Add component (AddParameter): Name = "SnapEDA_Link"; Value = "https://www.snapeda.com/parts/INA240A1D/Texas%20Instruments/view-part/2778825/?ref=snap"; VariantName = "[No Variations]"
Add component (AddParameter): Name = "Value"; Value = ""; VariantName = "[No Variations]"
Added Component: Designator=U2.4(SOIC127P599X175-8N)
Add component (AddParameter): Name = "Availability"; Value = "Good"; VariantName = "[No Variations]"
Add component (AddParameter): Name = "Check_prices"; Value = "https://www.snapeda.com/parts/INA240A1D/Texas%20Instruments/view-part/2778825/?ref=eda"; VariantName = "[No Variations]"
Add component (AddParameter): Name = "MF"; Value = "Texas Instruments"; VariantName = "[No Variations]"
Add component (AddParameter): Name = "MP"; Value = "INA240A1D"; VariantName = "[No Variations]"
Add component (AddParameter): Name = "Package"; Value = "SOIC-8 Texas Instruments"; VariantName = "[No Variations]"
Add component (AddParameter): Name = "Price"; Value = "None"; VariantName = "[No Variations]"
Add component (AddParameter): Name = "Purchase-URL"; Value = "https://pricing.snapeda.com/search/part/INA240A1D/?ref=eda"; VariantName = "[No Variations]"
Add component (AddParameter): Name = "SnapEDA_Link"; Value = "https://www.snapeda.com/parts/INA240A1D/Texas%20Instruments/view-part/2778825/?ref=snap"; VariantName = "[No Variations]"
Add component (AddParameter): Name = "Value"; Value = ""; VariantName = "[No Variations]"
Added Pin To Net: NetName=GND Pin=C4.1-1
Added Pin To Net: NetName=VCC Pin=C4.1-2
Added Pin To Net: NetName=GND Pin=C4.2-1
Added Pin To Net: NetName=VCC Pin=C4.2-2
Added Pin To Net: NetName=GND Pin=C4.3-1
Added Pin To Net: NetName=VCC Pin=C4.3-2
Added Pin To Net: NetName=GND Pin=C4.4-1
Added Pin To Net: NetName=VCC Pin=C4.4-2
Added Pin To Net: NetName=NetC2.1_2 Pin=J1-2
Added Pin To Net: NetName=NetC1.1_2 Pin=J1-4
Added Pin To Net: NetName=NetC2.3_2 Pin=J1-6
Added Pin To Net: NetName=NetC1.3_2 Pin=J1-8
Added Pin To Net: NetName=NetC2.2_2 Pin=J1-18
Added Pin To Net: NetName=NetC1.2_2 Pin=J1-20
Added Pin To Net: NetName=NetC2.4_2 Pin=J1-22
Added Pin To Net: NetName=NetC1.4_2 Pin=J1-24
Added Pin To Net: NetName=NetC2.1_2 Pin=R3.1-2
Added Pin To Net: NetName=NetJ1_26 Pin=R3.2-1
Added Pin To Net: NetName=NetC2.2_2 Pin=R3.2-2
Added Pin To Net: NetName=NetC2.3_2 Pin=R3.3-2
Added Pin To Net: NetName=NetJ1_30 Pin=R3.4-1
Added Pin To Net: NetName=NetC2.4_2 Pin=R3.4-2
Added Pin To Net: NetName=GND Pin=U2.1-2
Added Pin To Net: NetName=VCC Pin=U2.1-3
Added Pin To Net: NetName=VCC Pin=U2.1-6
Added Pin To Net: NetName=GND Pin=U2.1-7
Added Pin To Net: NetName=NetC2.1_2 Pin=U2.1-8
Added Pin To Net: NetName=NetJ1_26 Pin=U2.2-1
Added Pin To Net: NetName=GND Pin=U2.2-2
Added Pin To Net: NetName=VCC Pin=U2.2-3
Added Pin To Net: NetName=VCC Pin=U2.2-6
Added Pin To Net: NetName=GND Pin=U2.2-7
Added Pin To Net: NetName=NetC2.2_2 Pin=U2.2-8
Added Pin To Net: NetName=GND Pin=U2.3-2
Added Pin To Net: NetName=VCC Pin=U2.3-3
Added Pin To Net: NetName=VCC Pin=U2.3-6
Added Pin To Net: NetName=GND Pin=U2.3-7
Added Pin To Net: NetName=NetC2.3_2 Pin=U2.3-8
Added Pin To Net: NetName=NetJ1_30 Pin=U2.4-1
Added Pin To Net: NetName=GND Pin=U2.4-2
Added Pin To Net: NetName=VCC Pin=U2.4-3
Added Pin To Net: NetName=VCC Pin=U2.4-6
Added Pin To Net: NetName=GND Pin=U2.4-7
Added Pin To Net: NetName=NetC2.4_2 Pin=U2.4-8
Added Pin To Net: NetName=Current1_A Pin=J1-15
Added Pin To Net: NetName=Current1_A Pin=U2.1-5
Added Net: Name=Current1_A
Added Pin To Net: NetName=Current1_B Pin=J1-17
Added Pin To Net: NetName=Current1_B Pin=U2.3-5
Added Net: Name=Current1_B
Added Pin To Net: NetName=Current2_A Pin=J1-19
Added Pin To Net: NetName=Current2_A Pin=U2.2-5
Added Net: Name=Current2_A
Added Pin To Net: NetName=Current2_B Pin=J1-21
Added Pin To Net: NetName=Current2_B Pin=U2.4-5
Added Net: Name=Current2_B
Added Pin To Net: NetName=NetJ1_10 Pin=J1-10
Added Pin To Net: NetName=NetJ1_10 Pin=R3.1-1
Added Pin To Net: NetName=NetJ1_10 Pin=U2.1-1
Added Net: Name=NetJ1_10
Added Pin To Net: NetName=NetJ1_12 Pin=J1-12
Added Net: Name=NetJ1_12
Added Pin To Net: NetName=NetJ1_14 Pin=J1-14
Added Pin To Net: NetName=NetJ1_14 Pin=R3.3-1
Added Pin To Net: NetName=NetJ1_14 Pin=U2.3-1
Added Net: Name=NetJ1_14
Added Pin To Net: NetName=NetJ1_16 Pin=J1-16
Added Net: Name=NetJ1_16
Added Pin To Net: NetName=Voltage1_A Pin=J1-7
Added Pin To Net: NetName=Voltage1_A Pin=U1.1-6
Added Net: Name=Voltage1_A
Added Pin To Net: NetName=Voltage1_B Pin=J1-9
Added Pin To Net: NetName=Voltage1_B Pin=U1.3-6
Added Net: Name=Voltage1_B
Added Pin To Net: NetName=Voltage2_A Pin=J1-11
Added Pin To Net: NetName=Voltage2_A Pin=U1.2-6
Added Net: Name=Voltage2_A
Added Pin To Net: NetName=Voltage2_B Pin=J1-13
Added Pin To Net: NetName=Voltage2_B Pin=U1.4-6
Added Net: Name=Voltage2_B
Added Class: Name=Stepper_current_A_1
Added Class: Name=Stepper_current_A_2
Added Class: Name=Stepper_current_B_1
Added Class: Name=Stepper_current_B_2
Added Class: Name=CurrentSenzor
