Change Component Designator: OldDesignator=C?_Stepper_voltage_A_1 NewDesignator=C1_Stepper_voltage_A_1
Change Component Designator: OldDesignator=C?_Stepper_voltage_A_1 NewDesignator=C2_Stepper_voltage_A_1
Change Component Designator: OldDesignator=C?_Stepper_voltage_A_1 NewDesignator=C3_Stepper_voltage_A_1
Change Component Designator: OldDesignator=C?_Stepper_voltage_A_2 NewDesignator=C1_Stepper_voltage_A_2
Change Component Designator: OldDesignator=C?_Stepper_voltage_A_2 NewDesignator=C2_Stepper_voltage_A_2
Change Component Designator: OldDesignator=C?_Stepper_voltage_A_2 NewDesignator=C3_Stepper_voltage_A_2
Change Component Designator: OldDesignator=C?_Stepper_voltage_B_1 NewDesignator=C1_Stepper_voltage_B_1
Change Component Designator: OldDesignator=C?_Stepper_voltage_B_1 NewDesignator=C2_Stepper_voltage_B_1
Change Component Designator: OldDesignator=C?_Stepper_voltage_B_1 NewDesignator=C3_Stepper_voltage_B_1
Change Component Designator: OldDesignator=C?_Stepper_voltage_B_2 NewDesignator=C1_Stepper_voltage_B_2
Change Component Designator: OldDesignator=C?_Stepper_voltage_B_2 NewDesignator=C2_Stepper_voltage_B_2
Change Component Designator: OldDesignator=C?_Stepper_voltage_B_2 NewDesignator=C3_Stepper_voltage_B_2
Change Component Designator: OldDesignator=J? NewDesignator=J1
Change Component Designator: OldDesignator=R?_Stepper_voltage_A_1 NewDesignator=R1_Stepper_voltage_A_1
Change Component Designator: OldDesignator=R?_Stepper_voltage_A_1 NewDesignator=R2_Stepper_voltage_A_1
Change Component Designator: OldDesignator=R?_Stepper_voltage_A_2 NewDesignator=R1_Stepper_voltage_A_2
Change Component Designator: OldDesignator=R?_Stepper_voltage_A_2 NewDesignator=R2_Stepper_voltage_A_2
Change Component Designator: OldDesignator=R?_Stepper_voltage_B_1 NewDesignator=R1_Stepper_voltage_B_1
Change Component Designator: OldDesignator=R?_Stepper_voltage_B_1 NewDesignator=R2_Stepper_voltage_B_1
Change Component Designator: OldDesignator=R?_Stepper_voltage_B_2 NewDesignator=R1_Stepper_voltage_B_2
Change Component Designator: OldDesignator=R?_Stepper_voltage_B_2 NewDesignator=R2_Stepper_voltage_B_2
Change Component Designator: OldDesignator=U?_Stepper_voltage_A_1 NewDesignator=U1_Stepper_voltage_A_1
Change Component Designator: OldDesignator=U?_Stepper_voltage_A_2 NewDesignator=U1_Stepper_voltage_A_2
Change Component Designator: OldDesignator=U?_Stepper_voltage_B_1 NewDesignator=U1_Stepper_voltage_B_1
Change Component Designator: OldDesignator=U?_Stepper_voltage_B_2 NewDesignator=U1_Stepper_voltage_B_2
Change Net Name : Old Net Name=NetC?_Stepper_voltage_A_1_2 New Net Name=NetC1_Stepper_voltage_A_1_2
Change Net Name : Old Net Name=NetC?_Stepper_voltage_A_1_2 New Net Name=NetC2_Stepper_voltage_A_1_2
Change Net Name : Old Net Name=NetC?_Stepper_voltage_A_1_2 New Net Name=NetC3_Stepper_voltage_A_1_2
Change Net Name : Old Net Name=NetC?_Stepper_voltage_A_2_2 New Net Name=NetC1_Stepper_voltage_A_2_2
Change Net Name : Old Net Name=NetC?_Stepper_voltage_A_2_2 New Net Name=NetC2_Stepper_voltage_A_2_2
Change Net Name : Old Net Name=NetC?_Stepper_voltage_A_2_2 New Net Name=NetC3_Stepper_voltage_A_2_2
Change Net Name : Old Net Name=NetC?_Stepper_voltage_B_1_2 New Net Name=NetC1_Stepper_voltage_B_1_2
Change Net Name : Old Net Name=NetC?_Stepper_voltage_B_1_2 New Net Name=NetC2_Stepper_voltage_B_1_2
Change Net Name : Old Net Name=NetC?_Stepper_voltage_B_1_2 New Net Name=NetC3_Stepper_voltage_B_1_2
Change Net Name : Old Net Name=NetC?_Stepper_voltage_B_2_2 New Net Name=NetC1_Stepper_voltage_B_2_2
Change Net Name : Old Net Name=NetC?_Stepper_voltage_B_2_2 New Net Name=NetC2_Stepper_voltage_B_2_2
Change Net Name : Old Net Name=NetC?_Stepper_voltage_B_2_2 New Net Name=NetC3_Stepper_voltage_B_2_2
Change Net Name : Old Net Name=NetJ?_2 New Net Name=NetJ1_2
Change Net Name : Old Net Name=NetJ?_4 New Net Name=NetJ1_4
Change Net Name : Old Net Name=NetJ?_6 New Net Name=NetJ1_6
Change Net Name : Old Net Name=NetJ?_8 New Net Name=NetJ1_8
Change Net Name : Old Net Name=NetJ?_18 New Net Name=NetJ1_18
Change Net Name : Old Net Name=NetJ?_20 New Net Name=NetJ1_20
Change Net Name : Old Net Name=NetJ?_22 New Net Name=NetJ1_22
Change Net Name : Old Net Name=NetJ?_24 New Net Name=NetJ1_24
Change Net Name : Old Net Name=NetJ?_26 New Net Name=NetJ1_26
Change Net Name : Old Net Name=NetJ?_28 New Net Name=NetJ1_28
Change Net Name : Old Net Name=NetJ?_30 New Net Name=NetJ1_30
Change Net Name : Old Net Name=NetJ?_32 New Net Name=NetJ1_32
Change Net Name : Old Net Name=NetU?_Stepper_voltage_A_1_6 New Net Name=NetU1_Stepper_voltage_A_1_6
Change Net Name : Old Net Name=NetU?_Stepper_voltage_A_2_6 New Net Name=NetU1_Stepper_voltage_A_2_6
Change Net Name : Old Net Name=NetU?_Stepper_voltage_B_1_6 New Net Name=NetU1_Stepper_voltage_B_1_6
Change Net Name : Old Net Name=NetU?_Stepper_voltage_B_2_6 New Net Name=NetU1_Stepper_voltage_B_2_6
Added Member To Class: ClassName=Stepper_voltage_A_1 Member=Component C1_Stepper_voltage_A_1 (C1) 10nF
Added Member To Class: ClassName=Stepper_voltage_A_2 Member=Component C1_Stepper_voltage_A_2 (C1) 10nF
Added Member To Class: ClassName=Stepper_voltage_B_1 Member=Component C1_Stepper_voltage_B_1 (C1) 10nF
Added Member To Class: ClassName=Stepper_voltage_B_2 Member=Component C1_Stepper_voltage_B_2 (C1) 10nF
Added Member To Class: ClassName=Stepper_voltage_A_1 Member=Component C2_Stepper_voltage_A_1 (C2) 10nF
Added Member To Class: ClassName=Stepper_voltage_B_1 Member=Component C2_Stepper_voltage_B_1 (C2) 10nF
Added Member To Class: ClassName=Stepper_voltage_B_2 Member=Component C2_Stepper_voltage_B_2 (C2) 10nF
Added Member To Class: ClassName=Stepper_voltage_A_2 Member=Component C3_Stepper_voltage_A_2 (C3) 100nF
Added Member To Class: ClassName=Stepper_voltage_A_1 Member=Component R1_Stepper_voltage_A_1 (R1) 10K
Added Member To Class: ClassName=Stepper_voltage_A_2 Member=Component R1_Stepper_voltage_A_2 (R1) 10K
Added Member To Class: ClassName=Stepper_voltage_B_1 Member=Component R1_Stepper_voltage_B_1 (R1) 10K
Added Member To Class: ClassName=Stepper_voltage_B_2 Member=Component R1_Stepper_voltage_B_2 (R1) 10K
