Removed Pin From Net: NetName=NetJ1_10 Pin=J4.1-2
Removed Pin From Net: NetName=NetJ1_26 Pin=J4.2-2
Removed Pin From Net: NetName=NetJ1_14 Pin=J4.3-2
Removed Pin From Net: NetName=NetJ1_30 Pin=J4.4-2
Removed Pin From Net: NetName=Current1_A Pin=R10.1-1
Removed Pin From Net: NetName=Current2_A Pin=R10.2-1
Removed Pin From Net: NetName=Current1_B Pin=R10.3-1
Removed Pin From Net: NetName=Current2_B Pin=R10.4-1
Removed Pin From Net: NetName=NetJ1_10 Pin=R11.1-2
Removed Pin From Net: NetName=NetJ1_26 Pin=R11.2-2
Removed Pin From Net: NetName=NetJ1_14 Pin=R11.3-2
Removed Pin From Net: NetName=NetJ1_30 Pin=R11.4-2
Removed Member From Class: ClassName=Stepper_current_A_1 Member=J4.1
Removed Member From Class: ClassName=Stepper_current_A_2 Member=J4.2
Removed Member From Class: ClassName=Stepper_current_B_1 Member=J4.3
Removed Member From Class: ClassName=Stepper_current_B_2 Member=J4.4
Removed Member From Class: ClassName=Stepper_current_A_1 Member=R10.1
Removed Member From Class: ClassName=Stepper_current_A_2 Member=R10.2
Removed Member From Class: ClassName=Stepper_current_B_1 Member=R10.3
Removed Member From Class: ClassName=Stepper_current_B_2 Member=R10.4
Removed Member From Class: ClassName=Stepper_current_A_1 Member=R11.1
Removed Member From Class: ClassName=Stepper_current_A_2 Member=R11.2
Removed Member From Class: ClassName=Stepper_current_B_1 Member=R11.3
Removed Member From Class: ClassName=Stepper_current_B_2 Member=R11.4
Added Pin To Net: NetName=NetJ1_10 Pin=U2.1-1
Added Pin To Net: NetName=NetJ1_26 Pin=U2.2-1
Added Pin To Net: NetName=NetJ1_14 Pin=U2.3-1
Added Pin To Net: NetName=NetJ1_30 Pin=U2.4-1
