Change Component Comment : Designator=C4.1 Old Comment=100nF New Comment=0.1uF
Change Component Comment : Designator=C4.2 Old Comment=100nF New Comment=0.1uF
Change Component Comment : Designator=C4.3 Old Comment=100nF New Comment=0.1uF
Change Component Comment : Designator=C4.4 Old Comment=100nF New Comment=0.1uF
Change component parameters: Designator = "C4.1" ("C4"); Footprint = "SMD_CAPACITOR_0805"; UniqueID = "\GOHGBEUC\AOQHVQIG" ("\GOHGBEUC\AOQHVQIG")
Change component parameters (AddParameter): Name = "0805"; Value = "http://cz.farnell.com/webapp/wcs/stores/servlet/Search?catalogId=15001&langId=420&storeId=10156&categoryId=700000005423&sort=P_PRICE&pageSize=100&beginIndex=1&showResults=true&sf=502,707&pf=1010141074,1012080068,1012245578"; VariantName = "[No Variations]"
Change component parameters (AddParameter): Name = "1206"; Value = "http://cz.farnell.com/webapp/wcs/stores/servlet/Search?catalogId=15001&langId=420&storeId=10156&categoryId=700000005423&sort=P_PRICE&pageSize=100&beginIndex=1&showResults=true&sf=502,707&pf=1012245584"; VariantName = "[No Variations]"
Change component parameters (AddParameter): Name = "Value"; Value = "0.1uF"; VariantName = "[No Variations]"
Change component parameters: Designator = "C4.2" ("C4"); Footprint = "SMD_CAPACITOR_0805"; UniqueID = "\JRHMSEOI\AOQHVQIG" ("\JRHMSEOI\AOQHVQIG")
Change component parameters (AddParameter): Name = "0805"; Value = "http://cz.farnell.com/webapp/wcs/stores/servlet/Search?catalogId=15001&langId=420&storeId=10156&categoryId=700000005423&sort=P_PRICE&pageSize=100&beginIndex=1&showResults=true&sf=502,707&pf=1010141074,1012080068,1012245578"; VariantName = "[No Variations]"
Change component parameters (AddParameter): Name = "1206"; Value = "http://cz.farnell.com/webapp/wcs/stores/servlet/Search?catalogId=15001&langId=420&storeId=10156&categoryId=700000005423&sort=P_PRICE&pageSize=100&beginIndex=1&showResults=true&sf=502,707&pf=1012245584"; VariantName = "[No Variations]"
Change component parameters (AddParameter): Name = "Value"; Value = "0.1uF"; VariantName = "[No Variations]"
Change component parameters: Designator = "C4.3" ("C4"); Footprint = "SMD_CAPACITOR_0805"; UniqueID = "\VLJUDCZW\AOQHVQIG" ("\VLJUDCZW\AOQHVQIG")
Change component parameters (AddParameter): Name = "0805"; Value = "http://cz.farnell.com/webapp/wcs/stores/servlet/Search?catalogId=15001&langId=420&storeId=10156&categoryId=700000005423&sort=P_PRICE&pageSize=100&beginIndex=1&showResults=true&sf=502,707&pf=1010141074,1012080068,1012245578"; VariantName = "[No Variations]"
Change component parameters (AddParameter): Name = "1206"; Value = "http://cz.farnell.com/webapp/wcs/stores/servlet/Search?catalogId=15001&langId=420&storeId=10156&categoryId=700000005423&sort=P_PRICE&pageSize=100&beginIndex=1&showResults=true&sf=502,707&pf=1012245584"; VariantName = "[No Variations]"
Change component parameters (AddParameter): Name = "Value"; Value = "0.1uF"; VariantName = "[No Variations]"
Change component parameters: Designator = "C4.4" ("C4"); Footprint = "SMD_CAPACITOR_0805"; UniqueID = "\CGIMXXHQ\AOQHVQIG" ("\CGIMXXHQ\AOQHVQIG")
Change component parameters (AddParameter): Name = "0805"; Value = "http://cz.farnell.com/webapp/wcs/stores/servlet/Search?catalogId=15001&langId=420&storeId=10156&categoryId=700000005423&sort=P_PRICE&pageSize=100&beginIndex=1&showResults=true&sf=502,707&pf=1010141074,1012080068,1012245578"; VariantName = "[No Variations]"
Change component parameters (AddParameter): Name = "1206"; Value = "http://cz.farnell.com/webapp/wcs/stores/servlet/Search?catalogId=15001&langId=420&storeId=10156&categoryId=700000005423&sort=P_PRICE&pageSize=100&beginIndex=1&showResults=true&sf=502,707&pf=1012245584"; VariantName = "[No Variations]"
Change component parameters (AddParameter): Name = "Value"; Value = "0.1uF"; VariantName = "[No Variations]"
Added Class: Name=CurrentSensor
Added Class: Name=VoltageSensor_2
