Change Component Designator: OldDesignator=C1_Stepper_voltage_A_1 NewDesignator=C1.1
Change Component Designator: OldDesignator=C1_Stepper_voltage_A_2 NewDesignator=C1.2
Change Component Designator: OldDesignator=C1_Stepper_voltage_B_1 NewDesignator=C1.3
Change Component Designator: OldDesignator=C1_Stepper_voltage_B_2 NewDesignator=C1.4
Change Component Designator: OldDesignator=C2_Stepper_voltage_A_1 NewDesignator=C2.1
Change Component Designator: OldDesignator=C2_Stepper_voltage_A_2 NewDesignator=C2.2
Change Component Designator: OldDesignator=C2_Stepper_voltage_B_1 NewDesignator=C2.3
Change Component Designator: OldDesignator=C2_Stepper_voltage_B_2 NewDesignator=C2.4
Change Component Designator: OldDesignator=C3_Stepper_voltage_A_1 NewDesignator=C3.1
Change Component Designator: OldDesignator=C3_Stepper_voltage_A_2 NewDesignator=C3.2
Change Component Designator: OldDesignator=C3_Stepper_voltage_B_1 NewDesignator=C3.3
Change Component Designator: OldDesignator=C3_Stepper_voltage_B_2 NewDesignator=C3.4
Change Component Designator: OldDesignator=R1_Stepper_voltage_A_1 NewDesignator=R1.1
Change Component Designator: OldDesignator=R1_Stepper_voltage_A_2 NewDesignator=R1.2
Change Component Designator: OldDesignator=R1_Stepper_voltage_B_1 NewDesignator=R1.3
Change Component Designator: OldDesignator=R1_Stepper_voltage_B_2 NewDesignator=R1.4
Change Component Designator: OldDesignator=R2_Stepper_voltage_A_1 NewDesignator=R2.1
Change Component Designator: OldDesignator=R2_Stepper_voltage_A_2 NewDesignator=R2.2
Change Component Designator: OldDesignator=R2_Stepper_voltage_B_1 NewDesignator=R2.3
Change Component Designator: OldDesignator=R2_Stepper_voltage_B_2 NewDesignator=R2.4
Change Component Designator: OldDesignator=U1_Stepper_voltage_A_1 NewDesignator=U1.1
Change Component Designator: OldDesignator=U1_Stepper_voltage_A_2 NewDesignator=U1.2
Change Component Designator: OldDesignator=U1_Stepper_voltage_B_1 NewDesignator=U1.3
Change Component Designator: OldDesignator=U1_Stepper_voltage_B_2 NewDesignator=U1.4
Change Net Name : Old Net Name=NetC1_Stepper_voltage_A_1_2 New Net Name=NetC1.1_2
Change Net Name : Old Net Name=NetC1_Stepper_voltage_A_2_2 New Net Name=NetC1.2_2
Change Net Name : Old Net Name=NetC1_Stepper_voltage_B_1_2 New Net Name=NetC1.3_2
Change Net Name : Old Net Name=NetC1_Stepper_voltage_B_2_2 New Net Name=NetC1.4_2
Change Net Name : Old Net Name=NetC2_Stepper_voltage_A_1_2 New Net Name=NetC2.1_2
Change Net Name : Old Net Name=NetC2_Stepper_voltage_A_2_2 New Net Name=NetC2.2_2
Change Net Name : Old Net Name=NetC2_Stepper_voltage_B_1_2 New Net Name=NetC2.3_2
Change Net Name : Old Net Name=NetC2_Stepper_voltage_B_2_2 New Net Name=NetC2.4_2
Change Net Name : Old Net Name=NetC3_Stepper_voltage_A_1_2 New Net Name=NetC3.1_2
Change Net Name : Old Net Name=NetC3_Stepper_voltage_A_2_2 New Net Name=NetC3.2_2
Change Net Name : Old Net Name=NetC3_Stepper_voltage_B_1_2 New Net Name=NetC3.3_2
Change Net Name : Old Net Name=NetC3_Stepper_voltage_B_2_2 New Net Name=NetC3.4_2
Change Net Name : Old Net Name=NetU1_Stepper_voltage_A_1_6 New Net Name=NetU1.1_6
Change Net Name : Old Net Name=NetU1_Stepper_voltage_A_2_6 New Net Name=NetU1.2_6
Change Net Name : Old Net Name=NetU1_Stepper_voltage_B_1_6 New Net Name=NetU1.3_6
Change Net Name : Old Net Name=NetU1_Stepper_voltage_B_2_6 New Net Name=NetU1.4_6
Added Member To Class: ClassName=Stepper_voltage_A_2 Member=Component C2.2 (C2) 10nF
Added Member To Class: ClassName=Stepper_voltage_B_1 Member=Component C3.3 (C3) 100nF
Added Member To Class: ClassName=Stepper_voltage_B_2 Member=Component C3.4 (C3) 100nF
Added Member To Class: ClassName=Stepper_voltage_A_1 Member=Component R2.1 (R2) 10K
Added Member To Class: ClassName=Stepper_voltage_B_1 Member=Component R2.3 (R2) 10K
