Added Component: Designator=C1.1(SMD_CAPACITOR_0805)
Add component (AddParameter): Name = "0805"; Value = "http://cz.farnell.com/webapp/wcs/stores/servlet/Search?catalogId=15001&langId=420&storeId=10156&categoryId=700000005423&sort=P_PRICE&pageSize=100&beginIndex=1&showResults=true&sf=502,707&pf=1010141074,1012080068,1012245578"; VariantName = "[No Variations]"
Add component (AddParameter): Name = "1206"; Value = "http://cz.farnell.com/webapp/wcs/stores/servlet/Search?catalogId=15001&langId=420&storeId=10156&categoryId=700000005423&sort=P_PRICE&pageSize=100&beginIndex=1&showResults=true&sf=502,707&pf=1012245584"; VariantName = "[No Variations]"
Add component (AddParameter): Name = "Value"; Value = "10nF"; VariantName = "[No Variations]"
Added Component: Designator=C1.2(SMD_CAPACITOR_0805)
Add component (AddParameter): Name = "0805"; Value = "http://cz.farnell.com/webapp/wcs/stores/servlet/Search?catalogId=15001&langId=420&storeId=10156&categoryId=700000005423&sort=P_PRICE&pageSize=100&beginIndex=1&showResults=true&sf=502,707&pf=1010141074,1012080068,1012245578"; VariantName = "[No Variations]"
Add component (AddParameter): Name = "1206"; Value = "http://cz.farnell.com/webapp/wcs/stores/servlet/Search?catalogId=15001&langId=420&storeId=10156&categoryId=700000005423&sort=P_PRICE&pageSize=100&beginIndex=1&showResults=true&sf=502,707&pf=1012245584"; VariantName = "[No Variations]"
Add component (AddParameter): Name = "Value"; Value = "10nF"; VariantName = "[No Variations]"
Added Component: Designator=C1.3(SMD_CAPACITOR_0805)
Add component (AddParameter): Name = "0805"; Value = "http://cz.farnell.com/webapp/wcs/stores/servlet/Search?catalogId=15001&langId=420&storeId=10156&categoryId=700000005423&sort=P_PRICE&pageSize=100&beginIndex=1&showResults=true&sf=502,707&pf=1010141074,1012080068,1012245578"; VariantName = "[No Variations]"
Add component (AddParameter): Name = "1206"; Value = "http://cz.farnell.com/webapp/wcs/stores/servlet/Search?catalogId=15001&langId=420&storeId=10156&categoryId=700000005423&sort=P_PRICE&pageSize=100&beginIndex=1&showResults=true&sf=502,707&pf=1012245584"; VariantName = "[No Variations]"
Add component (AddParameter): Name = "Value"; Value = "10nF"; VariantName = "[No Variations]"
Added Component: Designator=C1.4(SMD_CAPACITOR_0805)
Add component (AddParameter): Name = "0805"; Value = "http://cz.farnell.com/webapp/wcs/stores/servlet/Search?catalogId=15001&langId=420&storeId=10156&categoryId=700000005423&sort=P_PRICE&pageSize=100&beginIndex=1&showResults=true&sf=502,707&pf=1010141074,1012080068,1012245578"; VariantName = "[No Variations]"
Add component (AddParameter): Name = "1206"; Value = "http://cz.farnell.com/webapp/wcs/stores/servlet/Search?catalogId=15001&langId=420&storeId=10156&categoryId=700000005423&sort=P_PRICE&pageSize=100&beginIndex=1&showResults=true&sf=502,707&pf=1012245584"; VariantName = "[No Variations]"
Add component (AddParameter): Name = "Value"; Value = "10nF"; VariantName = "[No Variations]"
Added Component: Designator=C2.1(SMD_CAPACITOR_0805)
Add component (AddParameter): Name = "0805"; Value = "http://cz.farnell.com/webapp/wcs/stores/servlet/Search?catalogId=15001&langId=420&storeId=10156&categoryId=700000005423&sort=P_PRICE&pageSize=100&beginIndex=1&showResults=true&sf=502,707&pf=1010141074,1012080068,1012245578"; VariantName = "[No Variations]"
Add component (AddParameter): Name = "1206"; Value = "http://cz.farnell.com/webapp/wcs/stores/servlet/Search?catalogId=15001&langId=420&storeId=10156&categoryId=700000005423&sort=P_PRICE&pageSize=100&beginIndex=1&showResults=true&sf=502,707&pf=1012245584"; VariantName = "[No Variations]"
Add component (AddParameter): Name = "Value"; Value = "10nF"; VariantName = "[No Variations]"
Added Component: Designator=C2.2(SMD_CAPACITOR_0805)
Add component (AddParameter): Name = "0805"; Value = "http://cz.farnell.com/webapp/wcs/stores/servlet/Search?catalogId=15001&langId=420&storeId=10156&categoryId=700000005423&sort=P_PRICE&pageSize=100&beginIndex=1&showResults=true&sf=502,707&pf=1010141074,1012080068,1012245578"; VariantName = "[No Variations]"
Add component (AddParameter): Name = "1206"; Value = "http://cz.farnell.com/webapp/wcs/stores/servlet/Search?catalogId=15001&langId=420&storeId=10156&categoryId=700000005423&sort=P_PRICE&pageSize=100&beginIndex=1&showResults=true&sf=502,707&pf=1012245584"; VariantName = "[No Variations]"
Add component (AddParameter): Name = "Value"; Value = "10nF"; VariantName = "[No Variations]"
Added Component: Designator=C2.3(SMD_CAPACITOR_0805)
Add component (AddParameter): Name = "0805"; Value = "http://cz.farnell.com/webapp/wcs/stores/servlet/Search?catalogId=15001&langId=420&storeId=10156&categoryId=700000005423&sort=P_PRICE&pageSize=100&beginIndex=1&showResults=true&sf=502,707&pf=1010141074,1012080068,1012245578"; VariantName = "[No Variations]"
Add component (AddParameter): Name = "1206"; Value = "http://cz.farnell.com/webapp/wcs/stores/servlet/Search?catalogId=15001&langId=420&storeId=10156&categoryId=700000005423&sort=P_PRICE&pageSize=100&beginIndex=1&showResults=true&sf=502,707&pf=1012245584"; VariantName = "[No Variations]"
Add component (AddParameter): Name = "Value"; Value = "10nF"; VariantName = "[No Variations]"
Added Component: Designator=C2.4(SMD_CAPACITOR_0805)
Add component (AddParameter): Name = "0805"; Value = "http://cz.farnell.com/webapp/wcs/stores/servlet/Search?catalogId=15001&langId=420&storeId=10156&categoryId=700000005423&sort=P_PRICE&pageSize=100&beginIndex=1&showResults=true&sf=502,707&pf=1010141074,1012080068,1012245578"; VariantName = "[No Variations]"
Add component (AddParameter): Name = "1206"; Value = "http://cz.farnell.com/webapp/wcs/stores/servlet/Search?catalogId=15001&langId=420&storeId=10156&categoryId=700000005423&sort=P_PRICE&pageSize=100&beginIndex=1&showResults=true&sf=502,707&pf=1012245584"; VariantName = "[No Variations]"
Add component (AddParameter): Name = "Value"; Value = "10nF"; VariantName = "[No Variations]"
Added Component: Designator=C3.1(SMD_CAPACITOR_0805)
Add component (AddParameter): Name = "0805"; Value = "http://cz.farnell.com/webapp/wcs/stores/servlet/Search?catalogId=15001&langId=420&storeId=10156&categoryId=700000005423&sort=P_PRICE&pageSize=100&beginIndex=1&showResults=true&sf=502,707&pf=1010141074,1012080068,1012245578"; VariantName = "[No Variations]"
Add component (AddParameter): Name = "1206"; Value = "http://cz.farnell.com/webapp/wcs/stores/servlet/Search?catalogId=15001&langId=420&storeId=10156&categoryId=700000005423&sort=P_PRICE&pageSize=100&beginIndex=1&showResults=true&sf=502,707&pf=1012245584"; VariantName = "[No Variations]"
Add component (AddParameter): Name = "Value"; Value = "100nF"; VariantName = "[No Variations]"
Added Component: Designator=C3.2(SMD_CAPACITOR_0805)
Add component (AddParameter): Name = "0805"; Value = "http://cz.farnell.com/webapp/wcs/stores/servlet/Search?catalogId=15001&langId=420&storeId=10156&categoryId=700000005423&sort=P_PRICE&pageSize=100&beginIndex=1&showResults=true&sf=502,707&pf=1010141074,1012080068,1012245578"; VariantName = "[No Variations]"
Add component (AddParameter): Name = "1206"; Value = "http://cz.farnell.com/webapp/wcs/stores/servlet/Search?catalogId=15001&langId=420&storeId=10156&categoryId=700000005423&sort=P_PRICE&pageSize=100&beginIndex=1&showResults=true&sf=502,707&pf=1012245584"; VariantName = "[No Variations]"
Add component (AddParameter): Name = "Value"; Value = "100nF"; VariantName = "[No Variations]"
Added Component: Designator=C3.3(SMD_CAPACITOR_0805)
Add component (AddParameter): Name = "0805"; Value = "http://cz.farnell.com/webapp/wcs/stores/servlet/Search?catalogId=15001&langId=420&storeId=10156&categoryId=700000005423&sort=P_PRICE&pageSize=100&beginIndex=1&showResults=true&sf=502,707&pf=1010141074,1012080068,1012245578"; VariantName = "[No Variations]"
Add component (AddParameter): Name = "1206"; Value = "http://cz.farnell.com/webapp/wcs/stores/servlet/Search?catalogId=15001&langId=420&storeId=10156&categoryId=700000005423&sort=P_PRICE&pageSize=100&beginIndex=1&showResults=true&sf=502,707&pf=1012245584"; VariantName = "[No Variations]"
Add component (AddParameter): Name = "Value"; Value = "100nF"; VariantName = "[No Variations]"
Added Component: Designator=C3.4(SMD_CAPACITOR_0805)
Add component (AddParameter): Name = "0805"; Value = "http://cz.farnell.com/webapp/wcs/stores/servlet/Search?catalogId=15001&langId=420&storeId=10156&categoryId=700000005423&sort=P_PRICE&pageSize=100&beginIndex=1&showResults=true&sf=502,707&pf=1010141074,1012080068,1012245578"; VariantName = "[No Variations]"
Add component (AddParameter): Name = "1206"; Value = "http://cz.farnell.com/webapp/wcs/stores/servlet/Search?catalogId=15001&langId=420&storeId=10156&categoryId=700000005423&sort=P_PRICE&pageSize=100&beginIndex=1&showResults=true&sf=502,707&pf=1012245584"; VariantName = "[No Variations]"
Add component (AddParameter): Name = "Value"; Value = "100nF"; VariantName = "[No Variations]"
Added Component: Designator=C4.1(SMD_CAPACITOR_0805)
Add component (AddParameter): Name = "0805"; Value = "http://cz.farnell.com/webapp/wcs/stores/servlet/Search?catalogId=15001&langId=420&storeId=10156&categoryId=700000005423&sort=P_PRICE&pageSize=100&beginIndex=1&showResults=true&sf=502,707&pf=1010141074,1012080068,1012245578"; VariantName = "[No Variations]"
Add component (AddParameter): Name = "1206"; Value = "http://cz.farnell.com/webapp/wcs/stores/servlet/Search?catalogId=15001&langId=420&storeId=10156&categoryId=700000005423&sort=P_PRICE&pageSize=100&beginIndex=1&showResults=true&sf=502,707&pf=1012245584"; VariantName = "[No Variations]"
Add component (AddParameter): Name = "Value"; Value = "100nF"; VariantName = "[No Variations]"
Added Component: Designator=C4.2(SMD_CAPACITOR_0805)
Add component (AddParameter): Name = "0805"; Value = "http://cz.farnell.com/webapp/wcs/stores/servlet/Search?catalogId=15001&langId=420&storeId=10156&categoryId=700000005423&sort=P_PRICE&pageSize=100&beginIndex=1&showResults=true&sf=502,707&pf=1010141074,1012080068,1012245578"; VariantName = "[No Variations]"
Add component (AddParameter): Name = "1206"; Value = "http://cz.farnell.com/webapp/wcs/stores/servlet/Search?catalogId=15001&langId=420&storeId=10156&categoryId=700000005423&sort=P_PRICE&pageSize=100&beginIndex=1&showResults=true&sf=502,707&pf=1012245584"; VariantName = "[No Variations]"
Add component (AddParameter): Name = "Value"; Value = "100nF"; VariantName = "[No Variations]"
Added Component: Designator=C4.3(SMD_CAPACITOR_0805)
Add component (AddParameter): Name = "0805"; Value = "http://cz.farnell.com/webapp/wcs/stores/servlet/Search?catalogId=15001&langId=420&storeId=10156&categoryId=700000005423&sort=P_PRICE&pageSize=100&beginIndex=1&showResults=true&sf=502,707&pf=1010141074,1012080068,1012245578"; VariantName = "[No Variations]"
Add component (AddParameter): Name = "1206"; Value = "http://cz.farnell.com/webapp/wcs/stores/servlet/Search?catalogId=15001&langId=420&storeId=10156&categoryId=700000005423&sort=P_PRICE&pageSize=100&beginIndex=1&showResults=true&sf=502,707&pf=1012245584"; VariantName = "[No Variations]"
Add component (AddParameter): Name = "Value"; Value = "100nF"; VariantName = "[No Variations]"
Added Component: Designator=C4.4(SMD_CAPACITOR_0805)
Add component (AddParameter): Name = "0805"; Value = "http://cz.farnell.com/webapp/wcs/stores/servlet/Search?catalogId=15001&langId=420&storeId=10156&categoryId=700000005423&sort=P_PRICE&pageSize=100&beginIndex=1&showResults=true&sf=502,707&pf=1010141074,1012080068,1012245578"; VariantName = "[No Variations]"
Add component (AddParameter): Name = "1206"; Value = "http://cz.farnell.com/webapp/wcs/stores/servlet/Search?catalogId=15001&langId=420&storeId=10156&categoryId=700000005423&sort=P_PRICE&pageSize=100&beginIndex=1&showResults=true&sf=502,707&pf=1012245584"; VariantName = "[No Variations]"
Add component (AddParameter): Name = "Value"; Value = "100nF"; VariantName = "[No Variations]"
Added Component: Designator=C5.1(SMD_CAPACITOR_0805)
Add component (AddParameter): Name = "0805"; Value = "http://cz.farnell.com/webapp/wcs/stores/servlet/Search?catalogId=15001&langId=420&storeId=10156&categoryId=700000005423&sort=P_PRICE&pageSize=100&beginIndex=1&showResults=true&sf=502,707&pf=1010141074,1012080068,1012245578"; VariantName = "[No Variations]"
Add component (AddParameter): Name = "1206"; Value = "http://cz.farnell.com/webapp/wcs/stores/servlet/Search?catalogId=15001&langId=420&storeId=10156&categoryId=700000005423&sort=P_PRICE&pageSize=100&beginIndex=1&showResults=true&sf=502,707&pf=1012245584"; VariantName = "[No Variations]"
Add component (AddParameter): Name = "Value"; Value = "100nF"; VariantName = "[No Variations]"
Added Component: Designator=C5.2(SMD_CAPACITOR_0805)
Add component (AddParameter): Name = "0805"; Value = "http://cz.farnell.com/webapp/wcs/stores/servlet/Search?catalogId=15001&langId=420&storeId=10156&categoryId=700000005423&sort=P_PRICE&pageSize=100&beginIndex=1&showResults=true&sf=502,707&pf=1010141074,1012080068,1012245578"; VariantName = "[No Variations]"
Add component (AddParameter): Name = "1206"; Value = "http://cz.farnell.com/webapp/wcs/stores/servlet/Search?catalogId=15001&langId=420&storeId=10156&categoryId=700000005423&sort=P_PRICE&pageSize=100&beginIndex=1&showResults=true&sf=502,707&pf=1012245584"; VariantName = "[No Variations]"
Add component (AddParameter): Name = "Value"; Value = "100nF"; VariantName = "[No Variations]"
Added Component: Designator=C5.3(SMD_CAPACITOR_0805)
Add component (AddParameter): Name = "0805"; Value = "http://cz.farnell.com/webapp/wcs/stores/servlet/Search?catalogId=15001&langId=420&storeId=10156&categoryId=700000005423&sort=P_PRICE&pageSize=100&beginIndex=1&showResults=true&sf=502,707&pf=1010141074,1012080068,1012245578"; VariantName = "[No Variations]"
Add component (AddParameter): Name = "1206"; Value = "http://cz.farnell.com/webapp/wcs/stores/servlet/Search?catalogId=15001&langId=420&storeId=10156&categoryId=700000005423&sort=P_PRICE&pageSize=100&beginIndex=1&showResults=true&sf=502,707&pf=1012245584"; VariantName = "[No Variations]"
Add component (AddParameter): Name = "Value"; Value = "100nF"; VariantName = "[No Variations]"
Added Component: Designator=C5.4(SMD_CAPACITOR_0805)
Add component (AddParameter): Name = "0805"; Value = "http://cz.farnell.com/webapp/wcs/stores/servlet/Search?catalogId=15001&langId=420&storeId=10156&categoryId=700000005423&sort=P_PRICE&pageSize=100&beginIndex=1&showResults=true&sf=502,707&pf=1010141074,1012080068,1012245578"; VariantName = "[No Variations]"
Add component (AddParameter): Name = "1206"; Value = "http://cz.farnell.com/webapp/wcs/stores/servlet/Search?catalogId=15001&langId=420&storeId=10156&categoryId=700000005423&sort=P_PRICE&pageSize=100&beginIndex=1&showResults=true&sf=502,707&pf=1012245584"; VariantName = "[No Variations]"
Add component (AddParameter): Name = "Value"; Value = "100nF"; VariantName = "[No Variations]"
Added Component: Designator=D1.1(SMD_DO-214AC)
Add component (AddParameter): Name = "DO-214AC"; Value = "http://cz.farnell.com/webapp/wcs/stores/servlet/Search?catalogId=15001&langId=420&storeId=10156&categoryId=700000043508&sort=P_PRICE&pageSize=100&showResults=true&sf=502,707&pf=1010199473"; VariantName = "[No Variations]"
Add component (AddParameter): Name = "SOD-123"; Value = "http://cz.farnell.com/webapp/wcs/stores/servlet/Search?catalogId=15001&langId=420&storeId=10156&categoryId=700000043508&sort=P_PRICE&pageSize=100&showResults=true&sf=502,707&pf=1010130987"; VariantName = "[No Variations]"
Add component (AddParameter): Name = "Value"; Value = ""; VariantName = "[No Variations]"
Added Component: Designator=D1.2(SMD_DO-214AC)
Add component (AddParameter): Name = "DO-214AC"; Value = "http://cz.farnell.com/webapp/wcs/stores/servlet/Search?catalogId=15001&langId=420&storeId=10156&categoryId=700000043508&sort=P_PRICE&pageSize=100&showResults=true&sf=502,707&pf=1010199473"; VariantName = "[No Variations]"
Add component (AddParameter): Name = "SOD-123"; Value = "http://cz.farnell.com/webapp/wcs/stores/servlet/Search?catalogId=15001&langId=420&storeId=10156&categoryId=700000043508&sort=P_PRICE&pageSize=100&showResults=true&sf=502,707&pf=1010130987"; VariantName = "[No Variations]"
Add component (AddParameter): Name = "Value"; Value = ""; VariantName = "[No Variations]"
Added Component: Designator=D1.3(SMD_DO-214AC)
Add component (AddParameter): Name = "DO-214AC"; Value = "http://cz.farnell.com/webapp/wcs/stores/servlet/Search?catalogId=15001&langId=420&storeId=10156&categoryId=700000043508&sort=P_PRICE&pageSize=100&showResults=true&sf=502,707&pf=1010199473"; VariantName = "[No Variations]"
Add component (AddParameter): Name = "SOD-123"; Value = "http://cz.farnell.com/webapp/wcs/stores/servlet/Search?catalogId=15001&langId=420&storeId=10156&categoryId=700000043508&sort=P_PRICE&pageSize=100&showResults=true&sf=502,707&pf=1010130987"; VariantName = "[No Variations]"
Add component (AddParameter): Name = "Value"; Value = ""; VariantName = "[No Variations]"
Added Component: Designator=D1.4(SMD_DO-214AC)
Add component (AddParameter): Name = "DO-214AC"; Value = "http://cz.farnell.com/webapp/wcs/stores/servlet/Search?catalogId=15001&langId=420&storeId=10156&categoryId=700000043508&sort=P_PRICE&pageSize=100&showResults=true&sf=502,707&pf=1010199473"; VariantName = "[No Variations]"
Add component (AddParameter): Name = "SOD-123"; Value = "http://cz.farnell.com/webapp/wcs/stores/servlet/Search?catalogId=15001&langId=420&storeId=10156&categoryId=700000043508&sort=P_PRICE&pageSize=100&showResults=true&sf=502,707&pf=1010130987"; VariantName = "[No Variations]"
Add component (AddParameter): Name = "Value"; Value = ""; VariantName = "[No Variations]"
Added Component: Designator=J1(HARWIN_M50-3202045)
Add component (AddParameter): Name = "Check_prices"; Value = "https://www.snapeda.com/parts/M50-3202045/Harwin/view-part/?ref=eda"; VariantName = "[No Variations]"
Add component (AddParameter): Name = "MF"; Value = "Harwin"; VariantName = "[No Variations]"
Add component (AddParameter): Name = "MP"; Value = "M50-3202045"; VariantName = "[No Variations]"
Add component (AddParameter): Name = "Package"; Value = "None"; VariantName = "[No Variations]"
Add component (AddParameter): Name = "SnapEDA_Link"; Value = "https://www.snapeda.com/parts/M50-3202045/Harwin/view-part/?ref=snap"; VariantName = "[No Variations]"
Add component (AddParameter): Name = "Value"; Value = ""; VariantName = "[No Variations]"
Added Component: Designator=R1.1(SMD_RESISTOR_0805)
Add component (AddParameter): Name = "0805"; Value = "http://cz.farnell.com/webapp/wcs/stores/servlet/Search?catalogId=15001&langId=420&storeId=10156&categoryId=700000005450&sort=P_PRICE&pageSize=100&showResults=true&sf=502,707&pf=1012211743"; VariantName = "[No Variations]"
Add component (AddParameter): Name = "1206"; Value = "http://cz.farnell.com/webapp/wcs/stores/servlet/Search?catalogId=15001&langId=420&storeId=10156&categoryId=700000005450&pageSize=100&showResults=true&sf=502,707&pf=1012211755"; VariantName = "[No Variations]"
Add component (AddParameter): Name = "Value"; Value = "10K"; VariantName = "[No Variations]"
Added Component: Designator=R1.2(SMD_RESISTOR_0805)
Add component (AddParameter): Name = "0805"; Value = "http://cz.farnell.com/webapp/wcs/stores/servlet/Search?catalogId=15001&langId=420&storeId=10156&categoryId=700000005450&sort=P_PRICE&pageSize=100&showResults=true&sf=502,707&pf=1012211743"; VariantName = "[No Variations]"
Add component (AddParameter): Name = "1206"; Value = "http://cz.farnell.com/webapp/wcs/stores/servlet/Search?catalogId=15001&langId=420&storeId=10156&categoryId=700000005450&pageSize=100&showResults=true&sf=502,707&pf=1012211755"; VariantName = "[No Variations]"
Add component (AddParameter): Name = "Value"; Value = "10K"; VariantName = "[No Variations]"
Added Component: Designator=R1.3(SMD_RESISTOR_0805)
Add component (AddParameter): Name = "0805"; Value = "http://cz.farnell.com/webapp/wcs/stores/servlet/Search?catalogId=15001&langId=420&storeId=10156&categoryId=700000005450&sort=P_PRICE&pageSize=100&showResults=true&sf=502,707&pf=1012211743"; VariantName = "[No Variations]"
Add component (AddParameter): Name = "1206"; Value = "http://cz.farnell.com/webapp/wcs/stores/servlet/Search?catalogId=15001&langId=420&storeId=10156&categoryId=700000005450&pageSize=100&showResults=true&sf=502,707&pf=1012211755"; VariantName = "[No Variations]"
Add component (AddParameter): Name = "Value"; Value = "10K"; VariantName = "[No Variations]"
Added Component: Designator=R1.4(SMD_RESISTOR_0805)
Add component (AddParameter): Name = "0805"; Value = "http://cz.farnell.com/webapp/wcs/stores/servlet/Search?catalogId=15001&langId=420&storeId=10156&categoryId=700000005450&sort=P_PRICE&pageSize=100&showResults=true&sf=502,707&pf=1012211743"; VariantName = "[No Variations]"
Add component (AddParameter): Name = "1206"; Value = "http://cz.farnell.com/webapp/wcs/stores/servlet/Search?catalogId=15001&langId=420&storeId=10156&categoryId=700000005450&pageSize=100&showResults=true&sf=502,707&pf=1012211755"; VariantName = "[No Variations]"
Add component (AddParameter): Name = "Value"; Value = "10K"; VariantName = "[No Variations]"
Added Component: Designator=R2.1(SMD_RESISTOR_0805)
Add component (AddParameter): Name = "0805"; Value = "http://cz.farnell.com/webapp/wcs/stores/servlet/Search?catalogId=15001&langId=420&storeId=10156&categoryId=700000005450&sort=P_PRICE&pageSize=100&showResults=true&sf=502,707&pf=1012211743"; VariantName = "[No Variations]"
Add component (AddParameter): Name = "1206"; Value = "http://cz.farnell.com/webapp/wcs/stores/servlet/Search?catalogId=15001&langId=420&storeId=10156&categoryId=700000005450&pageSize=100&showResults=true&sf=502,707&pf=1012211755"; VariantName = "[No Variations]"
Add component (AddParameter): Name = "Value"; Value = "10K"; VariantName = "[No Variations]"
Added Component: Designator=R2.2(SMD_RESISTOR_0805)
Add component (AddParameter): Name = "0805"; Value = "http://cz.farnell.com/webapp/wcs/stores/servlet/Search?catalogId=15001&langId=420&storeId=10156&categoryId=700000005450&sort=P_PRICE&pageSize=100&showResults=true&sf=502,707&pf=1012211743"; VariantName = "[No Variations]"
Add component (AddParameter): Name = "1206"; Value = "http://cz.farnell.com/webapp/wcs/stores/servlet/Search?catalogId=15001&langId=420&storeId=10156&categoryId=700000005450&pageSize=100&showResults=true&sf=502,707&pf=1012211755"; VariantName = "[No Variations]"
Add component (AddParameter): Name = "Value"; Value = "10K"; VariantName = "[No Variations]"
Added Component: Designator=R2.3(SMD_RESISTOR_0805)
Add component (AddParameter): Name = "0805"; Value = "http://cz.farnell.com/webapp/wcs/stores/servlet/Search?catalogId=15001&langId=420&storeId=10156&categoryId=700000005450&sort=P_PRICE&pageSize=100&showResults=true&sf=502,707&pf=1012211743"; VariantName = "[No Variations]"
Add component (AddParameter): Name = "1206"; Value = "http://cz.farnell.com/webapp/wcs/stores/servlet/Search?catalogId=15001&langId=420&storeId=10156&categoryId=700000005450&pageSize=100&showResults=true&sf=502,707&pf=1012211755"; VariantName = "[No Variations]"
Add component (AddParameter): Name = "Value"; Value = "10K"; VariantName = "[No Variations]"
Added Component: Designator=R2.4(SMD_RESISTOR_0805)
Add component (AddParameter): Name = "0805"; Value = "http://cz.farnell.com/webapp/wcs/stores/servlet/Search?catalogId=15001&langId=420&storeId=10156&categoryId=700000005450&sort=P_PRICE&pageSize=100&showResults=true&sf=502,707&pf=1012211743"; VariantName = "[No Variations]"
Add component (AddParameter): Name = "1206"; Value = "http://cz.farnell.com/webapp/wcs/stores/servlet/Search?catalogId=15001&langId=420&storeId=10156&categoryId=700000005450&pageSize=100&showResults=true&sf=502,707&pf=1012211755"; VariantName = "[No Variations]"
Add component (AddParameter): Name = "Value"; Value = "10K"; VariantName = "[No Variations]"
Added Component: Designator=R3.1(SMD_RESISTOR_1206)
Add component (AddParameter): Name = "0805"; Value = "http://cz.farnell.com/webapp/wcs/stores/servlet/Search?catalogId=15001&langId=420&storeId=10156&categoryId=700000005450&sort=P_PRICE&pageSize=100&showResults=true&sf=502,707&pf=1012211743"; VariantName = "[No Variations]"
Add component (AddParameter): Name = "1206"; Value = "http://cz.farnell.com/webapp/wcs/stores/servlet/Search?catalogId=15001&langId=420&storeId=10156&categoryId=700000005450&pageSize=100&showResults=true&sf=502,707&pf=1012211755"; VariantName = "[No Variations]"
Add component (AddParameter): Name = "Value"; Value = "0.130"; VariantName = "[No Variations]"
Added Component: Designator=R3.2(SMD_RESISTOR_1206)
Add component (AddParameter): Name = "0805"; Value = "http://cz.farnell.com/webapp/wcs/stores/servlet/Search?catalogId=15001&langId=420&storeId=10156&categoryId=700000005450&sort=P_PRICE&pageSize=100&showResults=true&sf=502,707&pf=1012211743"; VariantName = "[No Variations]"
Add component (AddParameter): Name = "1206"; Value = "http://cz.farnell.com/webapp/wcs/stores/servlet/Search?catalogId=15001&langId=420&storeId=10156&categoryId=700000005450&pageSize=100&showResults=true&sf=502,707&pf=1012211755"; VariantName = "[No Variations]"
Add component (AddParameter): Name = "Value"; Value = "0.130"; VariantName = "[No Variations]"
Added Component: Designator=R3.3(SMD_RESISTOR_1206)
Add component (AddParameter): Name = "0805"; Value = "http://cz.farnell.com/webapp/wcs/stores/servlet/Search?catalogId=15001&langId=420&storeId=10156&categoryId=700000005450&sort=P_PRICE&pageSize=100&showResults=true&sf=502,707&pf=1012211743"; VariantName = "[No Variations]"
Add component (AddParameter): Name = "1206"; Value = "http://cz.farnell.com/webapp/wcs/stores/servlet/Search?catalogId=15001&langId=420&storeId=10156&categoryId=700000005450&pageSize=100&showResults=true&sf=502,707&pf=1012211755"; VariantName = "[No Variations]"
Add component (AddParameter): Name = "Value"; Value = "0.130"; VariantName = "[No Variations]"
Added Component: Designator=R3.4(SMD_RESISTOR_1206)
Add component (AddParameter): Name = "0805"; Value = "http://cz.farnell.com/webapp/wcs/stores/servlet/Search?catalogId=15001&langId=420&storeId=10156&categoryId=700000005450&sort=P_PRICE&pageSize=100&showResults=true&sf=502,707&pf=1012211743"; VariantName = "[No Variations]"
Add component (AddParameter): Name = "1206"; Value = "http://cz.farnell.com/webapp/wcs/stores/servlet/Search?catalogId=15001&langId=420&storeId=10156&categoryId=700000005450&pageSize=100&showResults=true&sf=502,707&pf=1012211755"; VariantName = "[No Variations]"
Add component (AddParameter): Name = "Value"; Value = "0.130"; VariantName = "[No Variations]"
Added Component: Designator=R4.1(SMD_RESISTOR_0805)
Add component (AddParameter): Name = "0805"; Value = "http://cz.farnell.com/webapp/wcs/stores/servlet/Search?catalogId=15001&langId=420&storeId=10156&categoryId=700000005450&sort=P_PRICE&pageSize=100&showResults=true&sf=502,707&pf=1012211743"; VariantName = "[No Variations]"
Add component (AddParameter): Name = "1206"; Value = "http://cz.farnell.com/webapp/wcs/stores/servlet/Search?catalogId=15001&langId=420&storeId=10156&categoryId=700000005450&pageSize=100&showResults=true&sf=502,707&pf=1012211755"; VariantName = "[No Variations]"
Add component (AddParameter): Name = "Value"; Value = "100K"; VariantName = "[No Variations]"
Added Component: Designator=R4.2(SMD_RESISTOR_0805)
Add component (AddParameter): Name = "0805"; Value = "http://cz.farnell.com/webapp/wcs/stores/servlet/Search?catalogId=15001&langId=420&storeId=10156&categoryId=700000005450&sort=P_PRICE&pageSize=100&showResults=true&sf=502,707&pf=1012211743"; VariantName = "[No Variations]"
Add component (AddParameter): Name = "1206"; Value = "http://cz.farnell.com/webapp/wcs/stores/servlet/Search?catalogId=15001&langId=420&storeId=10156&categoryId=700000005450&pageSize=100&showResults=true&sf=502,707&pf=1012211755"; VariantName = "[No Variations]"
Add component (AddParameter): Name = "Value"; Value = "100K"; VariantName = "[No Variations]"
Added Component: Designator=R4.3(SMD_RESISTOR_0805)
Add component (AddParameter): Name = "0805"; Value = "http://cz.farnell.com/webapp/wcs/stores/servlet/Search?catalogId=15001&langId=420&storeId=10156&categoryId=700000005450&sort=P_PRICE&pageSize=100&showResults=true&sf=502,707&pf=1012211743"; VariantName = "[No Variations]"
Add component (AddParameter): Name = "1206"; Value = "http://cz.farnell.com/webapp/wcs/stores/servlet/Search?catalogId=15001&langId=420&storeId=10156&categoryId=700000005450&pageSize=100&showResults=true&sf=502,707&pf=1012211755"; VariantName = "[No Variations]"
Add component (AddParameter): Name = "Value"; Value = "100K"; VariantName = "[No Variations]"
Added Component: Designator=R4.4(SMD_RESISTOR_0805)
Add component (AddParameter): Name = "0805"; Value = "http://cz.farnell.com/webapp/wcs/stores/servlet/Search?catalogId=15001&langId=420&storeId=10156&categoryId=700000005450&sort=P_PRICE&pageSize=100&showResults=true&sf=502,707&pf=1012211743"; VariantName = "[No Variations]"
Add component (AddParameter): Name = "1206"; Value = "http://cz.farnell.com/webapp/wcs/stores/servlet/Search?catalogId=15001&langId=420&storeId=10156&categoryId=700000005450&pageSize=100&showResults=true&sf=502,707&pf=1012211755"; VariantName = "[No Variations]"
Add component (AddParameter): Name = "Value"; Value = "100K"; VariantName = "[No Variations]"
Added Component: Designator=R5.1(SMD_RESISTOR_0805)
Add component (AddParameter): Name = "0805"; Value = "http://cz.farnell.com/webapp/wcs/stores/servlet/Search?catalogId=15001&langId=420&storeId=10156&categoryId=700000005450&sort=P_PRICE&pageSize=100&showResults=true&sf=502,707&pf=1012211743"; VariantName = "[No Variations]"
Add component (AddParameter): Name = "1206"; Value = "http://cz.farnell.com/webapp/wcs/stores/servlet/Search?catalogId=15001&langId=420&storeId=10156&categoryId=700000005450&pageSize=100&showResults=true&sf=502,707&pf=1012211755"; VariantName = "[No Variations]"
Add component (AddParameter): Name = "Value"; Value = "80K"; VariantName = "[No Variations]"
Added Component: Designator=R5.2(SMD_RESISTOR_0805)
Add component (AddParameter): Name = "0805"; Value = "http://cz.farnell.com/webapp/wcs/stores/servlet/Search?catalogId=15001&langId=420&storeId=10156&categoryId=700000005450&sort=P_PRICE&pageSize=100&showResults=true&sf=502,707&pf=1012211743"; VariantName = "[No Variations]"
Add component (AddParameter): Name = "1206"; Value = "http://cz.farnell.com/webapp/wcs/stores/servlet/Search?catalogId=15001&langId=420&storeId=10156&categoryId=700000005450&pageSize=100&showResults=true&sf=502,707&pf=1012211755"; VariantName = "[No Variations]"
Add component (AddParameter): Name = "Value"; Value = "80K"; VariantName = "[No Variations]"
Added Component: Designator=R5.3(SMD_RESISTOR_0805)
Add component (AddParameter): Name = "0805"; Value = "http://cz.farnell.com/webapp/wcs/stores/servlet/Search?catalogId=15001&langId=420&storeId=10156&categoryId=700000005450&sort=P_PRICE&pageSize=100&showResults=true&sf=502,707&pf=1012211743"; VariantName = "[No Variations]"
Add component (AddParameter): Name = "1206"; Value = "http://cz.farnell.com/webapp/wcs/stores/servlet/Search?catalogId=15001&langId=420&storeId=10156&categoryId=700000005450&pageSize=100&showResults=true&sf=502,707&pf=1012211755"; VariantName = "[No Variations]"
Add component (AddParameter): Name = "Value"; Value = "80K"; VariantName = "[No Variations]"
Added Component: Designator=R5.4(SMD_RESISTOR_0805)
Add component (AddParameter): Name = "0805"; Value = "http://cz.farnell.com/webapp/wcs/stores/servlet/Search?catalogId=15001&langId=420&storeId=10156&categoryId=700000005450&sort=P_PRICE&pageSize=100&showResults=true&sf=502,707&pf=1012211743"; VariantName = "[No Variations]"
Add component (AddParameter): Name = "1206"; Value = "http://cz.farnell.com/webapp/wcs/stores/servlet/Search?catalogId=15001&langId=420&storeId=10156&categoryId=700000005450&pageSize=100&showResults=true&sf=502,707&pf=1012211755"; VariantName = "[No Variations]"
Add component (AddParameter): Name = "Value"; Value = "80K"; VariantName = "[No Variations]"
Added Component: Designator=R6.1(SMD_RESISTOR_0805)
Add component (AddParameter): Name = "0805"; Value = "http://cz.farnell.com/webapp/wcs/stores/servlet/Search?catalogId=15001&langId=420&storeId=10156&categoryId=700000005450&sort=P_PRICE&pageSize=100&showResults=true&sf=502,707&pf=1012211743"; VariantName = "[No Variations]"
Add component (AddParameter): Name = "1206"; Value = "http://cz.farnell.com/webapp/wcs/stores/servlet/Search?catalogId=15001&langId=420&storeId=10156&categoryId=700000005450&pageSize=100&showResults=true&sf=502,707&pf=1012211755"; VariantName = "[No Variations]"
Add component (AddParameter): Name = "Value"; Value = "10K"; VariantName = "[No Variations]"
Added Component: Designator=R6.2(SMD_RESISTOR_0805)
Add component (AddParameter): Name = "0805"; Value = "http://cz.farnell.com/webapp/wcs/stores/servlet/Search?catalogId=15001&langId=420&storeId=10156&categoryId=700000005450&sort=P_PRICE&pageSize=100&showResults=true&sf=502,707&pf=1012211743"; VariantName = "[No Variations]"
Add component (AddParameter): Name = "1206"; Value = "http://cz.farnell.com/webapp/wcs/stores/servlet/Search?catalogId=15001&langId=420&storeId=10156&categoryId=700000005450&pageSize=100&showResults=true&sf=502,707&pf=1012211755"; VariantName = "[No Variations]"
Add component (AddParameter): Name = "Value"; Value = "10K"; VariantName = "[No Variations]"
Added Component: Designator=R6.3(SMD_RESISTOR_0805)
Add component (AddParameter): Name = "0805"; Value = "http://cz.farnell.com/webapp/wcs/stores/servlet/Search?catalogId=15001&langId=420&storeId=10156&categoryId=700000005450&sort=P_PRICE&pageSize=100&showResults=true&sf=502,707&pf=1012211743"; VariantName = "[No Variations]"
Add component (AddParameter): Name = "1206"; Value = "http://cz.farnell.com/webapp/wcs/stores/servlet/Search?catalogId=15001&langId=420&storeId=10156&categoryId=700000005450&pageSize=100&showResults=true&sf=502,707&pf=1012211755"; VariantName = "[No Variations]"
Add component (AddParameter): Name = "Value"; Value = "10K"; VariantName = "[No Variations]"
Added Component: Designator=R6.4(SMD_RESISTOR_0805)
Add component (AddParameter): Name = "0805"; Value = "http://cz.farnell.com/webapp/wcs/stores/servlet/Search?catalogId=15001&langId=420&storeId=10156&categoryId=700000005450&sort=P_PRICE&pageSize=100&showResults=true&sf=502,707&pf=1012211743"; VariantName = "[No Variations]"
Add component (AddParameter): Name = "1206"; Value = "http://cz.farnell.com/webapp/wcs/stores/servlet/Search?catalogId=15001&langId=420&storeId=10156&categoryId=700000005450&pageSize=100&showResults=true&sf=502,707&pf=1012211755"; VariantName = "[No Variations]"
Add component (AddParameter): Name = "Value"; Value = "10K"; VariantName = "[No Variations]"
Added Component: Designator=R7.1(SMD_RESISTOR_0805)
Add component (AddParameter): Name = "0805"; Value = "http://cz.farnell.com/webapp/wcs/stores/servlet/Search?catalogId=15001&langId=420&storeId=10156&categoryId=700000005450&sort=P_PRICE&pageSize=100&showResults=true&sf=502,707&pf=1012211743"; VariantName = "[No Variations]"
Add component (AddParameter): Name = "1206"; Value = "http://cz.farnell.com/webapp/wcs/stores/servlet/Search?catalogId=15001&langId=420&storeId=10156&categoryId=700000005450&pageSize=100&showResults=true&sf=502,707&pf=1012211755"; VariantName = "[No Variations]"
Add component (AddParameter): Name = "Value"; Value = "4K3"; VariantName = "[No Variations]"
Added Component: Designator=R7.2(SMD_RESISTOR_0805)
Add component (AddParameter): Name = "0805"; Value = "http://cz.farnell.com/webapp/wcs/stores/servlet/Search?catalogId=15001&langId=420&storeId=10156&categoryId=700000005450&sort=P_PRICE&pageSize=100&showResults=true&sf=502,707&pf=1012211743"; VariantName = "[No Variations]"
Add component (AddParameter): Name = "1206"; Value = "http://cz.farnell.com/webapp/wcs/stores/servlet/Search?catalogId=15001&langId=420&storeId=10156&categoryId=700000005450&pageSize=100&showResults=true&sf=502,707&pf=1012211755"; VariantName = "[No Variations]"
Add component (AddParameter): Name = "Value"; Value = "4K3"; VariantName = "[No Variations]"
Added Component: Designator=R7.3(SMD_RESISTOR_0805)
Add component (AddParameter): Name = "0805"; Value = "http://cz.farnell.com/webapp/wcs/stores/servlet/Search?catalogId=15001&langId=420&storeId=10156&categoryId=700000005450&sort=P_PRICE&pageSize=100&showResults=true&sf=502,707&pf=1012211743"; VariantName = "[No Variations]"
Add component (AddParameter): Name = "1206"; Value = "http://cz.farnell.com/webapp/wcs/stores/servlet/Search?catalogId=15001&langId=420&storeId=10156&categoryId=700000005450&pageSize=100&showResults=true&sf=502,707&pf=1012211755"; VariantName = "[No Variations]"
Add component (AddParameter): Name = "Value"; Value = "4K3"; VariantName = "[No Variations]"
Added Component: Designator=R7.4(SMD_RESISTOR_0805)
Add component (AddParameter): Name = "0805"; Value = "http://cz.farnell.com/webapp/wcs/stores/servlet/Search?catalogId=15001&langId=420&storeId=10156&categoryId=700000005450&sort=P_PRICE&pageSize=100&showResults=true&sf=502,707&pf=1012211743"; VariantName = "[No Variations]"
Add component (AddParameter): Name = "1206"; Value = "http://cz.farnell.com/webapp/wcs/stores/servlet/Search?catalogId=15001&langId=420&storeId=10156&categoryId=700000005450&pageSize=100&showResults=true&sf=502,707&pf=1012211755"; VariantName = "[No Variations]"
Add component (AddParameter): Name = "Value"; Value = "4K3"; VariantName = "[No Variations]"
Add Component: Footprint Not Found SOIC127P599X175-8N
Add Component: Footprint Not Found SOIC127P599X175-8N
Add Component: Footprint Not Found SOIC127P599X175-8N
Add Component: Footprint Not Found SOIC127P599X175-8N
Add Component: Footprint Not Found SOIC127P599X175-8N
Add Component: Footprint Not Found SOIC127P599X175-8N
Add Component: Footprint Not Found SOIC127P599X175-8N
Add Component: Footprint Not Found SOIC127P599X175-8N
Added Pin To Net: NetName=GND Pin=C1.1-1
Added Pin To Net: NetName=NetC1.1_2 Pin=C1.1-2
Added Pin To Net: NetName=GND Pin=C1.2-1
Added Pin To Net: NetName=NetC1.2_2 Pin=C1.2-2
Added Pin To Net: NetName=GND Pin=C1.3-1
Added Pin To Net: NetName=NetC1.3_2 Pin=C1.3-2
Added Pin To Net: NetName=GND Pin=C1.4-1
Added Pin To Net: NetName=NetC1.4_2 Pin=C1.4-2
Added Pin To Net: NetName=GND Pin=C2.1-1
Added Pin To Net: NetName=NetC2.1_2 Pin=C2.1-2
Added Pin To Net: NetName=GND Pin=C2.2-1
Added Pin To Net: NetName=NetC2.2_2 Pin=C2.2-2
Added Pin To Net: NetName=GND Pin=C2.3-1
Added Pin To Net: NetName=NetC2.3_2 Pin=C2.3-2
Added Pin To Net: NetName=GND Pin=C2.4-1
Added Pin To Net: NetName=NetC2.4_2 Pin=C2.4-2
Added Pin To Net: NetName=GND Pin=C3.1-1
Added Pin To Net: NetName=NetC3.1_2 Pin=C3.1-2
Added Pin To Net: NetName=GND Pin=C3.2-1
Added Pin To Net: NetName=NetC3.2_2 Pin=C3.2-2
Added Pin To Net: NetName=GND Pin=C3.3-1
Added Pin To Net: NetName=NetC3.3_2 Pin=C3.3-2
Added Pin To Net: NetName=GND Pin=C3.4-1
Added Pin To Net: NetName=NetC3.4_2 Pin=C3.4-2
Added Pin To Net: NetName=GND Pin=C4.1-1
Added Pin To Net: NetName=VCC Pin=C4.1-2
Added Pin To Net: NetName=GND Pin=C4.2-1
Added Pin To Net: NetName=VCC Pin=C4.2-2
Added Pin To Net: NetName=GND Pin=C4.3-1
Added Pin To Net: NetName=VCC Pin=C4.3-2
Added Pin To Net: NetName=GND Pin=C4.4-1
Added Pin To Net: NetName=VCC Pin=C4.4-2
Added Pin To Net: NetName=GND Pin=C5.1-1
Added Pin To Net: NetName=Stepper_powerSupply Pin=C5.1-2
Added Pin To Net: NetName=GND Pin=C5.2-1
Added Pin To Net: NetName=Stepper_powerSupply Pin=C5.2-2
Added Pin To Net: NetName=GND Pin=C5.3-1
Added Pin To Net: NetName=Stepper_powerSupply Pin=C5.3-2
Added Pin To Net: NetName=GND Pin=C5.4-1
Added Pin To Net: NetName=Stepper_powerSupply Pin=C5.4-2
Added Pin To Net: NetName=GND Pin=D1.1-1
Added Pin To Net: NetName=Voltage1_A Pin=D1.1-2
Added Pin To Net: NetName=GND Pin=D1.2-1
Added Pin To Net: NetName=Voltage2_A Pin=D1.2-2
Added Pin To Net: NetName=GND Pin=D1.3-1
Added Pin To Net: NetName=Voltage1_B Pin=D1.3-2
Added Pin To Net: NetName=GND Pin=D1.4-1
Added Pin To Net: NetName=Voltage2_B Pin=D1.4-2
Added Pin To Net: NetName=VCC Pin=J1-1
Added Pin To Net: NetName=NetJ1_2 Pin=J1-2
Added Pin To Net: NetName=+5 Pin=J1-3
Added Pin To Net: NetName=NetC1.1_2 Pin=J1-4
Added Pin To Net: NetName=8-95V Pin=J1-5
Added Pin To Net: NetName=NetJ1_6 Pin=J1-6
Added Pin To Net: NetName=Voltage1_A Pin=J1-7
Added Pin To Net: NetName=NetC1.3_2 Pin=J1-8
Added Pin To Net: NetName=Voltage1_B Pin=J1-9
Added Pin To Net: NetName=NetJ1_10 Pin=J1-10
Added Pin To Net: NetName=Voltage2_A Pin=J1-11
Added Pin To Net: NetName=NetJ1_12 Pin=J1-12
Added Pin To Net: NetName=Voltage2_B Pin=J1-13
Added Pin To Net: NetName=NetJ1_14 Pin=J1-14
Added Pin To Net: NetName=Current1_A Pin=J1-15
Added Pin To Net: NetName=NetJ1_16 Pin=J1-16
Added Pin To Net: NetName=Current1_B Pin=J1-17
Added Pin To Net: NetName=NetJ1_18 Pin=J1-18
Added Pin To Net: NetName=Current2_A Pin=J1-19
Added Pin To Net: NetName=NetC1.2_2 Pin=J1-20
Added Pin To Net: NetName=Current2_B Pin=J1-21
Added Pin To Net: NetName=NetJ1_22 Pin=J1-22
Added Pin To Net: NetName=NetC1.4_2 Pin=J1-24
Added Pin To Net: NetName=NetJ1_26 Pin=J1-26
Added Pin To Net: NetName=NetJ1_28 Pin=J1-28
Added Pin To Net: NetName=NetJ1_30 Pin=J1-30
Added Pin To Net: NetName=NetJ1_32 Pin=J1-32
Added Pin To Net: NetName=VCC Pin=J1-37
Added Pin To Net: NetName=Stepper_powerSupply Pin=J1-38
Added Pin To Net: NetName=GND Pin=J1-39
Added Pin To Net: NetName=GND Pin=J1-40
Added Pin To Net: NetName=NetC3.1_2 Pin=R1.1-1
Added Pin To Net: NetName=Stepper_powerSupply Pin=R1.1-2
Added Pin To Net: NetName=NetC3.2_2 Pin=R1.2-1
Added Pin To Net: NetName=Stepper_powerSupply Pin=R1.2-2
Added Pin To Net: NetName=NetC3.3_2 Pin=R1.3-1
Added Pin To Net: NetName=Stepper_powerSupply Pin=R1.3-2
Added Pin To Net: NetName=NetC3.4_2 Pin=R1.4-1
Added Pin To Net: NetName=Stepper_powerSupply Pin=R1.4-2
Added Pin To Net: NetName=GND Pin=R2.1-1
Added Pin To Net: NetName=NetC3.1_2 Pin=R2.1-2
Added Pin To Net: NetName=GND Pin=R2.2-1
Added Pin To Net: NetName=NetC3.2_2 Pin=R2.2-2
Added Pin To Net: NetName=GND Pin=R2.3-1
Added Pin To Net: NetName=NetC3.3_2 Pin=R2.3-2
Added Pin To Net: NetName=GND Pin=R2.4-1
Added Pin To Net: NetName=NetC3.4_2 Pin=R2.4-2
Added Pin To Net: NetName=NetJ1_10 Pin=R3.1-1
Added Pin To Net: NetName=NetJ1_2 Pin=R3.1-2
Added Pin To Net: NetName=NetJ1_26 Pin=R3.2-1
Added Pin To Net: NetName=NetJ1_18 Pin=R3.2-2
Added Pin To Net: NetName=NetJ1_14 Pin=R3.3-1
Added Pin To Net: NetName=NetJ1_6 Pin=R3.3-2
Added Pin To Net: NetName=NetJ1_30 Pin=R3.4-1
Added Pin To Net: NetName=NetJ1_22 Pin=R3.4-2
Added Pin To Net: NetName=NetC2.1_2 Pin=R4.1-1
Added Pin To Net: NetName=NetJ1_2 Pin=R4.1-2
Added Pin To Net: NetName=NetC2.2_2 Pin=R4.2-1
Added Pin To Net: NetName=NetJ1_18 Pin=R4.2-2
Added Pin To Net: NetName=NetC2.3_2 Pin=R4.3-1
Added Pin To Net: NetName=NetJ1_6 Pin=R4.3-2
Added Pin To Net: NetName=NetC2.4_2 Pin=R4.4-1
Added Pin To Net: NetName=NetJ1_22 Pin=R4.4-2
Added Pin To Net: NetName=NetC1.1_2 Pin=R5.1-1
Added Pin To Net: NetName=NetC2.1_2 Pin=R5.1-2
Added Pin To Net: NetName=NetC1.2_2 Pin=R5.2-1
Added Pin To Net: NetName=NetC2.2_2 Pin=R5.2-2
Added Pin To Net: NetName=NetC1.3_2 Pin=R5.3-1
Added Pin To Net: NetName=NetC2.3_2 Pin=R5.3-2
Added Pin To Net: NetName=NetC1.4_2 Pin=R5.4-1
Added Pin To Net: NetName=NetC2.4_2 Pin=R5.4-2
Added Pin To Net: NetName=Voltage1_A Pin=R6.1-1
Added Pin To Net: NetName=NetR6.1_2 Pin=R6.1-2
Added Pin To Net: NetName=Voltage2_A Pin=R6.2-1
Added Pin To Net: NetName=NetR6.2_2 Pin=R6.2-2
Added Pin To Net: NetName=Voltage1_B Pin=R6.3-1
Added Pin To Net: NetName=NetR6.3_2 Pin=R6.3-2
Added Pin To Net: NetName=Voltage2_B Pin=R6.4-1
Added Pin To Net: NetName=NetR6.4_2 Pin=R6.4-2
Added Pin To Net: NetName=GND Pin=R7.1-1
Added Pin To Net: NetName=Voltage1_A Pin=R7.1-2
Added Pin To Net: NetName=GND Pin=R7.2-1
Added Pin To Net: NetName=Voltage2_A Pin=R7.2-2
Added Pin To Net: NetName=GND Pin=R7.3-1
Added Pin To Net: NetName=Voltage1_B Pin=R7.3-2
Added Pin To Net: NetName=GND Pin=R7.4-1
Added Pin To Net: NetName=Voltage2_B Pin=R7.4-2
Add Pin To Net: Unknown Pin: Pin U1.1-1
Add Pin To Net: Unknown Pin: Pin U1.1-2
Add Pin To Net: Unknown Pin: Pin U1.1-3
Add Pin To Net: Unknown Pin: Pin U1.1-4
Add Pin To Net: Unknown Pin: Pin U1.1-5
Add Pin To Net: Unknown Pin: Pin U1.1-6
Add Pin To Net: Unknown Pin: Pin U1.1-7
Add Pin To Net: Unknown Pin: Pin U1.2-1
Add Pin To Net: Unknown Pin: Pin U1.2-2
Add Pin To Net: Unknown Pin: Pin U1.2-3
Add Pin To Net: Unknown Pin: Pin U1.2-4
Add Pin To Net: Unknown Pin: Pin U1.2-5
Add Pin To Net: Unknown Pin: Pin U1.2-6
Add Pin To Net: Unknown Pin: Pin U1.2-7
Add Pin To Net: Unknown Pin: Pin U1.3-1
Add Pin To Net: Unknown Pin: Pin U1.3-2
Add Pin To Net: Unknown Pin: Pin U1.3-3
Add Pin To Net: Unknown Pin: Pin U1.3-4
Add Pin To Net: Unknown Pin: Pin U1.3-5
Add Pin To Net: Unknown Pin: Pin U1.3-6
Add Pin To Net: Unknown Pin: Pin U1.3-7
Add Pin To Net: Unknown Pin: Pin U1.4-1
Add Pin To Net: Unknown Pin: Pin U1.4-2
Add Pin To Net: Unknown Pin: Pin U1.4-3
Add Pin To Net: Unknown Pin: Pin U1.4-4
Add Pin To Net: Unknown Pin: Pin U1.4-5
Add Pin To Net: Unknown Pin: Pin U1.4-6
Add Pin To Net: Unknown Pin: Pin U1.4-7
Add Pin To Net: Unknown Pin: Pin U2.1-1
Add Pin To Net: Unknown Pin: Pin U2.2-1
Add Pin To Net: Unknown Pin: Pin U2.3-1
Add Pin To Net: Unknown Pin: Pin U2.4-1
Added Member To Class: ClassName=Stepper_voltage_A_1 Member=Component C1.1 (C1) 10nF
Added Member To Class: ClassName=Stepper_voltage_A_2 Member=Component C1.2 (C1) 10nF
Added Member To Class: ClassName=Stepper_voltage_B_1 Member=Component C1.3 (C1) 10nF
Added Member To Class: ClassName=Stepper_voltage_B_2 Member=Component C1.4 (C1) 10nF
Added Member To Class: ClassName=Stepper_voltage_A_1 Member=Component C2.1 (C2) 10nF
Added Member To Class: ClassName=Stepper_voltage_A_2 Member=Component C2.2 (C2) 10nF
Added Member To Class: ClassName=Stepper_voltage_B_1 Member=Component C2.3 (C2) 10nF
Added Member To Class: ClassName=Stepper_voltage_B_2 Member=Component C2.4 (C2) 10nF
Added Member To Class: ClassName=Stepper_voltage_A_1 Member=Component C3.1 (C3) 100nF
Added Member To Class: ClassName=Stepper_voltage_A_2 Member=Component C3.2 (C3) 100nF
Added Member To Class: ClassName=Stepper_voltage_B_1 Member=Component C3.3 (C3) 100nF
Added Member To Class: ClassName=Stepper_voltage_B_2 Member=Component C3.4 (C3) 100nF
Added Member To Class: ClassName=Stepper_current_A_1 Member=Component C4.1 (C4) 100nF
Added Member To Class: ClassName=Stepper_current_A_2 Member=Component C4.2 (C4) 100nF
Added Member To Class: ClassName=Stepper_current_B_1 Member=Component C4.3 (C4) 100nF
Added Member To Class: ClassName=Stepper_current_B_2 Member=Component C4.4 (C4) 100nF
Added Member To Class: ClassName=Stepper_voltage_A_1 Member=Component C5.1 (C5) 100nF
Added Member To Class: ClassName=Stepper_voltage_A_2 Member=Component C5.2 (C5) 100nF
Added Member To Class: ClassName=Stepper_voltage_B_1 Member=Component C5.3 (C5) 100nF
Added Member To Class: ClassName=Stepper_voltage_B_2 Member=Component C5.4 (C5) 100nF
Added Member To Class: ClassName=Stepper_voltage_A_1 Member=Component D1.1 (D1) *
Added Member To Class: ClassName=Stepper_voltage_A_2 Member=Component D1.2 (D1) *
Added Member To Class: ClassName=Stepper_voltage_B_1 Member=Component D1.3 (D1) *
Added Member To Class: ClassName=Stepper_voltage_B_2 Member=Component D1.4 (D1) *
Added Member To Class: ClassName=main Member=Component J1 M50-3202045
Added Member To Class: ClassName=Stepper_voltage_A_1 Member=Component R1.1 (R1) 10K
Added Member To Class: ClassName=Stepper_voltage_A_2 Member=Component R1.2 (R1) 10K
Added Member To Class: ClassName=Stepper_voltage_B_1 Member=Component R1.3 (R1) 10K
Added Member To Class: ClassName=Stepper_voltage_B_2 Member=Component R1.4 (R1) 10K
Added Member To Class: ClassName=Stepper_voltage_A_1 Member=Component R2.1 (R2) 10K
Added Member To Class: ClassName=Stepper_voltage_A_2 Member=Component R2.2 (R2) 10K
Added Member To Class: ClassName=Stepper_voltage_B_1 Member=Component R2.3 (R2) 10K
Added Member To Class: ClassName=Stepper_voltage_B_2 Member=Component R2.4 (R2) 10K
Added Member To Class: ClassName=Stepper_current_A_1 Member=Component R3.1 (R3) 0.130
Added Member To Class: ClassName=Stepper_current_A_2 Member=Component R3.2 (R3) 0.130
Added Member To Class: ClassName=Stepper_current_B_1 Member=Component R3.3 (R3) 0.130
Added Member To Class: ClassName=Stepper_current_B_2 Member=Component R3.4 (R3) 0.130
Added Member To Class: ClassName=Stepper_voltage_A_1 Member=Component R4.1 (R4) 100K
Added Member To Class: ClassName=Stepper_voltage_A_2 Member=Component R4.2 (R4) 100K
Added Member To Class: ClassName=Stepper_voltage_B_1 Member=Component R4.3 (R4) 100K
Added Member To Class: ClassName=Stepper_voltage_B_2 Member=Component R4.4 (R4) 100K
Added Member To Class: ClassName=Stepper_voltage_A_1 Member=Component R5.1 (R5) 80K
Added Member To Class: ClassName=Stepper_voltage_A_2 Member=Component R5.2 (R5) 80K
Added Member To Class: ClassName=Stepper_voltage_B_1 Member=Component R5.3 (R5) 80K
Added Member To Class: ClassName=Stepper_voltage_B_2 Member=Component R5.4 (R5) 80K
Added Member To Class: ClassName=Stepper_voltage_A_1 Member=Component R6.1 (R6) 10K
Added Member To Class: ClassName=Stepper_voltage_A_2 Member=Component R6.2 (R6) 10K
Added Member To Class: ClassName=Stepper_voltage_B_1 Member=Component R6.3 (R6) 10K
Added Member To Class: ClassName=Stepper_voltage_B_2 Member=Component R6.4 (R6) 10K
Added Member To Class: ClassName=Stepper_voltage_A_1 Member=Component R7.1 (R7) 4K3
Added Member To Class: ClassName=Stepper_voltage_A_2 Member=Component R7.2 (R7) 4K3
Added Member To Class: ClassName=Stepper_voltage_B_1 Member=Component R7.3 (R7) 4K3
Added Member To Class: ClassName=Stepper_voltage_B_2 Member=Component R7.4 (R7) 4K3
Add Class Member: Failed to add class member : Component U1.1 (U1) INA149AID
Add Class Member: Failed to add class member : Component U1.2 (U1) INA149AID
Add Class Member: Failed to add class member : Component U1.3 (U1) INA149AID
Add Class Member: Failed to add class member : Component U1.4 (U1) INA149AID
Add Class Member: Failed to add class member : Component U2.1 (U2) INA240A1D
Add Class Member: Failed to add class member : Component U2.2 (U2) INA240A1D
Add Class Member: Failed to add class member : Component U2.3 (U2) INA240A1D
Add Class Member: Failed to add class member : Component U2.4 (U2) INA240A1D
