Change Component Designator: OldDesignator=C5_Stepper_voltage_A_1 NewDesignator=C5.1
Change Component Designator: OldDesignator=C5_Stepper_voltage_A_2 NewDesignator=C5.2
Change Component Designator: OldDesignator=C5_Stepper_voltage_B_1 NewDesignator=C5.3
Change Component Designator: OldDesignator=C5_Stepper_voltage_B_2 NewDesignator=C5.4
Change Component Designator: OldDesignator=D1_Stepper_voltage_A_1 NewDesignator=D1.1
Change Component Designator: OldDesignator=D1_Stepper_voltage_A_2 NewDesignator=D1.2
Change Component Designator: OldDesignator=D1_Stepper_voltage_B_1 NewDesignator=D1.3
Change Component Designator: OldDesignator=D1_Stepper_voltage_B_2 NewDesignator=D1.4
Change Component Designator: OldDesignator=D2_Stepper_current_A_1 NewDesignator=D2.1
Change Component Designator: OldDesignator=D2_Stepper_current_A_2 NewDesignator=D2.2
Change Component Designator: OldDesignator=D2_Stepper_current_B_1 NewDesignator=D2.3
Change Component Designator: OldDesignator=D2_Stepper_current_B_2 NewDesignator=D2.4
Change Component Designator: OldDesignator=J2_Stepper_voltage_A_1 NewDesignator=J2.1
Change Component Designator: OldDesignator=J2_Stepper_voltage_A_2 NewDesignator=J2.2
Change Component Designator: OldDesignator=J2_Stepper_voltage_B_1 NewDesignator=J2.3
Change Component Designator: OldDesignator=J2_Stepper_voltage_B_2 NewDesignator=J2.4
Change Component Designator: OldDesignator=J3_Stepper_voltage_A_1 NewDesignator=J3.1
Change Component Designator: OldDesignator=J3_Stepper_voltage_A_2 NewDesignator=J3.2
Change Component Designator: OldDesignator=J3_Stepper_voltage_B_1 NewDesignator=J3.3
Change Component Designator: OldDesignator=J3_Stepper_voltage_B_2 NewDesignator=J3.4
Change Component Designator: OldDesignator=R4_Stepper_voltage_A_1 NewDesignator=R4.1
Change Component Designator: OldDesignator=R4_Stepper_voltage_A_2 NewDesignator=R4.2
Change Component Designator: OldDesignator=R4_Stepper_voltage_B_1 NewDesignator=R4.3
Change Component Designator: OldDesignator=R4_Stepper_voltage_B_2 NewDesignator=R4.4
Change Component Designator: OldDesignator=R5_Stepper_voltage_A_1 NewDesignator=R5.1
Change Component Designator: OldDesignator=R5_Stepper_voltage_A_2 NewDesignator=R5.2
Change Component Designator: OldDesignator=R5_Stepper_voltage_B_1 NewDesignator=R5.3
Change Component Designator: OldDesignator=R5_Stepper_voltage_B_2 NewDesignator=R5.4
Change Component Designator: OldDesignator=R6_Stepper_voltage_A_1 NewDesignator=R6.1
Change Component Designator: OldDesignator=R6_Stepper_voltage_A_2 NewDesignator=R6.2
Change Component Designator: OldDesignator=R6_Stepper_voltage_B_1 NewDesignator=R6.3
Change Component Designator: OldDesignator=R6_Stepper_voltage_B_2 NewDesignator=R6.4
Change Component Designator: OldDesignator=R7_Stepper_voltage_A_1 NewDesignator=R7.1
Change Component Designator: OldDesignator=R7_Stepper_voltage_A_2 NewDesignator=R7.2
Change Component Designator: OldDesignator=R7_Stepper_voltage_B_1 NewDesignator=R7.3
Change Component Designator: OldDesignator=R7_Stepper_voltage_B_2 NewDesignator=R7.4
Change Component Designator: OldDesignator=R8_Stepper_voltage_A_1 NewDesignator=R8.1
Change Component Designator: OldDesignator=R8_Stepper_voltage_A_2 NewDesignator=R8.2
Change Component Designator: OldDesignator=R8_Stepper_voltage_B_1 NewDesignator=R8.3
Change Component Designator: OldDesignator=R8_Stepper_voltage_B_2 NewDesignator=R8.4
Change Component Designator: OldDesignator=R9_Stepper_voltage_A_1 NewDesignator=R9.1
Change Component Designator: OldDesignator=R9_Stepper_voltage_A_2 NewDesignator=R9.2
Change Component Designator: OldDesignator=R9_Stepper_voltage_B_1 NewDesignator=R9.3
Change Component Designator: OldDesignator=R9_Stepper_voltage_B_2 NewDesignator=R9.4
Change Component Designator: OldDesignator=U1_Stepper_voltage_A_1 NewDesignator=U1.1
Change Component Designator: OldDesignator=U1_Stepper_voltage_A_2 NewDesignator=U1.2
Change Component Designator: OldDesignator=U1_Stepper_voltage_B_1 NewDesignator=U1.3
Change Component Designator: OldDesignator=U1_Stepper_voltage_B_2 NewDesignator=U1.4
Change Component Designator: OldDesignator=U2_Stepper_current_A_1 NewDesignator=U2.1
Change Component Designator: OldDesignator=U2_Stepper_current_A_2 NewDesignator=U2.2
Change Component Designator: OldDesignator=U2_Stepper_current_B_1 NewDesignator=U2.3
Change Component Designator: OldDesignator=U2_Stepper_current_B_2 NewDesignator=U2.4
Change Net Name : Old Net Name=NetR6_Stepper_voltage_A_1_2 New Net Name=NetR6.1_2
Change Net Name : Old Net Name=NetR6_Stepper_voltage_A_2_2 New Net Name=NetR6.2_2
Change Net Name : Old Net Name=NetR6_Stepper_voltage_B_1_2 New Net Name=NetR6.3_2
Change Net Name : Old Net Name=NetR6_Stepper_voltage_B_2_2 New Net Name=NetR6.4_2
