Removed Pin From Net: NetName=NetJ1_8 Pin=J4-1
Removed Pin From Net: NetName=VCC Pin=J5-1
Removed Pin From Net: NetName=NetJ1_4 Pin=J6-1
Removed Pin From Net: NetName=NetJ1_2 Pin=J7-1
Removed Member From Class: ClassName=main Member=J4
Removed Member From Class: ClassName=main Member=J5
Removed Member From Class: ClassName=main Member=J6
Removed Member From Class: ClassName=main Member=J7
Added Component: Designator=J?(3128100150000080)
Add component (AddParameter): Name = "Arrow Part Number"; Value = "3128-1-00-15-00-00-08-0"; VariantName = "[No Variations]"
Add component (AddParameter): Name = "Arrow Price/Stock"; Value = "https://www.arrow.com/en/products/3128-1-00-15-00-00-08-0/mill-max"; VariantName = "[No Variations]"
Add component (AddParameter): Name = "Datasheet Link"; Value = "https://www.mill-max.com/assets/pdfs/208.pdf"; VariantName = "[No Variations]"
Add component (AddParameter): Name = "Height"; Value = "3.048mm"; VariantName = "[No Variations]"
Add component (AddParameter): Name = "Manufacturer_Name"; Value = "Mill-Max"; VariantName = "[No Variations]"
Add component (AddParameter): Name = "Manufacturer_Part_Number"; Value = "3128-1-00-15-00-00-08-0"; VariantName = "[No Variations]"
Add component (AddParameter): Name = "Mouser Part Number"; Value = "575-3128100150000"; VariantName = "[No Variations]"
Add component (AddParameter): Name = "Mouser Price/Stock"; Value = "https://www.mouser.co.uk/ProductDetail/Mill-Max/3128-1-00-15-00-00-08-0?qs=1wcGhl1mtLMqyixUAAvEZw%3D%3D"; VariantName = "[No Variations]"
Added Component: Designator=J?(3128100150000080)
Add component (AddParameter): Name = "Arrow Part Number"; Value = "3128-1-00-15-00-00-08-0"; VariantName = "[No Variations]"
Add component (AddParameter): Name = "Arrow Price/Stock"; Value = "https://www.arrow.com/en/products/3128-1-00-15-00-00-08-0/mill-max"; VariantName = "[No Variations]"
Add component (AddParameter): Name = "Datasheet Link"; Value = "https://www.mill-max.com/assets/pdfs/208.pdf"; VariantName = "[No Variations]"
Add component (AddParameter): Name = "Height"; Value = "3.048mm"; VariantName = "[No Variations]"
Add component (AddParameter): Name = "Manufacturer_Name"; Value = "Mill-Max"; VariantName = "[No Variations]"
Add component (AddParameter): Name = "Manufacturer_Part_Number"; Value = "3128-1-00-15-00-00-08-0"; VariantName = "[No Variations]"
Add component (AddParameter): Name = "Mouser Part Number"; Value = "575-3128100150000"; VariantName = "[No Variations]"
Add component (AddParameter): Name = "Mouser Price/Stock"; Value = "https://www.mouser.co.uk/ProductDetail/Mill-Max/3128-1-00-15-00-00-08-0?qs=1wcGhl1mtLMqyixUAAvEZw%3D%3D"; VariantName = "[No Variations]"
Added Component: Designator=J?(3128100150000080)
Add component (AddParameter): Name = "Arrow Part Number"; Value = "3128-1-00-15-00-00-08-0"; VariantName = "[No Variations]"
Add component (AddParameter): Name = "Arrow Price/Stock"; Value = "https://www.arrow.com/en/products/3128-1-00-15-00-00-08-0/mill-max"; VariantName = "[No Variations]"
Add component (AddParameter): Name = "Datasheet Link"; Value = "https://www.mill-max.com/assets/pdfs/208.pdf"; VariantName = "[No Variations]"
Add component (AddParameter): Name = "Height"; Value = "3.048mm"; VariantName = "[No Variations]"
Add component (AddParameter): Name = "Manufacturer_Name"; Value = "Mill-Max"; VariantName = "[No Variations]"
Add component (AddParameter): Name = "Manufacturer_Part_Number"; Value = "3128-1-00-15-00-00-08-0"; VariantName = "[No Variations]"
Add component (AddParameter): Name = "Mouser Part Number"; Value = "575-3128100150000"; VariantName = "[No Variations]"
Add component (AddParameter): Name = "Mouser Price/Stock"; Value = "https://www.mouser.co.uk/ProductDetail/Mill-Max/3128-1-00-15-00-00-08-0?qs=1wcGhl1mtLMqyixUAAvEZw%3D%3D"; VariantName = "[No Variations]"
Added Component: Designator=J?(3128100150000080)
Add component (AddParameter): Name = "Arrow Part Number"; Value = "3128-1-00-15-00-00-08-0"; VariantName = "[No Variations]"
Add component (AddParameter): Name = "Arrow Price/Stock"; Value = "https://www.arrow.com/en/products/3128-1-00-15-00-00-08-0/mill-max"; VariantName = "[No Variations]"
Add component (AddParameter): Name = "Datasheet Link"; Value = "https://www.mill-max.com/assets/pdfs/208.pdf"; VariantName = "[No Variations]"
Add component (AddParameter): Name = "Height"; Value = "3.048mm"; VariantName = "[No Variations]"
Add component (AddParameter): Name = "Manufacturer_Name"; Value = "Mill-Max"; VariantName = "[No Variations]"
Add component (AddParameter): Name = "Manufacturer_Part_Number"; Value = "3128-1-00-15-00-00-08-0"; VariantName = "[No Variations]"
Add component (AddParameter): Name = "Mouser Part Number"; Value = "575-3128100150000"; VariantName = "[No Variations]"
Add component (AddParameter): Name = "Mouser Price/Stock"; Value = "https://www.mouser.co.uk/ProductDetail/Mill-Max/3128-1-00-15-00-00-08-0?qs=1wcGhl1mtLMqyixUAAvEZw%3D%3D"; VariantName = "[No Variations]"
Added Pin To Net: NetName=NetJ1_2 Pin=J?-1
Added Pin To Net: NetName=NetJ1_4 Pin=J?-1
Added Pin To Net: NetName=NetJ1_6 Pin=J?-1
Added Pin To Net: NetName=NetJ1_8 Pin=J?-1
Added Member To Class: ClassName=main Member=Component J? 3128-1-00-15-00-00-08-0
Added Member To Class: ClassName=main Member=Component J? 3128-1-00-15-00-00-08-0
Added Member To Class: ClassName=main Member=Component J? 3128-1-00-15-00-00-08-0
Added Member To Class: ClassName=main Member=Component J? 3128-1-00-15-00-00-08-0
