Change Component Physical Designator: Old Designator=C5_Stepper_voltage_A_1 New Designator=C5.1
Change Component Physical Designator: Old Designator=C5_Stepper_voltage_A_2 New Designator=C5.2
Change Component Physical Designator: Old Designator=C5_Stepper_voltage_B_1 New Designator=C5.3
Change Component Physical Designator: Old Designator=C5_Stepper_voltage_B_2 New Designator=C5.4
Change Component Physical Designator: Old Designator=D1_Stepper_voltage_A_1 New Designator=D1.1
Change Component Physical Designator: Old Designator=D1_Stepper_voltage_A_2 New Designator=D1.2
Change Component Physical Designator: Old Designator=D1_Stepper_voltage_B_1 New Designator=D1.3
Change Component Physical Designator: Old Designator=D1_Stepper_voltage_B_2 New Designator=D1.4
Change Component Physical Designator: Old Designator=R4_Stepper_voltage_A_1 New Designator=R4.1
Change Component Physical Designator: Old Designator=R4_Stepper_voltage_A_2 New Designator=R4.2
Change Component Physical Designator: Old Designator=R4_Stepper_voltage_B_1 New Designator=R4.3
Change Component Physical Designator: Old Designator=R4_Stepper_voltage_B_2 New Designator=R4.4
Change Component Physical Designator: Old Designator=R5_Stepper_voltage_A_1 New Designator=R5.1
Change Component Physical Designator: Old Designator=R5_Stepper_voltage_A_2 New Designator=R5.2
Change Component Physical Designator: Old Designator=R5_Stepper_voltage_B_1 New Designator=R5.3
Change Component Physical Designator: Old Designator=R5_Stepper_voltage_B_2 New Designator=R5.4
Change Component Physical Designator: Old Designator=R6_Stepper_voltage_A_1 New Designator=R6.1
Change Component Physical Designator: Old Designator=R6_Stepper_voltage_A_2 New Designator=R6.2
Change Component Physical Designator: Old Designator=R6_Stepper_voltage_B_1 New Designator=R6.3
Change Component Physical Designator: Old Designator=R6_Stepper_voltage_B_2 New Designator=R6.4
Change Component Physical Designator: Old Designator=R7_Stepper_voltage_A_1 New Designator=R7.1
Change Component Physical Designator: Old Designator=R7_Stepper_voltage_A_2 New Designator=R7.2
Change Component Physical Designator: Old Designator=R7_Stepper_voltage_B_1 New Designator=R7.3
Change Component Physical Designator: Old Designator=R7_Stepper_voltage_B_2 New Designator=R7.4
