Change Component Physical Designator: Old Designator=C1_Stepper_voltage_A_1 New Designator=C1.1
Change Component Physical Designator: Old Designator=C1_Stepper_voltage_A_2 New Designator=C1.2
Change Component Physical Designator: Old Designator=C1_Stepper_voltage_B_1 New Designator=C1.3
Change Component Physical Designator: Old Designator=C1_Stepper_voltage_B_2 New Designator=C1.4
Change Component Physical Designator: Old Designator=C2_Stepper_voltage_A_1 New Designator=C2.1
Change Component Physical Designator: Old Designator=C2_Stepper_voltage_A_2 New Designator=C2.2
Change Component Physical Designator: Old Designator=C2_Stepper_voltage_B_1 New Designator=C2.3
Change Component Physical Designator: Old Designator=C2_Stepper_voltage_B_2 New Designator=C2.4
Change Component Physical Designator: Old Designator=C3_Stepper_voltage_A_1 New Designator=C3.1
Change Component Physical Designator: Old Designator=C3_Stepper_voltage_A_2 New Designator=C3.2
Change Component Physical Designator: Old Designator=C3_Stepper_voltage_B_1 New Designator=C3.3
Change Component Physical Designator: Old Designator=C3_Stepper_voltage_B_2 New Designator=C3.4
Change Component Physical Designator: Old Designator=R1_Stepper_voltage_A_1 New Designator=R1.1
Change Component Physical Designator: Old Designator=R1_Stepper_voltage_A_2 New Designator=R1.2
Change Component Physical Designator: Old Designator=R1_Stepper_voltage_B_1 New Designator=R1.3
Change Component Physical Designator: Old Designator=R1_Stepper_voltage_B_2 New Designator=R1.4
Change Component Physical Designator: Old Designator=R2_Stepper_voltage_A_1 New Designator=R2.1
Change Component Physical Designator: Old Designator=R2_Stepper_voltage_A_2 New Designator=R2.2
Change Component Physical Designator: Old Designator=R2_Stepper_voltage_B_1 New Designator=R2.3
Change Component Physical Designator: Old Designator=R2_Stepper_voltage_B_2 New Designator=R2.4
Change Component Physical Designator: Old Designator=U1_Stepper_voltage_A_1 New Designator=U1.1
Change Component Physical Designator: Old Designator=U1_Stepper_voltage_A_2 New Designator=U1.2
Change Component Physical Designator: Old Designator=U1_Stepper_voltage_B_1 New Designator=U1.3
Change Component Physical Designator: Old Designator=U1_Stepper_voltage_B_2 New Designator=U1.4
