Change Component Physical Designator: Old Designator=C6_Stepper_voltage_A_1 New Designator=C6.1
Change Component Physical Designator: Old Designator=C6_Stepper_voltage_A_2 New Designator=C6.2
Change Component Physical Designator: Old Designator=C6_Stepper_voltage_B_1 New Designator=C6.3
Change Component Physical Designator: Old Designator=C6_Stepper_voltage_B_2 New Designator=C6.4
Change Component Physical Designator: Old Designator=C7_Stepper_voltage_A_1 New Designator=C7.1
Change Component Physical Designator: Old Designator=C7_Stepper_voltage_A_2 New Designator=C7.2
Change Component Physical Designator: Old Designator=C7_Stepper_voltage_B_1 New Designator=C7.3
Change Component Physical Designator: Old Designator=C7_Stepper_voltage_B_2 New Designator=C7.4
Change Component Physical Designator: Old Designator=D3_Stepper_voltage_A_1 New Designator=D3.1
Change Component Physical Designator: Old Designator=D3_Stepper_voltage_A_2 New Designator=D3.2
Change Component Physical Designator: Old Designator=D3_Stepper_voltage_B_1 New Designator=D3.3
Change Component Physical Designator: Old Designator=D3_Stepper_voltage_B_2 New Designator=D3.4
Change Component Physical Designator: Old Designator=J10_Stepper_voltage_A_1 New Designator=J10.1
Change Component Physical Designator: Old Designator=J10_Stepper_voltage_A_2 New Designator=J10.2
Change Component Physical Designator: Old Designator=J10_Stepper_voltage_B_1 New Designator=J10.3
Change Component Physical Designator: Old Designator=J10_Stepper_voltage_B_2 New Designator=J10.4
Change Component Physical Designator: Old Designator=R10_Stepper_voltage_A_1 New Designator=R10.1
Change Component Physical Designator: Old Designator=R10_Stepper_voltage_A_2 New Designator=R10.2
Change Component Physical Designator: Old Designator=R10_Stepper_voltage_B_1 New Designator=R10.3
Change Component Physical Designator: Old Designator=R10_Stepper_voltage_B_2 New Designator=R10.4
Change Component Physical Designator: Old Designator=R11_Stepper_voltage_A_1 New Designator=R11.1
Change Component Physical Designator: Old Designator=R11_Stepper_voltage_A_2 New Designator=R11.2
Change Component Physical Designator: Old Designator=R11_Stepper_voltage_B_1 New Designator=R11.3
Change Component Physical Designator: Old Designator=R11_Stepper_voltage_B_2 New Designator=R11.4
Change Component Physical Designator: Old Designator=R13_Stepper_voltage_A_1 New Designator=R13.1
Change Component Physical Designator: Old Designator=R13_Stepper_voltage_A_2 New Designator=R13.2
Change Component Physical Designator: Old Designator=R13_Stepper_voltage_B_1 New Designator=R13.3
Change Component Physical Designator: Old Designator=R13_Stepper_voltage_B_2 New Designator=R13.4
Change Component Physical Designator: Old Designator=R14_Stepper_voltage_A_1 New Designator=R14.1
Change Component Physical Designator: Old Designator=R14_Stepper_voltage_A_2 New Designator=R14.2
Change Component Physical Designator: Old Designator=R14_Stepper_voltage_B_1 New Designator=R14.3
Change Component Physical Designator: Old Designator=R14_Stepper_voltage_B_2 New Designator=R14.4
Change Component Physical Designator: Old Designator=R15_Stepper_voltage_A_1 New Designator=R15.1
Change Component Physical Designator: Old Designator=R15_Stepper_voltage_A_2 New Designator=R15.2
Change Component Physical Designator: Old Designator=R15_Stepper_voltage_B_1 New Designator=R15.3
Change Component Physical Designator: Old Designator=R15_Stepper_voltage_B_2 New Designator=R15.4
Change Component Physical Designator: Old Designator=R16_Stepper_voltage_A_1 New Designator=R16.1
Change Component Physical Designator: Old Designator=R16_Stepper_voltage_A_2 New Designator=R16.2
Change Component Physical Designator: Old Designator=R16_Stepper_voltage_B_1 New Designator=R16.3
Change Component Physical Designator: Old Designator=R16_Stepper_voltage_B_2 New Designator=R16.4
Change Component Physical Designator: Old Designator=R17_Stepper_voltage_A_1 New Designator=R17.1
Change Component Physical Designator: Old Designator=R17_Stepper_voltage_A_2 New Designator=R17.2
Change Component Physical Designator: Old Designator=R17_Stepper_voltage_B_1 New Designator=R17.3
Change Component Physical Designator: Old Designator=R17_Stepper_voltage_B_2 New Designator=R17.4
Change Component Physical Designator: Old Designator=U3_Stepper_voltage_A_1 New Designator=U3.1
Change Component Physical Designator: Old Designator=U3_Stepper_voltage_A_2 New Designator=U3.2
Change Component Physical Designator: Old Designator=U3_Stepper_voltage_B_1 New Designator=U3.3
Change Component Physical Designator: Old Designator=U3_Stepper_voltage_B_2 New Designator=U3.4
